<?xml version="1.0" encoding="utf-8"?>
<testsuite failures="1" name="log_request_num_lines" skipped="0" tests="1" time="53.43" timestamp="2022-05-25T12:41:35">
	<testcase classname="LogRequestVerifyNumberOfLines" name="log_request_num_lines">
		<failure message="BLOCKED: Exception: retry" type="BLOCKED"/>
		<system-out>12:40:42 INFO  ==============================================================
12:40:42 INFO  Id:    log_request_num_lines
12:40:42 INFO  Dir:   log_request_end_to_end/
12:40:42 INFO  Title: Validate end to end behaviour for the log request operation check for number of lines
12:40:42 INFO  ==============================================================
12:40:42 INFO  EnvironmentC8y Setup
12:40:42 INFO  Executed systemctl&lt;serv_mapper1&gt;, exit status 3
12:40:42 INFO  Restarting mosquitto too frequently in the last 10 seconds. It was only up for 5 seconds
12:40:42 INFO  Delaying execution by 6 seconds
12:41:02 INFO  Executed sudo&lt;tedge_connect_c8y&gt;, exit status 0, duration 14 secs
12:41:03 INFO  Executed sudo&lt;tedge_connect_c8y_test&gt;, exit status 0
12:41:04 INFO  Executed systemctl&lt;serv_mosq2&gt;, exit status 0
12:41:04 INFO  Executed systemctl&lt;serv_mapper3&gt;, exit status 0
12:41:05 INFO  Executed sudo&lt;rm_logs&gt;, exit status 0
12:41:05 INFO  Executed sudo&lt;move_logs&gt;, exit status 0
12:41:06 INFO  log response None
12:41:06 WARN  retry, retrying in 1 seconds...
12:41:07 INFO  log response None
12:41:07 WARN  retry, retrying in 1 seconds...
12:41:08 INFO  log response None
12:41:08 WARN  retry, retrying in 1 seconds...
12:41:09 INFO  log response None
12:41:09 WARN  retry, retrying in 1 seconds...
12:41:10 INFO  log response None
12:41:10 WARN  retry, retrying in 1 seconds...
12:41:12 INFO  log response None
12:41:12 WARN  retry, retrying in 1 seconds...
12:41:13 INFO  log response None
12:41:13 WARN  retry, retrying in 1 seconds...
12:41:14 INFO  log response None
12:41:14 WARN  retry, retrying in 1 seconds...
12:41:15 INFO  log response None
12:41:15 WARN  retry, retrying in 1 seconds...
12:41:17 INFO  log response None
12:41:17 WARN  retry, retrying in 1 seconds...
12:41:18 INFO  log response None
12:41:18 WARN  retry, retrying in 1 seconds...
12:41:19 INFO  log response None
12:41:19 WARN  retry, retrying in 1 seconds...
12:41:20 INFO  log response None
12:41:20 WARN  retry, retrying in 1 seconds...
12:41:21 INFO  log response None
12:41:21 WARN  retry, retrying in 1 seconds...
12:41:23 INFO  log response None
12:41:23 WARN  retry, retrying in 1 seconds...
12:41:24 INFO  log response None
12:41:24 WARN  retry, retrying in 1 seconds...
12:41:25 INFO  log response None
12:41:25 WARN  retry, retrying in 1 seconds...
12:41:26 INFO  log response None
12:41:26 WARN  retry, retrying in 1 seconds...
12:41:28 INFO  log response None
12:41:28 WARN  retry, retrying in 1 seconds...
12:41:29 INFO  log response None
12:41:29 WARN  Exception occurred while running test - retry
Traceback (most recent call last):
  File &quot;/home/pi/env-pysys/lib/python3.7/site-packages/pysys/baserunner.py&quot;, line 1296, in __call__
    self.testObj.validate()
  File &quot;/home/pi/actions-runner/_work/thin-edge.io/thin-edge.io/tests/PySys/log_request_end_to_end/log_request_num_lines/run.py&quot;, line 44, in validate
    self.assertThat(&quot;True == value&quot;, value=self.wait_until_logs_retrieved())
  File &quot;/home/pi/env-pysys/lib/python3.7/site-packages/decorator.py&quot;, line 232, in fun
    return caller(func, *(extras + args), **kw)
  File &quot;/home/pi/env-pysys/lib/python3.7/site-packages/retry/api.py&quot;, line 74, in retry_decorator
    logger)
  File &quot;/home/pi/env-pysys/lib/python3.7/site-packages/retry/api.py&quot;, line 33, in __retry_internal
    return f()
  File &quot;/home/pi/actions-runner/_work/thin-edge.io/thin-edge.io/tests/PySys/log_request_end_to_end/log_request_num_lines/run.py&quot;, line 52, in wait_until_logs_retrieved
    raise Exception(&quot;retry&quot;)
Exception: retry
12:41:29 WARN  Exception: retry ... blocked 
12:41:29 INFO  
12:41:29 INFO  cleanup:
12:41:29 INFO  Executed sudo&lt;rm_logs&gt;, exit status 0
12:41:30 INFO  Executed sudo&lt;rm_tmp_logs&gt;, exit status 0
12:41:30 INFO  Executed sudo&lt;send_failed&gt;, exit status 0
12:41:34 INFO  Executed sudo&lt;tedge_disconnect_c8y&gt;, exit status 0
12:41:35 INFO  Executed systemctl&lt;serv_mapper5&gt;, exit status 3
12:41:35 INFO  
12:41:35 INFO  Test duration: 53.43 secs
12:41:35 INFO  Test final outcome:  BLOCKED
12:41:35 INFO  Test outcome reason: Exception: retry
12:41:35 INFO  
</system-out>
	</testcase>
</testsuite>
