<?xml version="1.0" encoding="utf-8"?>
<testsuite failures="0" name="docker_plugin_remove_with_version" skipped="1" tests="1" time="0.02" timestamp="2022-05-25T10:52:11">
	<testcase classname="DockerPluginRemoveWithVersionTest" name="docker_plugin_remove_with_version">
		<skipped message="SKIPPED: Testing the docker plugin is not supported on this platform.To run it, all the test with -XmyPlatform='container'"/>
		<system-out>10:52:11 INFO  ==============================================================
10:52:11 INFO  Id:    docker_plugin_remove_with_version
10:52:11 INFO  Dir:   plugin_docker/
10:52:11 INFO  Title: Validate docker plugin remove with version
10:52:11 INFO  ==============================================================
10:52:11 INFO  Testing the docker plugin is not supported on this platform.To run it, all the test with -XmyPlatform='container' ... skipped
10:52:11 WARN  Aborted test due to SKIPPED outcome
10:52:11 INFO  
10:52:11 INFO  Test duration: 0.02 secs
10:52:11 INFO  Test final outcome:  SKIPPED
10:52:11 INFO  Test outcome reason: Testing the docker plugin is not supported on this platform.To run it, all the test with -XmyPlatform='container'
10:52:11 INFO  
</system-out>
	</testcase>
</testsuite>
