<?xml version="1.0" encoding="utf-8"?>
<testsuite failures="1" name="mapper_awaits_before_reconnect" skipped="0" tests="1" time="9.06" timestamp="2022-07-25T12:01:35">
	<testcase classname="MapperReconnectAwait" name="mapper_awaits_before_reconnect">
		<failure message="FAILED: Line count on tedge_mapper_journal.out for &quot;tedge_mapper::core::mapper: MQTT connection error:&quot; expected &gt;=2 but got 0" type="FAILED"/>
		<system-out>12:01:26 INFO  ==============================================================
12:01:26 INFO  Id:    mapper_awaits_before_reconnect
12:01:26 INFO  Dir:   tedge_mapper_c8y/
12:01:26 INFO  Title: Validate mapper doesn't reconnect too often
12:01:26 INFO  ==============================================================
12:01:26 INFO  Started mosquitto_sub with process id 7200
12:01:26 INFO  Waiting for 0.1 seconds
12:01:26 INFO  Executed sudo&lt;tedge_mapper&gt;, exit status 0
12:01:26 INFO  Waiting for 5.0 seconds
12:01:32 INFO  Executed sudo&lt;tedge_mapper&gt;, exit status 0
12:01:35 INFO  Executed sudo&lt;tedge_mapper_journal&gt;, exit status 0
12:01:35 WARN  Grep on tedge_mapper_journal.out contains &quot;ERROR&quot; ... failed [run.py:67]
12:01:35 INFO  Line count on file tedge_mapper_journal.out ... passed
12:01:35 WARN  Line count on tedge_mapper_journal.out for &quot;tedge_mapper::core::mapper: MQTT connection error:&quot; expected &gt;=2 but got 0 ... failed [run.py:78]
12:01:35 WARN  Aborted test due to FAILED outcome
12:01:35 INFO  
12:01:35 INFO  Test duration: 9.06 secs
12:01:35 INFO  Test final outcome:  FAILED
12:01:35 INFO  Test outcome reason: Line count on tedge_mapper_journal.out for &quot;tedge_mapper::core::mapper: MQTT connection error:&quot; expected &gt;=2 but got 0
12:01:35 INFO  
</system-out>
	</testcase>
</testsuite>
