<?xml version="1.0" encoding="utf-8"?>
<testsuite failures="1" name="mapper_awaits_before_reconnect" skipped="0" tests="1" time="9.02" timestamp="2022-07-21T18:37:29">
	<testcase classname="MapperReconnectAwait" name="mapper_awaits_before_reconnect">
		<failure message="FAILED: Line count on tedge_mapper_journal.out for &quot;tedge_mapper::core::mapper: MQTT connection error:&quot; expected &gt;=2 but got 0" type="FAILED"/>
		<system-out>18:37:20 INFO  ==============================================================
18:37:20 INFO  Id:    mapper_awaits_before_reconnect
18:37:20 INFO  Dir:   tedge_mapper_c8y/
18:37:20 INFO  Title: Validate mapper doesn't reconnect too often
18:37:20 INFO  ==============================================================
18:37:20 INFO  Started mosquitto_sub with process id 15964
18:37:20 INFO  Waiting for 0.1 seconds
18:37:21 INFO  Executed sudo&lt;tedge_mapper&gt;, exit status 0
18:37:21 INFO  Waiting for 5.0 seconds
18:37:26 INFO  Executed sudo&lt;tedge_mapper&gt;, exit status 0
18:37:29 INFO  Executed sudo&lt;tedge_mapper_journal&gt;, exit status 0
18:37:29 WARN  Grep on tedge_mapper_journal.out contains &quot;ERROR&quot; ... failed [run.py:67]
18:37:29 INFO  Line count on file tedge_mapper_journal.out ... passed
18:37:29 WARN  Line count on tedge_mapper_journal.out for &quot;tedge_mapper::core::mapper: MQTT connection error:&quot; expected &gt;=2 but got 0 ... failed [run.py:78]
18:37:29 WARN  Aborted test due to FAILED outcome
18:37:29 INFO  
18:37:29 INFO  Test duration: 9.02 secs
18:37:29 INFO  Test final outcome:  FAILED
18:37:29 INFO  Test outcome reason: Line count on tedge_mapper_journal.out for &quot;tedge_mapper::core::mapper: MQTT connection error:&quot; expected &gt;=2 but got 0
18:37:29 INFO  
</system-out>
	</testcase>
</testsuite>
