<?xml version="1.0" encoding="utf-8"?>
<testsuite failures="1" name="monitoring_smaller_interval" skipped="0" tests="1" time="15.02" timestamp="2022-07-16T17:16:09">
	<testcase classname="MonitoringSmallInterval" name="monitoring_smaller_interval">
		<failure message="BLOCKED: TypeError: 'int' object is not subscriptable" type="BLOCKED"/>
		<system-out>17:15:54 INFO  ==============================================================
17:15:54 INFO  Id:    monitoring_smaller_interval
17:15:54 INFO  Dir:   monitoring/
17:15:54 INFO  Title: Validate the tedge dm agent messages that are produced with smaller sampling interval than the batching window. Here the simulated collectd messages are used
17:15:54 INFO  ==============================================================
17:15:55 INFO  Executed sudo&lt;collectd&gt;, exit status 0
17:15:56 INFO  Executed sudo&lt;collectd_mapper&gt;, exit status 0
17:15:56 INFO  Started sudo&lt;tedge_sub&gt; with process id 31876
17:15:56 INFO  Executed sudo&lt;tedge_temp&gt;, exit status 0
17:15:57 INFO  Executed sudo&lt;tedge_pres&gt;, exit status 0
17:15:58 INFO  Executed sudo&lt;tedge_temp&gt;, exit status 0
17:15:58 INFO  Executed sudo&lt;tedge_pres&gt;, exit status 0
17:15:59 INFO  Executed sudo&lt;tedge_temp&gt;, exit status 0
17:15:59 INFO  Executed sudo&lt;tedge_pres&gt;, exit status 0
17:16:00 INFO  Executed sudo&lt;tedge_temp&gt;, exit status 0
17:16:00 INFO  Executed sudo&lt;tedge_pres&gt;, exit status 0
17:16:01 INFO  Executed sudo&lt;tedge_temp&gt;, exit status 0
17:16:02 INFO  Executed sudo&lt;tedge_pres&gt;, exit status 0
17:16:02 INFO  Executed sudo&lt;tedge_temp&gt;, exit status 0
17:16:03 INFO  Executed sudo&lt;tedge_pres&gt;, exit status 0
17:16:03 INFO  Executed sudo&lt;tedge_temp&gt;, exit status 0
17:16:04 INFO  Executed sudo&lt;tedge_pres&gt;, exit status 0
17:16:04 INFO  Executed sudo&lt;tedge_temp&gt;, exit status 0
17:16:05 INFO  Executed sudo&lt;tedge_pres&gt;, exit status 0
17:16:06 INFO  Executed sudo&lt;tedge_temp&gt;, exit status 0
17:16:06 INFO  Executed sudo&lt;tedge_pres&gt;, exit status 0
17:16:07 INFO  Executed sudo&lt;tedge_temp&gt;, exit status 0
17:16:07 INFO  Executed sudo&lt;tedge_pres&gt;, exit status 0
17:16:09 INFO  Executed sudo&lt;kill_out&gt;, exit status 0
17:16:09 INFO  0

17:16:09 WARN  TypeError occurred while running test - 'int' object is not subscriptable
Traceback (most recent call last):
  File &quot;/home/pi/env-pysys/lib/python3.7/site-packages/pysys/baserunner.py&quot;, line 1296, in __call__
    self.testObj.validate()
  File &quot;/home/pi/actions-runner/_work/thin-edge.io/thin-edge.io/tests/PySys/monitoring/monitoring_smaller_interval/run.py&quot;, line 104, in validate
    collectd_msg_validation_result=self.validate_json(),
  File &quot;/home/pi/actions-runner/_work/thin-edge.io/thin-edge.io/tests/PySys/monitoring/monitoring_smaller_interval/run.py&quot;, line 114, in validate_json
    if not self.validate_time():
  File &quot;/home/pi/actions-runner/_work/thin-edge.io/thin-edge.io/tests/PySys/monitoring/monitoring_smaller_interval/run.py&quot;, line 134, in validate_time
    if self.js_msg[&quot;time&quot;]:
TypeError: 'int' object is not subscriptable
17:16:09 WARN  TypeError: 'int' object is not subscriptable ... blocked 
17:16:09 INFO  
17:16:09 INFO  cleanup:
17:16:09 INFO  monitoring_cleanup
17:16:09 INFO  Executed sudo&lt;collectd_mapper&gt;, exit status 0
17:16:09 INFO  
17:16:09 INFO  Test duration: 15.02 secs
17:16:09 INFO  Test final outcome:  BLOCKED
17:16:09 INFO  Test outcome reason: TypeError: 'int' object is not subscriptable
17:16:09 INFO  
</system-out>
	</testcase>
</testsuite>
