<?xml version="1.0" encoding="utf-8"?>
<testsuite failures="1" name="monitoring_smaller_interval" skipped="0" tests="1" time="14.88" timestamp="2022-07-22T03:50:59">
	<testcase classname="MonitoringSmallInterval" name="monitoring_smaller_interval">
		<failure message="BLOCKED: TypeError: 'int' object is not subscriptable" type="BLOCKED"/>
		<system-out>03:50:44 INFO  ==============================================================
03:50:44 INFO  Id:    monitoring_smaller_interval
03:50:44 INFO  Dir:   monitoring/
03:50:44 INFO  Title: Validate the tedge dm agent messages that are produced with smaller sampling interval than the batching window. Here the simulated collectd messages are used
03:50:44 INFO  ==============================================================
03:50:45 INFO  Executed sudo&lt;collectd&gt;, exit status 0
03:50:45 INFO  Executed sudo&lt;collectd_mapper&gt;, exit status 0
03:50:45 INFO  Started sudo&lt;tedge_sub&gt; with process id 6256
03:50:46 INFO  Executed sudo&lt;tedge_temp&gt;, exit status 0
03:50:47 INFO  Executed sudo&lt;tedge_pres&gt;, exit status 0
03:50:47 INFO  Executed sudo&lt;tedge_temp&gt;, exit status 0
03:50:48 INFO  Executed sudo&lt;tedge_pres&gt;, exit status 0
03:50:48 INFO  Executed sudo&lt;tedge_temp&gt;, exit status 0
03:50:49 INFO  Executed sudo&lt;tedge_pres&gt;, exit status 0
03:50:49 INFO  Executed sudo&lt;tedge_temp&gt;, exit status 0
03:50:50 INFO  Executed sudo&lt;tedge_pres&gt;, exit status 0
03:50:51 INFO  Executed sudo&lt;tedge_temp&gt;, exit status 0
03:50:51 INFO  Executed sudo&lt;tedge_pres&gt;, exit status 0
03:50:52 INFO  Executed sudo&lt;tedge_temp&gt;, exit status 0
03:50:52 INFO  Executed sudo&lt;tedge_pres&gt;, exit status 0
03:50:53 INFO  Executed sudo&lt;tedge_temp&gt;, exit status 0
03:50:53 INFO  Executed sudo&lt;tedge_pres&gt;, exit status 0
03:50:54 INFO  Executed sudo&lt;tedge_temp&gt;, exit status 0
03:50:55 INFO  Executed sudo&lt;tedge_pres&gt;, exit status 0
03:50:55 INFO  Executed sudo&lt;tedge_temp&gt;, exit status 0
03:50:56 INFO  Executed sudo&lt;tedge_pres&gt;, exit status 0
03:50:56 INFO  Executed sudo&lt;tedge_temp&gt;, exit status 0
03:50:57 INFO  Executed sudo&lt;tedge_pres&gt;, exit status 0
03:50:58 INFO  Executed sudo&lt;kill_out&gt;, exit status 0
03:50:58 INFO  0

03:50:58 WARN  TypeError occurred while running test - 'int' object is not subscriptable
Traceback (most recent call last):
  File &quot;/home/pi/env-pysys/lib/python3.7/site-packages/pysys/baserunner.py&quot;, line 1296, in __call__
    self.testObj.validate()
  File &quot;/home/pi/actions-runner/_work/thin-edge.io/thin-edge.io/tests/PySys/monitoring/monitoring_smaller_interval/run.py&quot;, line 104, in validate
    collectd_msg_validation_result=self.validate_json(),
  File &quot;/home/pi/actions-runner/_work/thin-edge.io/thin-edge.io/tests/PySys/monitoring/monitoring_smaller_interval/run.py&quot;, line 114, in validate_json
    if not self.validate_time():
  File &quot;/home/pi/actions-runner/_work/thin-edge.io/thin-edge.io/tests/PySys/monitoring/monitoring_smaller_interval/run.py&quot;, line 134, in validate_time
    if self.js_msg[&quot;time&quot;]:
TypeError: 'int' object is not subscriptable
03:50:58 WARN  TypeError: 'int' object is not subscriptable ... blocked 
03:50:58 INFO  
03:50:58 INFO  cleanup:
03:50:58 INFO  monitoring_cleanup
03:50:59 INFO  Executed sudo&lt;collectd_mapper&gt;, exit status 0
03:50:59 INFO  
03:50:59 INFO  Test duration: 14.88 secs
03:50:59 INFO  Test final outcome:  BLOCKED
03:50:59 INFO  Test outcome reason: TypeError: 'int' object is not subscriptable
03:50:59 INFO  
</system-out>
	</testcase>
</testsuite>
