<?xml version="1.0" encoding="utf-8"?>
<testsuite failures="1" name="call_tedge_-h_-V" skipped="0" tests="1" time="0.48" timestamp="2022-06-22T17:29:02">
	<testcase classname="PySysTest" name="call_tedge_-h_-V">
		<failure message="FAILED: Grep on tedge.out contains &quot;tedge 0.6&quot;" type="FAILED"/>
		<system-out>17:29:01 INFO  ==============================================================
17:29:01 INFO  Id:    call_tedge_-h_-V
17:29:01 INFO  Dir:   tedge/
17:29:01 INFO  Title: Validate command line option -h -V
17:29:01 INFO  ==============================================================
17:29:02 INFO  Executed tedge, exit status 0
17:29:02 WARN  Grep on tedge.out contains &quot;tedge 0.6&quot; ... failed [run.py:32]
17:29:02 INFO  Grep on file tedge.out ... passed
17:29:02 INFO  
17:29:02 INFO  Test duration: 0.48 secs
17:29:02 INFO  Test final outcome:  FAILED
17:29:02 INFO  Test outcome reason: Grep on tedge.out contains &quot;tedge 0.6&quot;
17:29:02 INFO  
</system-out>
	</testcase>
</testsuite>
