<?xml version="1.0" encoding="utf-8"?>
<testsuite failures="0" name="smoketest_smartrest" skipped="0" tests="1" time="48.34" timestamp="2022-07-22T00:23:41">
	<testcase classname="SmoketestSmartRest" name="smoketest_smartrest"/>
</testsuite>
