<?xml version="1.0" encoding="utf-8"?>
<testsuite failures="0" name="apt_fail_noarg" skipped="1" tests="1" time="0.1" timestamp="2022-07-15T07:40:16">
	<testcase classname="AptPluginFailNoArg" name="apt_fail_noarg">
		<skipped message="SKIPPED: Testing the apt plugin is not supported on this platform.To run the tests call PySys with -XmyPlatform='container'"/>
		<system-out>07:40:16 INFO  ==============================================================
07:40:16 INFO  Id:    apt_fail_noarg
07:40:16 INFO  Dir:   plugin_apt/
07:40:16 INFO  Title: Validate apt plugin fetures(prepare, list, install, remove finalize) without arguments
07:40:16 INFO  ==============================================================
07:40:16 INFO  Testing the apt plugin is not supported on this platform.To run the tests call PySys with -XmyPlatform='container' ... skipped
07:40:16 WARN  Aborted test due to SKIPPED outcome
07:40:16 INFO  
07:40:16 INFO  Test duration: 0.10 secs
07:40:16 INFO  Test final outcome:  SKIPPED
07:40:16 INFO  Test outcome reason: Testing the apt plugin is not supported on this platform.To run the tests call PySys with -XmyPlatform='container'
07:40:16 INFO  
</system-out>
	</testcase>
</testsuite>
