<?xml version="1.0" encoding="utf-8"?>
<testsuite failures="0" name="tedge_software_update" skipped="0" tests="1" time="25.36" timestamp="2022-07-25T13:43:25">
	<testcase classname="PySysTest" name="tedge_software_update"/>
</testsuite>
