<?xml version="1.0" encoding="utf-8"?>
<testsuite failures="0" name="apt_remove_fail" skipped="1" tests="1" time="0.02" timestamp="2022-07-01T06:51:35">
	<testcase classname="AptPluginRemoveFails" name="apt_remove_fail">
		<skipped message="SKIPPED: Testing the apt plugin is not supported on this platform.To run the tests call PySys with -XmyPlatform='container'"/>
		<system-out>06:51:35 INFO  ==============================================================
06:51:35 INFO  Id:    apt_remove_fail
06:51:35 INFO  Dir:   plugin_apt/
06:51:35 INFO  Title: Validate apt plugin prepare - failing
06:51:35 INFO  ==============================================================
06:51:35 INFO  Testing the apt plugin is not supported on this platform.To run the tests call PySys with -XmyPlatform='container' ... skipped
06:51:35 WARN  Aborted test due to SKIPPED outcome
06:51:35 INFO  
06:51:35 INFO  Test duration: 0.02 secs
06:51:35 INFO  Test final outcome:  SKIPPED
06:51:35 INFO  Test outcome reason: Testing the apt plugin is not supported on this platform.To run the tests call PySys with -XmyPlatform='container'
06:51:35 INFO  
</system-out>
	</testcase>
</testsuite>
