<?xml version="1.0" encoding="utf-8"?>
<testsuite failures="1" name="call_tedge_-h_-V" skipped="0" tests="1" time="0.72" timestamp="2022-06-22T15:58:58">
	<testcase classname="PySysTest" name="call_tedge_-h_-V">
		<failure message="FAILED: Grep on tedge.out contains &quot;tedge 0.6&quot;" type="FAILED"/>
		<system-out>15:58:57 INFO  ==============================================================
15:58:57 INFO  Id:    call_tedge_-h_-V
15:58:58 INFO  Dir:   tedge/
15:58:58 INFO  Title: Validate command line option -h -V
15:58:58 INFO  ==============================================================
15:58:58 INFO  Executed tedge, exit status 0
15:58:58 WARN  Grep on tedge.out contains &quot;tedge 0.6&quot; ... failed [run.py:32]
15:58:58 INFO  Grep on file tedge.out ... passed
15:58:58 INFO  
15:58:58 INFO  Test duration: 0.72 secs
15:58:58 INFO  Test final outcome:  FAILED
15:58:58 INFO  Test outcome reason: Grep on tedge.out contains &quot;tedge 0.6&quot;
15:58:58 INFO  
</system-out>
	</testcase>
</testsuite>
