<?xml version="1.0" encoding="utf-8"?>
<testsuite failures="0" name="SoftwareManagement.sm_fake_install_remove" skipped="1" tests="1" time="0.02" timestamp="2022-07-21T16:29:20">
	<testcase classname="PySysTest" name="SoftwareManagement.sm_fake_install_remove">
		<skipped message="SKIPPED: Testing the fake plugin is not enabled.Use parameter -Xfakeplugin=fakeplugin to enable it"/>
		<system-out>16:29:20 INFO  ==============================================================
16:29:20 INFO  Id:    SoftwareManagement.sm_fake_install_remove
16:29:20 INFO  Dir:   software_management_end_to_end/
16:29:20 INFO  Title: Validate end to end behaviour for the dummy plugin for installation and removal of packages
16:29:20 INFO  ==============================================================
16:29:20 INFO  Testing the fake plugin is not enabled.Use parameter -Xfakeplugin=fakeplugin to enable it ... skipped
16:29:20 WARN  Aborted test due to SKIPPED outcome
16:29:20 INFO  
16:29:20 INFO  Test duration: 0.02 secs
16:29:20 INFO  Test final outcome:  SKIPPED
16:29:20 INFO  Test outcome reason: Testing the fake plugin is not enabled.Use parameter -Xfakeplugin=fakeplugin to enable it
16:29:20 INFO  
</system-out>
	</testcase>
</testsuite>
