<?xml version="1.0" encoding="utf-8"?>
<testsuite failures="0" name="docker_plugin_remove" skipped="1" tests="1" time="0.02" timestamp="2022-06-22T13:53:55">
	<testcase classname="DockerPluginRemoveTest" name="docker_plugin_remove">
		<skipped message="SKIPPED: Testing the docker plugin is not supported on this platform.To run it, all the test with -XmyPlatform='container'"/>
		<system-out>13:53:55 INFO  ==============================================================
13:53:55 INFO  Id:    docker_plugin_remove
13:53:55 INFO  Dir:   plugin_docker/
13:53:55 INFO  Title: Validate docker plugin remove
13:53:55 INFO  ==============================================================
13:53:55 INFO  Testing the docker plugin is not supported on this platform.To run it, all the test with -XmyPlatform='container' ... skipped
13:53:55 WARN  Aborted test due to SKIPPED outcome
13:53:55 INFO  
13:53:55 INFO  Test duration: 0.02 secs
13:53:55 INFO  Test final outcome:  SKIPPED
13:53:55 INFO  Test outcome reason: Testing the docker plugin is not supported on this platform.To run it, all the test with -XmyPlatform='container'
13:53:55 INFO  
</system-out>
	</testcase>
</testsuite>
