<?xml version="1.0" encoding="utf-8"?>
<testsuite failures="0" name="apt_remove_fail" skipped="1" tests="1" time="0.02" timestamp="2022-07-16T17:16:18">
	<testcase classname="AptPluginRemoveFails" name="apt_remove_fail">
		<skipped message="SKIPPED: Testing the apt plugin is not supported on this platform.To run the tests call PySys with -XmyPlatform='container'"/>
		<system-out>17:16:18 INFO  ==============================================================
17:16:18 INFO  Id:    apt_remove_fail
17:16:18 INFO  Dir:   plugin_apt/
17:16:18 INFO  Title: Validate apt plugin prepare - failing
17:16:18 INFO  ==============================================================
17:16:18 INFO  Testing the apt plugin is not supported on this platform.To run the tests call PySys with -XmyPlatform='container' ... skipped
17:16:18 WARN  Aborted test due to SKIPPED outcome
17:16:18 INFO  
17:16:18 INFO  Test duration: 0.02 secs
17:16:18 INFO  Test final outcome:  SKIPPED
17:16:18 INFO  Test outcome reason: Testing the apt plugin is not supported on this platform.To run the tests call PySys with -XmyPlatform='container'
17:16:18 INFO  
</system-out>
	</testcase>
</testsuite>
