<?xml version="1.0" encoding="utf-8"?>
<testsuite failures="0" name="apt_prepare" skipped="1" tests="1" time="0.02" timestamp="2022-07-21T22:45:22">
	<testcase classname="AptPluginPrepare" name="apt_prepare">
		<skipped message="SKIPPED: Testing the apt plugin is not supported on this platform.To run the tests call PySys with -XmyPlatform='container'"/>
		<system-out>22:45:22 INFO  ==============================================================
22:45:22 INFO  Id:    apt_prepare
22:45:22 INFO  Dir:   plugin_apt/
22:45:22 INFO  Title: Validate apt plugin install - dense version
22:45:22 INFO  ==============================================================
22:45:22 INFO  Testing the apt plugin is not supported on this platform.To run the tests call PySys with -XmyPlatform='container' ... skipped
22:45:22 WARN  Aborted test due to SKIPPED outcome
22:45:22 INFO  
22:45:22 INFO  Test duration: 0.02 secs
22:45:22 INFO  Test final outcome:  SKIPPED
22:45:22 INFO  Test outcome reason: Testing the apt plugin is not supported on this platform.To run the tests call PySys with -XmyPlatform='container'
22:45:22 INFO  
</system-out>
	</testcase>
</testsuite>
