<?xml version="1.0" encoding="utf-8"?>
<testsuite failures="0" name="apt_sequence_remove" skipped="1" tests="1" time="0.02" timestamp="2022-05-23T08:27:44">
	<testcase classname="AptPluginInstallPrepareRemoveFinalize" name="apt_sequence_remove">
		<skipped message="SKIPPED: Testing the apt plugin is not supported on this platform.To run the tests call PySys with -XmyPlatform='container'"/>
		<system-out>08:27:44 INFO  ==============================================================
08:27:44 INFO  Id:    apt_sequence_remove
08:27:44 INFO  Dir:   plugin_apt/
08:27:44 INFO  Title: Validate apt plugin prepare install remove finalize use case
08:27:44 INFO  ==============================================================
08:27:44 INFO  Testing the apt plugin is not supported on this platform.To run the tests call PySys with -XmyPlatform='container' ... skipped
08:27:44 WARN  Aborted test due to SKIPPED outcome
08:27:44 INFO  
08:27:44 INFO  Test duration: 0.02 secs
08:27:44 INFO  Test final outcome:  SKIPPED
08:27:44 INFO  Test outcome reason: Testing the apt plugin is not supported on this platform.To run the tests call PySys with -XmyPlatform='container'
08:27:44 INFO  
</system-out>
	</testcase>
</testsuite>
