<?xml version="1.0" encoding="utf-8"?>
<testsuite failures="1" name="log_request_error_messages" skipped="0" tests="1" time="57.29" timestamp="2022-05-23T19:04:58">
	<testcase classname="LogRequestVerifySearchTextError" name="log_request_error_messages">
		<failure message="BLOCKED: Exception: retry" type="BLOCKED"/>
		<system-out>19:04:01 INFO  ==============================================================
19:04:01 INFO  Id:    log_request_error_messages
19:04:01 INFO  Dir:   log_request_end_to_end/
19:04:01 INFO  Title: Validate end to end behaviour for the log request operation check for error messages
19:04:01 INFO  ==============================================================
19:04:02 INFO  EnvironmentC8y Setup
19:04:03 INFO  Executed systemctl&lt;serv_mapper1&gt;, exit status 3
19:04:03 INFO  Restarting mosquitto too frequently in the last 10 seconds. It was only up for 3 seconds
19:04:03 INFO  Delaying execution by 8 seconds
19:04:25 INFO  Executed sudo&lt;tedge_connect_c8y&gt;, exit status 0, duration 14 secs
19:04:26 INFO  Executed sudo&lt;tedge_connect_c8y_test&gt;, exit status 0
19:04:26 INFO  Executed systemctl&lt;serv_mosq2&gt;, exit status 0
19:04:27 INFO  Executed systemctl&lt;serv_mapper3&gt;, exit status 0
19:04:27 INFO  Executed sudo&lt;rm_logs&gt;, exit status 0
19:04:28 INFO  Executed sudo&lt;move_logs&gt;, exit status 0
19:04:28 INFO  log response None
19:04:28 WARN  retry, retrying in 1 seconds...
19:04:29 INFO  log response None
19:04:29 WARN  retry, retrying in 1 seconds...
19:04:31 INFO  log response None
19:04:31 WARN  retry, retrying in 1 seconds...
19:04:32 INFO  log response None
19:04:32 WARN  retry, retrying in 1 seconds...
19:04:33 INFO  log response None
19:04:33 WARN  retry, retrying in 1 seconds...
19:04:34 INFO  log response None
19:04:34 WARN  retry, retrying in 1 seconds...
19:04:35 INFO  log response None
19:04:35 WARN  retry, retrying in 1 seconds...
19:04:37 INFO  log response None
19:04:37 WARN  retry, retrying in 1 seconds...
19:04:38 INFO  log response None
19:04:38 WARN  retry, retrying in 1 seconds...
19:04:39 INFO  log response None
19:04:39 WARN  retry, retrying in 1 seconds...
19:04:40 INFO  log response None
19:04:40 WARN  retry, retrying in 1 seconds...
19:04:42 INFO  log response None
19:04:42 WARN  retry, retrying in 1 seconds...
19:04:43 INFO  log response None
19:04:43 WARN  retry, retrying in 1 seconds...
19:04:44 INFO  log response None
19:04:44 WARN  retry, retrying in 1 seconds...
19:04:45 INFO  log response None
19:04:45 WARN  retry, retrying in 1 seconds...
19:04:46 INFO  log response None
19:04:46 WARN  retry, retrying in 1 seconds...
19:04:48 INFO  log response None
19:04:48 WARN  retry, retrying in 1 seconds...
19:04:49 INFO  log response None
19:04:49 WARN  retry, retrying in 1 seconds...
19:04:50 INFO  log response None
19:04:50 WARN  retry, retrying in 1 seconds...
19:04:51 INFO  log response None
19:04:51 WARN  Exception occurred while running test - retry
Traceback (most recent call last):
  File &quot;/home/pi/env-pysys/lib/python3.7/site-packages/pysys/baserunner.py&quot;, line 1296, in __call__
    self.testObj.validate()
  File &quot;/home/pi/actions-runner/_work/thin-edge.io/thin-edge.io/tests/PySys/log_request_end_to_end/log_request_error_messages/run.py&quot;, line 43, in validate
    self.assertThat(&quot;True == value&quot;, value=self.wait_until_logs_retrieved())
  File &quot;/home/pi/env-pysys/lib/python3.7/site-packages/decorator.py&quot;, line 232, in fun
    return caller(func, *(extras + args), **kw)
  File &quot;/home/pi/env-pysys/lib/python3.7/site-packages/retry/api.py&quot;, line 74, in retry_decorator
    logger)
  File &quot;/home/pi/env-pysys/lib/python3.7/site-packages/retry/api.py&quot;, line 33, in __retry_internal
    return f()
  File &quot;/home/pi/actions-runner/_work/thin-edge.io/thin-edge.io/tests/PySys/log_request_end_to_end/log_request_error_messages/run.py&quot;, line 52, in wait_until_logs_retrieved
    raise Exception(&quot;retry&quot;)
Exception: retry
19:04:52 WARN  Exception: retry ... blocked 
19:04:52 INFO  
19:04:52 INFO  cleanup:
19:04:52 INFO  Executed sudo&lt;rm_logs&gt;, exit status 0
19:04:53 INFO  Executed sudo&lt;rm_tmp_logs&gt;, exit status 0
19:04:53 INFO  Executed sudo&lt;send_failed&gt;, exit status 0
19:04:57 INFO  Executed sudo&lt;tedge_disconnect_c8y&gt;, exit status 0
19:04:58 INFO  Executed systemctl&lt;serv_mapper5&gt;, exit status 3
19:04:58 INFO  
19:04:58 INFO  Test duration: 57.29 secs
19:04:58 INFO  Test final outcome:  BLOCKED
19:04:58 INFO  Test outcome reason: Exception: retry
19:04:58 INFO  
</system-out>
	</testcase>
</testsuite>
