<?xml version="1.0" encoding="utf-8"?>
<testsuite failures="0" name="SoftwareManagement.sm_apt_install_remove_multiple_mixed" skipped="1" tests="1" time="0.03" timestamp="2022-06-08T11:36:39">
	<testcase classname="PySysTest" name="SoftwareManagement.sm_apt_install_remove_multiple_mixed">
		<skipped message="SKIPPED: Testing the apt plugin is not supported on this platform.Use parameter -XmyPlatform='container' to enable it"/>
		<system-out>11:36:39 INFO  ==============================================================
11:36:39 INFO  Id:    SoftwareManagement.sm_apt_install_remove_multiple_mixed
11:36:39 INFO  Dir:   software_management_end_to_end/
11:36:39 INFO  Title: Validate end to end behaviour for the apt plugin for multiple packages with mixed versions
11:36:39 INFO  ==============================================================
11:36:39 INFO  Testing the apt plugin is not supported on this platform.Use parameter -XmyPlatform='container' to enable it ... skipped
11:36:39 WARN  Aborted test due to SKIPPED outcome
11:36:39 INFO  
11:36:39 INFO  Test duration: 0.03 secs
11:36:39 INFO  Test final outcome:  SKIPPED
11:36:39 INFO  Test outcome reason: Testing the apt plugin is not supported on this platform.Use parameter -XmyPlatform='container' to enable it
11:36:39 INFO  
</system-out>
	</testcase>
</testsuite>
