<?xml version="1.0" encoding="utf-8"?>
<testsuite failures="0" name="smoketest_smartrest" skipped="0" tests="1" time="47.98" timestamp="2022-05-25T12:49:31">
	<testcase classname="SmoketestSmartRest" name="smoketest_smartrest"/>
</testsuite>
