<?xml version="1.0" encoding="utf-8"?>
<testsuite failures="0" name="tedge_connect_test_sm_services" skipped="0" tests="1" time="28.73" timestamp="2022-07-25T13:44:52">
	<testcase classname="TedgeConnectTestSMServices" name="tedge_connect_test_sm_services"/>
</testsuite>
