<?xml version="1.0" encoding="utf-8"?>
<testsuite failures="0" name="smoketest_json" skipped="0" tests="1" time="46.18" timestamp="2022-06-29T11:58:09">
	<testcase classname="SmokeTestJson" name="smoketest_json"/>
</testsuite>
