<?xml version="1.0" encoding="utf-8"?>
<testsuite failures="0" name="SoftwareManagement.sm_apt_install_download_path" skipped="1" tests="1" time="0.06" timestamp="2022-05-24T10:53:15">
	<testcase classname="AptInstallWithDownloadPath" name="SoftwareManagement.sm_apt_install_download_path">
		<skipped message="SKIPPED: Testing the apt plugin is not supported on this platform.Use parameter -XmyPlatform='container' to enable it"/>
		<system-out>10:53:15 INFO  ==============================================================
10:53:15 INFO  Id:    SoftwareManagement.sm_apt_install_download_path
10:53:15 INFO  Dir:   software_management_end_to_end/
10:53:15 INFO  Title: Install package to directory specified in tedge config set tmp.path
10:53:15 INFO  ==============================================================
10:53:15 INFO  Testing the apt plugin is not supported on this platform.Use parameter -XmyPlatform='container' to enable it ... skipped
10:53:15 WARN  Aborted test due to SKIPPED outcome
10:53:15 INFO  
10:53:15 INFO  Test duration: 0.06 secs
10:53:15 INFO  Test final outcome:  SKIPPED
10:53:15 INFO  Test outcome reason: Testing the apt plugin is not supported on this platform.Use parameter -XmyPlatform='container' to enable it
10:53:15 INFO  
</system-out>
	</testcase>
</testsuite>
