<?xml version="1.0" encoding="utf-8"?>
<testsuite failures="0" name="c8y_restart_bridge" skipped="0" tests="1" time="21.17" timestamp="2022-06-20T15:09:53">
	<testcase classname="RestartBridge" name="c8y_restart_bridge"/>
</testsuite>
