<?xml version="1.0" encoding="utf-8"?>
<testsuite failures="0" name="docker_plugin_install_with_version" skipped="1" tests="1" time="0.02" timestamp="2022-05-23T14:58:12">
	<testcase classname="DockerPluginInstallWithVersionTest" name="docker_plugin_install_with_version">
		<skipped message="SKIPPED: Testing the docker plugin is not supported on this platform.To run it, all the test with -XmyPlatform='container'"/>
		<system-out>14:58:12 INFO  ==============================================================
14:58:12 INFO  Id:    docker_plugin_install_with_version
14:58:12 INFO  Dir:   plugin_docker/
14:58:12 INFO  Title: Validate docker plugin install
14:58:12 INFO  ==============================================================
14:58:12 INFO  Testing the docker plugin is not supported on this platform.To run it, all the test with -XmyPlatform='container' ... skipped
14:58:12 WARN  Aborted test due to SKIPPED outcome
14:58:12 INFO  
14:58:12 INFO  Test duration: 0.02 secs
14:58:12 INFO  Test final outcome:  SKIPPED
14:58:12 INFO  Test outcome reason: Testing the docker plugin is not supported on this platform.To run it, all the test with -XmyPlatform='container'
14:58:12 INFO  
</system-out>
	</testcase>
</testsuite>
