<?xml version="1.0" encoding="utf-8"?>
<testsuite failures="0" name="custom_init_system" skipped="0" tests="1" time="29.36" timestamp="2022-07-13T11:34:46">
	<testcase classname="CustomInitSystem" name="custom_init_system"/>
</testsuite>
