<?xml version="1.0" encoding="utf-8"?>
<testsuite failures="0" name="apt_finalize" skipped="1" tests="1" time="0.02" timestamp="2022-07-22T03:51:04">
	<testcase classname="AptPluginFinalize" name="apt_finalize">
		<skipped message="SKIPPED: Testing the apt plugin is not supported on this platform.To run the tests call PySys with -XmyPlatform='container'"/>
		<system-out>03:51:04 INFO  ==============================================================
03:51:04 INFO  Id:    apt_finalize
03:51:04 INFO  Dir:   plugin_apt/
03:51:04 INFO  Title: Validate apt plugin finalize - dense version
03:51:04 INFO  ==============================================================
03:51:04 INFO  Testing the apt plugin is not supported on this platform.To run the tests call PySys with -XmyPlatform='container' ... skipped
03:51:04 WARN  Aborted test due to SKIPPED outcome
03:51:04 INFO  
03:51:04 INFO  Test duration: 0.02 secs
03:51:04 INFO  Test final outcome:  SKIPPED
03:51:04 INFO  Test outcome reason: Testing the apt plugin is not supported on this platform.To run the tests call PySys with -XmyPlatform='container'
03:51:04 INFO  
</system-out>
	</testcase>
</testsuite>
