<?xml version="1.0" encoding="utf-8"?>
<testsuite failures="0" name="tedge_agent_user_sudo_access" skipped="1" tests="1" time="0.02" timestamp="2022-06-29T12:04:52">
	<testcase classname="TedgeAgentUserSudoAccess" name="tedge_agent_user_sudo_access">
		<skipped message="SKIPPED: #955 Observation: Exit code of the apt plugin when called with no arguments"/>
		<system-out>12:04:52 INFO  ==============================================================
12:04:52 INFO  Id:    tedge_agent_user_sudo_access
12:04:52 INFO  Dir:   tedge/
12:04:52 INFO  Title: Validate tedge-agent user has a limited sudo right
12:04:52 INFO  ==============================================================
12:04:52 INFO  #955 Observation: Exit code of the apt plugin when called with no arguments ... skipped
12:04:52 INFO  
12:04:52 INFO  Test duration: 0.02 secs
12:04:52 INFO  Test final outcome:  SKIPPED
12:04:52 INFO  Test outcome reason: #955 Observation: Exit code of the apt plugin when called with no arguments
12:04:52 INFO  
</system-out>
	</testcase>
</testsuite>
