<?xml version="1.0" encoding="utf-8"?>
<testsuite failures="0" name="apt_install_local_file" skipped="1" tests="1" time="0.02" timestamp="2022-07-22T17:26:15">
	<testcase classname="AptPluginInstallFromLocalFile" name="apt_install_local_file">
		<skipped message="SKIPPED: Testing the apt plugin is not supported on this platform.To run the tests call PySys with -XmyPlatform='container'"/>
		<system-out>17:26:15 INFO  ==============================================================
17:26:15 INFO  Id:    apt_install_local_file
17:26:15 INFO  Dir:   plugin_apt/
17:26:15 INFO  Title: Validate apt plugin install from local file - SUCCESS case
17:26:15 INFO  ==============================================================
17:26:15 INFO  Testing the apt plugin is not supported on this platform.To run the tests call PySys with -XmyPlatform='container' ... skipped
17:26:15 WARN  Aborted test due to SKIPPED outcome
17:26:15 INFO  
17:26:15 INFO  Test duration: 0.02 secs
17:26:15 INFO  Test final outcome:  SKIPPED
17:26:15 INFO  Test outcome reason: Testing the apt plugin is not supported on this platform.To run the tests call PySys with -XmyPlatform='container'
17:26:15 INFO  
</system-out>
	</testcase>
</testsuite>
