<?xml version="1.0" encoding="utf-8"?>
<testsuite failures="0" name="SoftwareManagement.Plugin.apama_plugin_install" skipped="1" tests="1" time="0.04" timestamp="2022-06-08T11:26:58">
	<testcase classname="ApamaPluginInstallTest" name="SoftwareManagement.Plugin.apama_plugin_install">
		<skipped message="SKIPPED: Apama plugin tests are disabled by default. Execute `pysys run` with `-XmyPlatform=container` to run these tests"/>
		<system-out>11:26:58 INFO  ==============================================================
11:26:58 INFO  Id:    SoftwareManagement.Plugin.apama_plugin_install
11:26:58 INFO  Dir:   plugin_apama/
11:26:58 INFO  Title: Validate apama plugin install
11:26:58 INFO  ==============================================================
11:26:58 INFO  Apama plugin tests are disabled by default. Execute `pysys run` with `-XmyPlatform=container` to run these tests ... skipped
11:26:58 WARN  Aborted test due to SKIPPED outcome
11:26:58 INFO  
11:26:58 INFO  Test duration: 0.04 secs
11:26:58 INFO  Test final outcome:  SKIPPED
11:26:58 INFO  Test outcome reason: Apama plugin tests are disabled by default. Execute `pysys run` with `-XmyPlatform=container` to run these tests
11:26:58 INFO  
</system-out>
	</testcase>
</testsuite>
