<?xml version="1.0" encoding="utf-8"?>
<testsuite failures="0" name="local_mqtt_pub_sub" skipped="0" tests="1" time="2.09" timestamp="2022-06-20T14:56:05">
	<testcase classname="PySysTest" name="local_mqtt_pub_sub"/>
</testsuite>
