<?xml version="1.0" encoding="utf-8"?>
<testsuite failures="0" name="call_tedge_config_help" skipped="0" tests="1" time="0.49" timestamp="2022-06-22T15:58:59">
	<testcase classname="PySysTest" name="call_tedge_config_help"/>
</testsuite>
