<?xml version="1.0" encoding="utf-8"?>
<testsuite failures="0" name="SoftwareManagement.sm_apt_install_download_path" skipped="1" tests="1" time="0.06" timestamp="2022-06-22T18:56:32">
	<testcase classname="AptInstallWithDownloadPath" name="SoftwareManagement.sm_apt_install_download_path">
		<skipped message="SKIPPED: Testing the apt plugin is not supported on this platform.Use parameter -XmyPlatform='container' to enable it"/>
		<system-out>18:56:32 INFO  ==============================================================
18:56:32 INFO  Id:    SoftwareManagement.sm_apt_install_download_path
18:56:32 INFO  Dir:   software_management_end_to_end/
18:56:32 INFO  Title: Install package to directory specified in tedge config set tmp.path
18:56:32 INFO  ==============================================================
18:56:32 INFO  Testing the apt plugin is not supported on this platform.Use parameter -XmyPlatform='container' to enable it ... skipped
18:56:32 WARN  Aborted test due to SKIPPED outcome
18:56:32 INFO  
18:56:32 INFO  Test duration: 0.06 secs
18:56:32 INFO  Test final outcome:  SKIPPED
18:56:32 INFO  Test outcome reason: Testing the apt plugin is not supported on this platform.Use parameter -XmyPlatform='container' to enable it
18:56:32 INFO  
</system-out>
	</testcase>
</testsuite>
