<?xml version="1.0" encoding="utf-8"?>
<testsuite failures="0" name="docker_plugin_finalize" skipped="1" tests="1" time="0.07" timestamp="2022-06-22T09:43:55">
	<testcase classname="DockerPluginFinalizeTest" name="docker_plugin_finalize">
		<skipped message="SKIPPED: Testing the docker plugin is not supported on this platform.To run it, all the test with -XmyPlatform='container'"/>
		<system-out>09:43:54 INFO  ==============================================================
09:43:54 INFO  Id:    docker_plugin_finalize
09:43:54 INFO  Dir:   plugin_docker/
09:43:54 INFO  Title: Validate docker plugin finalize command
09:43:54 INFO  ==============================================================
09:43:55 INFO  Testing the docker plugin is not supported on this platform.To run it, all the test with -XmyPlatform='container' ... skipped
09:43:55 WARN  Aborted test due to SKIPPED outcome
09:43:55 INFO  
09:43:55 INFO  Test duration: 0.07 secs
09:43:55 INFO  Test final outcome:  SKIPPED
09:43:55 INFO  Test outcome reason: Testing the docker plugin is not supported on this platform.To run it, all the test with -XmyPlatform='container'
09:43:55 INFO  
</system-out>
	</testcase>
</testsuite>
