<?xml version="1.0" encoding="utf-8"?>
<testsuite failures="1" name="log_request_error_messages" skipped="0" tests="1" time="57.79" timestamp="2022-05-23T14:55:27">
	<testcase classname="LogRequestVerifySearchTextError" name="log_request_error_messages">
		<failure message="BLOCKED: Exception: retry" type="BLOCKED"/>
		<system-out>14:54:29 INFO  ==============================================================
14:54:29 INFO  Id:    log_request_error_messages
14:54:29 INFO  Dir:   log_request_end_to_end/
14:54:29 INFO  Title: Validate end to end behaviour for the log request operation check for error messages
14:54:29 INFO  ==============================================================
14:54:30 INFO  EnvironmentC8y Setup
14:54:31 INFO  Executed systemctl&lt;serv_mapper1&gt;, exit status 3
14:54:31 INFO  Restarting mosquitto too frequently in the last 10 seconds. It was only up for 2 seconds
14:54:31 INFO  Delaying execution by 9 seconds
14:54:53 INFO  Executed sudo&lt;tedge_connect_c8y&gt;, exit status 0, duration 13 secs
14:54:54 INFO  Executed sudo&lt;tedge_connect_c8y_test&gt;, exit status 0
14:54:55 INFO  Executed systemctl&lt;serv_mosq2&gt;, exit status 0
14:54:55 INFO  Executed systemctl&lt;serv_mapper3&gt;, exit status 0
14:54:55 INFO  Executed sudo&lt;rm_logs&gt;, exit status 0
14:54:56 INFO  Executed sudo&lt;move_logs&gt;, exit status 0
14:54:57 INFO  log response None
14:54:57 WARN  retry, retrying in 1 seconds...
14:54:58 INFO  log response None
14:54:58 WARN  retry, retrying in 1 seconds...
14:54:59 INFO  log response None
14:54:59 WARN  retry, retrying in 1 seconds...
14:55:00 INFO  log response None
14:55:00 WARN  retry, retrying in 1 seconds...
14:55:02 INFO  log response None
14:55:02 WARN  retry, retrying in 1 seconds...
14:55:03 INFO  log response None
14:55:03 WARN  retry, retrying in 1 seconds...
14:55:04 INFO  log response None
14:55:04 WARN  retry, retrying in 1 seconds...
14:55:05 INFO  log response None
14:55:05 WARN  retry, retrying in 1 seconds...
14:55:06 INFO  log response None
14:55:06 WARN  retry, retrying in 1 seconds...
14:55:08 INFO  log response None
14:55:08 WARN  retry, retrying in 1 seconds...
14:55:09 INFO  log response None
14:55:09 WARN  retry, retrying in 1 seconds...
14:55:10 INFO  log response None
14:55:10 WARN  retry, retrying in 1 seconds...
14:55:11 INFO  log response None
14:55:11 WARN  retry, retrying in 1 seconds...
14:55:12 INFO  log response None
14:55:12 WARN  retry, retrying in 1 seconds...
14:55:14 INFO  log response None
14:55:14 WARN  retry, retrying in 1 seconds...
14:55:15 INFO  log response None
14:55:15 WARN  retry, retrying in 1 seconds...
14:55:16 INFO  log response None
14:55:16 WARN  retry, retrying in 1 seconds...
14:55:18 INFO  log response None
14:55:18 WARN  retry, retrying in 1 seconds...
14:55:19 INFO  log response None
14:55:19 WARN  retry, retrying in 1 seconds...
14:55:20 INFO  log response None
14:55:20 WARN  Exception occurred while running test - retry
Traceback (most recent call last):
  File &quot;/home/pi/env-pysys/lib/python3.7/site-packages/pysys/baserunner.py&quot;, line 1296, in __call__
    self.testObj.validate()
  File &quot;/home/pi/actions-runner/_work/thin-edge.io/thin-edge.io/tests/PySys/log_request_end_to_end/log_request_error_messages/run.py&quot;, line 43, in validate
    self.assertThat(&quot;True == value&quot;, value=self.wait_until_logs_retrieved())
  File &quot;/home/pi/env-pysys/lib/python3.7/site-packages/decorator.py&quot;, line 232, in fun
    return caller(func, *(extras + args), **kw)
  File &quot;/home/pi/env-pysys/lib/python3.7/site-packages/retry/api.py&quot;, line 74, in retry_decorator
    logger)
  File &quot;/home/pi/env-pysys/lib/python3.7/site-packages/retry/api.py&quot;, line 33, in __retry_internal
    return f()
  File &quot;/home/pi/actions-runner/_work/thin-edge.io/thin-edge.io/tests/PySys/log_request_end_to_end/log_request_error_messages/run.py&quot;, line 52, in wait_until_logs_retrieved
    raise Exception(&quot;retry&quot;)
Exception: retry
14:55:20 WARN  Exception: retry ... blocked 
14:55:20 INFO  
14:55:20 INFO  cleanup:
14:55:21 INFO  Executed sudo&lt;rm_logs&gt;, exit status 0
14:55:21 INFO  Executed sudo&lt;rm_tmp_logs&gt;, exit status 0
14:55:22 INFO  Executed sudo&lt;send_failed&gt;, exit status 0
14:55:26 INFO  Executed sudo&lt;tedge_disconnect_c8y&gt;, exit status 0
14:55:27 INFO  Executed systemctl&lt;serv_mapper5&gt;, exit status 3
14:55:27 INFO  
14:55:27 INFO  Test duration: 57.79 secs
14:55:27 INFO  Test final outcome:  BLOCKED
14:55:27 INFO  Test outcome reason: Exception: retry
14:55:27 INFO  
</system-out>
	</testcase>
</testsuite>
