<?xml version="1.0" encoding="utf-8"?>
<testsuite failures="1" name="c8y_jwt_token_retrieval" skipped="0" tests="1" time="22.92" timestamp="2022-07-20T12:50:13">
	<testcase classname="ValidateJWTTokenRetrieval" name="c8y_jwt_token_retrieval">
		<failure message="FAILED: Grep on resp_jwt.out contains &quot;\[c8y/s/dat\] 71,&quot;" type="FAILED"/>
		<system-out>12:49:50 INFO  ==============================================================
12:49:50 INFO  Id:    c8y_jwt_token_retrieval
12:49:50 INFO  Dir:   cloud_c8y/
12:49:50 INFO  Title: Validate the Cumulocity JWT Token Retrieval feature
12:49:50 INFO  ==============================================================
12:49:50 INFO  Executed sudo&lt;tedge_disconnect_c8y&gt;, exit status 0
12:50:04 INFO  Executed sudo&lt;tedge_connect_c8y&gt;, exit status 0, duration 14 secs
12:50:05 INFO  Started sudo&lt;resp_jwt&gt; with process id 30122
12:50:06 INFO  Executed sudo&lt;req_jwt&gt;, exit status 0
12:50:08 INFO  Executed sudo&lt;kill_out&gt;, exit status 0
12:50:08 WARN  Grep on resp_jwt.out contains &quot;\[c8y/s/dat\] 71,&quot; ... failed [run.py:60]
12:50:08 INFO  
12:50:08 INFO  cleanup:
12:50:12 INFO  Executed sudo&lt;tedge_disconnect_c8y&gt;, exit status 0
12:50:12 INFO  
12:50:12 INFO  Test duration: 22.92 secs
12:50:12 INFO  Test final outcome:  FAILED
12:50:13 INFO  Test outcome reason: Grep on resp_jwt.out contains &quot;\[c8y/s/dat\] 71,&quot;
12:50:13 INFO  
</system-out>
	</testcase>
</testsuite>
