<?xml version="1.0" encoding="utf-8"?>
<testsuite failures="1" name="c8y_jwt_token_retrieval" skipped="0" tests="1" time="23.88" timestamp="2022-06-08T11:24:27">
	<testcase classname="ValidateJWTTokenRetrieval" name="c8y_jwt_token_retrieval">
		<failure message="FAILED: Grep on resp_jwt.out contains &quot;\[c8y/s/dat\] 71,&quot;" type="FAILED"/>
		<system-out>11:24:03 INFO  ==============================================================
11:24:03 INFO  Id:    c8y_jwt_token_retrieval
11:24:03 INFO  Dir:   cloud_c8y/
11:24:03 INFO  Title: Validate the Cumulocity JWT Token Retrieval feature
11:24:03 INFO  ==============================================================
11:24:03 INFO  Executed sudo&lt;tedge_disconnect_c8y&gt;, exit status 0
11:24:19 INFO  Executed sudo&lt;tedge_connect_c8y&gt;, exit status 0, duration 15 secs
11:24:19 INFO  Started sudo&lt;resp_jwt&gt; with process id 22706
11:24:20 INFO  Executed sudo&lt;req_jwt&gt;, exit status 0
11:24:22 INFO  Executed sudo&lt;kill_out&gt;, exit status 0
11:24:22 WARN  Grep on resp_jwt.out contains &quot;\[c8y/s/dat\] 71,&quot; ... failed [run.py:60]
11:24:23 INFO  
11:24:23 INFO  cleanup:
11:24:27 INFO  Executed sudo&lt;tedge_disconnect_c8y&gt;, exit status 0
11:24:27 INFO  
11:24:27 INFO  Test duration: 23.88 secs
11:24:27 INFO  Test final outcome:  FAILED
11:24:27 INFO  Test outcome reason: Grep on resp_jwt.out contains &quot;\[c8y/s/dat\] 71,&quot;
11:24:27 INFO  
</system-out>
	</testcase>
</testsuite>
