<?xml version="1.0" encoding="utf-8"?>
<testsuite failures="0" name="apt_finalize" skipped="1" tests="1" time="0.05" timestamp="2022-05-23T13:20:01">
	<testcase classname="AptPluginFinalize" name="apt_finalize">
		<skipped message="SKIPPED: Testing the apt plugin is not supported on this platform.To run the tests call PySys with -XmyPlatform='container'"/>
		<system-out>13:20:01 INFO  ==============================================================
13:20:01 INFO  Id:    apt_finalize
13:20:01 INFO  Dir:   plugin_apt/
13:20:01 INFO  Title: Validate apt plugin finalize - dense version
13:20:01 INFO  ==============================================================
13:20:01 INFO  Testing the apt plugin is not supported on this platform.To run the tests call PySys with -XmyPlatform='container' ... skipped
13:20:01 WARN  Aborted test due to SKIPPED outcome
13:20:01 INFO  
13:20:01 INFO  Test duration: 0.05 secs
13:20:01 INFO  Test final outcome:  SKIPPED
13:20:01 INFO  Test outcome reason: Testing the apt plugin is not supported on this platform.To run the tests call PySys with -XmyPlatform='container'
13:20:01 INFO  
</system-out>
	</testcase>
</testsuite>
