<?xml version="1.0" encoding="utf-8"?>
<testsuite failures="0" name="apt_finalize" skipped="1" tests="1" time="0.02" timestamp="2022-06-08T12:58:54">
	<testcase classname="AptPluginFinalize" name="apt_finalize">
		<skipped message="SKIPPED: Testing the apt plugin is not supported on this platform.To run the tests call PySys with -XmyPlatform='container'"/>
		<system-out>12:58:54 INFO  ==============================================================
12:58:54 INFO  Id:    apt_finalize
12:58:54 INFO  Dir:   plugin_apt/
12:58:54 INFO  Title: Validate apt plugin finalize - dense version
12:58:54 INFO  ==============================================================
12:58:54 INFO  Testing the apt plugin is not supported on this platform.To run the tests call PySys with -XmyPlatform='container' ... skipped
12:58:54 WARN  Aborted test due to SKIPPED outcome
12:58:54 INFO  
12:58:54 INFO  Test duration: 0.02 secs
12:58:54 INFO  Test final outcome:  SKIPPED
12:58:54 INFO  Test outcome reason: Testing the apt plugin is not supported on this platform.To run the tests call PySys with -XmyPlatform='container'
12:58:54 INFO  
</system-out>
	</testcase>
</testsuite>
