<?xml version="1.0" encoding="utf-8"?>
<testsuite failures="0" name="mqtt_port_change_connection_works" skipped="1" tests="1" time="0.05" timestamp="2022-06-07T11:27:00">
	<testcase classname="MqttPortChangeConnectionWorks" name="mqtt_port_change_connection_works">
		<skipped message="SKIPPED: failing intermitently"/>
		<system-out>11:27:00 INFO  ==============================================================
11:27:00 INFO  Id:    mqtt_port_change_connection_works
11:27:00 INFO  Dir:   misc_features/
11:27:00 INFO  Title: mqtt port change connection works for all the thin-edge services that use the mosquitto broker
11:27:00 INFO  ==============================================================
11:27:00 INFO  failing intermitently ... skipped
11:27:00 INFO  
11:27:00 INFO  Test duration: 0.05 secs
11:27:00 INFO  Test final outcome:  SKIPPED
11:27:00 INFO  Test outcome reason: failing intermitently
11:27:00 INFO  
</system-out>
	</testcase>
</testsuite>
