<?xml version="1.0" encoding="utf-8"?>
<testsuite failures="1" name="log_request_error_messages" skipped="0" tests="1" time="26.86" timestamp="2022-07-21T22:43:26">
	<testcase classname="LogRequestVerifySearchTextError" name="log_request_error_messages">
		<failure message="BLOCKED: TypeError: 'NoneType' object is not subscriptable" type="BLOCKED"/>
		<system-out>22:42:59 INFO  ==============================================================
22:42:59 INFO  Id:    log_request_error_messages
22:42:59 INFO  Dir:   log_request_end_to_end/
22:42:59 INFO  Title: Validate end to end behaviour for the log request operation check for error messages
22:42:59 INFO  ==============================================================
22:43:01 INFO  EnvironmentC8y Setup
22:43:01 INFO  Executed systemctl&lt;serv_mapper1&gt;, exit status 3
22:43:15 INFO  Executed sudo&lt;tedge_connect_c8y&gt;, exit status 0, duration 13 secs
22:43:16 INFO  Executed sudo&lt;tedge_connect_c8y_test&gt;, exit status 0
22:43:16 INFO  Executed systemctl&lt;serv_mosq2&gt;, exit status 0
22:43:17 INFO  Executed systemctl&lt;serv_mapper3&gt;, exit status 0
22:43:17 INFO  Executed sudo&lt;rm_logs&gt;, exit status 0
22:43:18 INFO  Executed sudo&lt;move_logs&gt;, exit status 0
22:43:18 INFO  Executed sudo&lt;log_file_daemon&gt;, exit status 0
22:43:19 WARN  TypeError occurred while running test - 'NoneType' object is not subscriptable
Traceback (most recent call last):
  File &quot;/home/pi/env-pysys/lib/python3.7/site-packages/pysys/baserunner.py&quot;, line 1294, in __call__
    self.testObj.execute()
  File &quot;/home/pi/actions-runner/_work/thin-edge.io/thin-edge.io/tests/PySys/log_request_end_to_end/log_request_error_messages/run.py&quot;, line 47, in execute
    log_file_request_payload, self.project.deviceid
  File &quot;/home/pi/actions-runner/_work/thin-edge.io/thin-edge.io/tests/PySys/environments/cumulocity.py&quot;, line 101, in trigger_log_request
    &quot;deviceId&quot;: self.device_fragment[&quot;id&quot;],
TypeError: 'NoneType' object is not subscriptable
22:43:20 WARN  TypeError: 'NoneType' object is not subscriptable ... blocked 
22:43:20 INFO  
22:43:20 INFO  cleanup:
22:43:20 INFO  Executed sudo&lt;rm_logs&gt;, exit status 0
22:43:21 INFO  Executed sudo&lt;rm_tmp_logs&gt;, exit status 0
22:43:21 INFO  Executed sudo&lt;send_failed&gt;, exit status 0
22:43:22 INFO  Executed sudo&lt;log_file_daemon&gt;, exit status 0
22:43:26 INFO  Executed sudo&lt;tedge_disconnect_c8y&gt;, exit status 0
22:43:26 INFO  Executed systemctl&lt;serv_mapper5&gt;, exit status 3
22:43:26 INFO  
22:43:26 INFO  Test duration: 26.86 secs
22:43:26 INFO  Test final outcome:  BLOCKED
22:43:26 INFO  Test outcome reason: TypeError: 'NoneType' object is not subscriptable
22:43:26 INFO  
</system-out>
	</testcase>
</testsuite>
