<?xml version="1.0" encoding="utf-8"?>
<testsuite failures="0" name="SoftwareManagement.Plugin.apama_plugin_update" skipped="1" tests="1" time="0.02" timestamp="2022-07-16T11:30:40">
	<testcase classname="ApamaPluginUpdateTest" name="SoftwareManagement.Plugin.apama_plugin_update">
		<skipped message="SKIPPED: Apama plugin tests are disabled by default. Execute `pysys run` with `-XmyPlatform=container` to run these tests"/>
		<system-out>11:30:40 INFO  ==============================================================
11:30:40 INFO  Id:    SoftwareManagement.Plugin.apama_plugin_update
11:30:40 INFO  Dir:   plugin_apama/
11:30:40 INFO  Title: Validate apama plugin updating one project with another
11:30:40 INFO  ==============================================================
11:30:40 INFO  Apama plugin tests are disabled by default. Execute `pysys run` with `-XmyPlatform=container` to run these tests ... skipped
11:30:40 WARN  Aborted test due to SKIPPED outcome
11:30:40 INFO  
11:30:40 INFO  Test duration: 0.02 secs
11:30:40 INFO  Test final outcome:  SKIPPED
11:30:40 INFO  Test outcome reason: Apama plugin tests are disabled by default. Execute `pysys run` with `-XmyPlatform=container` to run these tests
11:30:40 INFO  
</system-out>
	</testcase>
</testsuite>
