<?xml version="1.0" encoding="utf-8"?>
<testsuite failures="0" name="tedge_software_update" skipped="0" tests="1" time="25.53" timestamp="2022-07-22T14:29:05">
	<testcase classname="PySysTest" name="tedge_software_update"/>
</testsuite>
