<?xml version="1.0" encoding="utf-8"?>
<testsuite failures="1" name="tedge_mapper_c8y_packet_threshold_size" skipped="0" tests="1" time="2.91" timestamp="2022-06-16T14:22:08">
	<testcase classname="TedgeMapperC8yThresholdPacketSize" name="tedge_mapper_c8y_packet_threshold_size">
		<failure message="FAILED: Grep on tedge_sub.out contains &quot;The size of the message received on tedge/measurements is 20489 which is greater than the threshold size of 16184.&quot;" type="FAILED"/>
		<system-out>14:22:05 INFO  ==============================================================
14:22:05 INFO  Id:    tedge_mapper_c8y_packet_threshold_size
14:22:05 INFO  Dir:   tedge_mapper_c8y/
14:22:05 INFO  Title: Validate the Cumulocity Mapper accepted threshold packet size when it receives a message on tedge/measurements
14:22:05 INFO  ==============================================================
14:22:05 INFO  Executed sudo&lt;tedge_mapper_c8y&gt;, exit status 0
14:22:05 INFO  Started sudo&lt;tedge_sub&gt; with process id 2184
14:22:06 INFO  Executed sudo&lt;tedge_msg&gt;, exit status 0
14:22:07 INFO  Executed sudo&lt;tedge_pub&gt;, exit status 0
14:22:07 INFO  Executed sudo&lt;kill_out&gt;, exit status 0
14:22:07 WARN  Grep on tedge_sub.out contains &quot;The size of the message received on tedge/measurements is 20489 which is greater than the threshold size of 16184.&quot; ... failed [run.py:88]
14:22:07 INFO  
14:22:07 INFO  cleanup:
14:22:07 INFO  mapper_cleanup
14:22:08 INFO  Executed sudo&lt;tedge_mapper_c8y&gt;, exit status 0
14:22:08 INFO  
14:22:08 INFO  Test duration: 2.91 secs
14:22:08 INFO  Test final outcome:  FAILED
14:22:08 INFO  Test outcome reason: Grep on tedge_sub.out contains &quot;The size of the message received on tedge/measurements is 20489 which is greater than the threshold size of 16184.&quot;
14:22:08 INFO  
</system-out>
	</testcase>
</testsuite>
