<?xml version="1.0" encoding="utf-8"?>
<testsuite failures="0" name="apt_install_fail" skipped="1" tests="1" time="0.02" timestamp="2022-07-20T12:52:43">
	<testcase classname="AptPluginInstallFail" name="apt_install_fail">
		<skipped message="SKIPPED: Testing the apt plugin is not supported on this platform.To run the tests call PySys with -XmyPlatform='container'"/>
		<system-out>12:52:43 INFO  ==============================================================
12:52:43 INFO  Id:    apt_install_fail
12:52:43 INFO  Dir:   plugin_apt/
12:52:43 INFO  Title: Validate apt plugin prepare - failing
12:52:43 INFO  ==============================================================
12:52:43 INFO  Testing the apt plugin is not supported on this platform.To run the tests call PySys with -XmyPlatform='container' ... skipped
12:52:43 WARN  Aborted test due to SKIPPED outcome
12:52:43 INFO  
12:52:43 INFO  Test duration: 0.02 secs
12:52:43 INFO  Test final outcome:  SKIPPED
12:52:43 INFO  Test outcome reason: Testing the apt plugin is not supported on this platform.To run the tests call PySys with -XmyPlatform='container'
12:52:43 INFO  
</system-out>
	</testcase>
</testsuite>
