<?xml version="1.0" encoding="utf-8"?>
<testsuite failures="1" name="agent_init_session" skipped="0" tests="1" time="5.85" timestamp="2022-07-21T22:55:52">
	<testcase classname="AgentInitSession" name="agent_init_session">
		<failure message="FAILED: Grep on sub_resp.out contains &quot;Ld3KgqpcLDlrYH6sfpG7w&quot;" type="FAILED"/>
		<system-out>22:55:46 INFO  ==============================================================
22:55:46 INFO  Id:    agent_init_session
22:55:46 INFO  Dir:   tedge_agent/
22:55:46 INFO  Title: Validate tedge agent init session feature
22:55:46 INFO  ==============================================================
22:55:47 INFO  Executed sudo&lt;remove_lock&gt;, exit status 0
22:55:47 INFO  Executed sudo&lt;agent_clear&gt;, exit status 0
22:55:48 INFO  Executed sudo&lt;agent_init&gt;, exit status 0
22:55:48 INFO  Executed sudo&lt;pub_req&gt;, exit status 0
22:55:48 INFO  Started sudo&lt;sub_resp&gt; with process id 25411
22:55:49 INFO  Executed sudo&lt;agent_start&gt;, exit status 0
22:55:49 INFO  Waiting for 2.0 seconds
22:55:51 INFO  Executed sudo&lt;agent_stop&gt;, exit status 0
22:55:52 INFO  Executed sudo&lt;sub_stop&gt;, exit status 0
22:55:52 WARN  Grep on sub_resp.out contains &quot;Ld3KgqpcLDlrYH6sfpG7w&quot; ... failed [run.py:87]
22:55:52 INFO  
22:55:52 INFO  Test duration: 5.85 secs
22:55:52 INFO  Test final outcome:  FAILED
22:55:52 INFO  Test outcome reason: Grep on sub_resp.out contains &quot;Ld3KgqpcLDlrYH6sfpG7w&quot;
22:55:52 INFO  
</system-out>
	</testcase>
</testsuite>
