<?xml version="1.0" encoding="utf-8"?>
<testsuite failures="0" name="publish_flux" skipped="0" tests="1" time="72.36" timestamp="2022-05-25T10:53:23">
	<testcase classname="PublishFlux" name="publish_flux"/>
</testsuite>
