<?xml version="1.0" encoding="utf-8"?>
<testsuite failures="0" name="SoftwareManagement.Plugin.apama_plugin_remove" skipped="1" tests="1" time="0.05" timestamp="2022-07-22T01:47:21">
	<testcase classname="ApamaPluginRemoveTest" name="SoftwareManagement.Plugin.apama_plugin_remove">
		<skipped message="SKIPPED: Apama plugin tests are disabled by default. Execute `pysys run` with `-XmyPlatform=container` to run these tests"/>
		<system-out>01:47:20 INFO  ==============================================================
01:47:20 INFO  Id:    SoftwareManagement.Plugin.apama_plugin_remove
01:47:20 INFO  Dir:   plugin_apama/
01:47:20 INFO  Title: Validate apama plugin remove
01:47:20 INFO  ==============================================================
01:47:20 INFO  Apama plugin tests are disabled by default. Execute `pysys run` with `-XmyPlatform=container` to run these tests ... skipped
01:47:20 WARN  Aborted test due to SKIPPED outcome
01:47:21 INFO  
01:47:21 INFO  Test duration: 0.05 secs
01:47:21 INFO  Test final outcome:  SKIPPED
01:47:21 INFO  Test outcome reason: Apama plugin tests are disabled by default. Execute `pysys run` with `-XmyPlatform=container` to run these tests
01:47:21 INFO  
</system-out>
	</testcase>
</testsuite>
