<?xml version="1.0" encoding="utf-8"?>
<testsuite failures="0" name="SoftwareManagement.Plugin.apama_plugin_update" skipped="1" tests="1" time="0.02" timestamp="2022-07-21T21:15:08">
	<testcase classname="ApamaPluginUpdateTest" name="SoftwareManagement.Plugin.apama_plugin_update">
		<skipped message="SKIPPED: Apama plugin tests are disabled by default. Execute `pysys run` with `-XmyPlatform=container` to run these tests"/>
		<system-out>21:15:08 INFO  ==============================================================
21:15:08 INFO  Id:    SoftwareManagement.Plugin.apama_plugin_update
21:15:08 INFO  Dir:   plugin_apama/
21:15:08 INFO  Title: Validate apama plugin updating one project with another
21:15:08 INFO  ==============================================================
21:15:08 INFO  Apama plugin tests are disabled by default. Execute `pysys run` with `-XmyPlatform=container` to run these tests ... skipped
21:15:08 WARN  Aborted test due to SKIPPED outcome
21:15:08 INFO  
21:15:08 INFO  Test duration: 0.02 secs
21:15:08 INFO  Test final outcome:  SKIPPED
21:15:08 INFO  Test outcome reason: Apama plugin tests are disabled by default. Execute `pysys run` with `-XmyPlatform=container` to run these tests
21:15:08 INFO  
</system-out>
	</testcase>
</testsuite>
