<?xml version="1.0" encoding="utf-8"?>
<testsuite failures="0" name="apt_fail_noarg" skipped="1" tests="1" time="0.08" timestamp="2022-06-17T08:36:49">
	<testcase classname="AptPluginFailNoArg" name="apt_fail_noarg">
		<skipped message="SKIPPED: Testing the apt plugin is not supported on this platform.To run the tests call PySys with -XmyPlatform='container'"/>
		<system-out>08:36:49 INFO  ==============================================================
08:36:49 INFO  Id:    apt_fail_noarg
08:36:49 INFO  Dir:   plugin_apt/
08:36:49 INFO  Title: Validate apt plugin fetures(prepare, list, install, remove finalize) without arguments
08:36:49 INFO  ==============================================================
08:36:49 INFO  Testing the apt plugin is not supported on this platform.To run the tests call PySys with -XmyPlatform='container' ... skipped
08:36:49 WARN  Aborted test due to SKIPPED outcome
08:36:49 INFO  
08:36:49 INFO  Test duration: 0.08 secs
08:36:49 INFO  Test final outcome:  SKIPPED
08:36:49 INFO  Test outcome reason: Testing the apt plugin is not supported on this platform.To run the tests call PySys with -XmyPlatform='container'
08:36:49 INFO  
</system-out>
	</testcase>
</testsuite>
