<?xml version="1.0" encoding="utf-8"?>
<testsuite failures="1" name="monitoring_smaller_interval" skipped="0" tests="1" time="15.72" timestamp="2022-06-22T15:49:11">
	<testcase classname="MonitoringSmallInterval" name="monitoring_smaller_interval">
		<failure message="BLOCKED: TypeError: 'int' object is not subscriptable" type="BLOCKED"/>
		<system-out>15:48:55 INFO  ==============================================================
15:48:55 INFO  Id:    monitoring_smaller_interval
15:48:55 INFO  Dir:   monitoring/
15:48:55 INFO  Title: Validate the tedge dm agent messages that are produced with smaller sampling interval than the batching window. Here the simulated collectd messages are used
15:48:55 INFO  ==============================================================
15:48:56 INFO  Executed sudo&lt;collectd&gt;, exit status 0
15:48:56 INFO  Executed sudo&lt;collectd_mapper&gt;, exit status 0
15:48:56 INFO  Started sudo&lt;tedge_sub&gt; with process id 6403
15:48:57 INFO  Executed sudo&lt;tedge_temp&gt;, exit status 0
15:48:58 INFO  Executed sudo&lt;tedge_pres&gt;, exit status 0
15:48:59 INFO  Executed sudo&lt;tedge_temp&gt;, exit status 0
15:48:59 INFO  Executed sudo&lt;tedge_pres&gt;, exit status 0
15:49:00 INFO  Executed sudo&lt;tedge_temp&gt;, exit status 0
15:49:01 INFO  Executed sudo&lt;tedge_pres&gt;, exit status 0
15:49:01 INFO  Executed sudo&lt;tedge_temp&gt;, exit status 0
15:49:02 INFO  Executed sudo&lt;tedge_pres&gt;, exit status 0
15:49:02 INFO  Executed sudo&lt;tedge_temp&gt;, exit status 0
15:49:03 INFO  Executed sudo&lt;tedge_pres&gt;, exit status 0
15:49:04 INFO  Executed sudo&lt;tedge_temp&gt;, exit status 0
15:49:04 INFO  Executed sudo&lt;tedge_pres&gt;, exit status 0
15:49:05 INFO  Executed sudo&lt;tedge_temp&gt;, exit status 0
15:49:05 INFO  Executed sudo&lt;tedge_pres&gt;, exit status 0
15:49:06 INFO  Executed sudo&lt;tedge_temp&gt;, exit status 0
15:49:06 INFO  Executed sudo&lt;tedge_pres&gt;, exit status 0
15:49:07 INFO  Executed sudo&lt;tedge_temp&gt;, exit status 0
15:49:07 INFO  Executed sudo&lt;tedge_pres&gt;, exit status 0
15:49:08 INFO  Executed sudo&lt;tedge_temp&gt;, exit status 0
15:49:09 INFO  Executed sudo&lt;tedge_pres&gt;, exit status 0
15:49:10 INFO  Executed sudo&lt;kill_out&gt;, exit status 0
15:49:10 INFO  0

15:49:10 WARN  TypeError occurred while running test - 'int' object is not subscriptable
Traceback (most recent call last):
  File &quot;/home/pi/env-pysys/lib/python3.7/site-packages/pysys/baserunner.py&quot;, line 1296, in __call__
    self.testObj.validate()
  File &quot;/home/pi/actions-runner/_work/thin-edge.io/thin-edge.io/tests/PySys/monitoring/monitoring_smaller_interval/run.py&quot;, line 104, in validate
    collectd_msg_validation_result=self.validate_json(),
  File &quot;/home/pi/actions-runner/_work/thin-edge.io/thin-edge.io/tests/PySys/monitoring/monitoring_smaller_interval/run.py&quot;, line 114, in validate_json
    if not self.validate_time():
  File &quot;/home/pi/actions-runner/_work/thin-edge.io/thin-edge.io/tests/PySys/monitoring/monitoring_smaller_interval/run.py&quot;, line 134, in validate_time
    if self.js_msg[&quot;time&quot;]:
TypeError: 'int' object is not subscriptable
15:49:10 WARN  TypeError: 'int' object is not subscriptable ... blocked 
15:49:10 INFO  
15:49:10 INFO  cleanup:
15:49:10 INFO  monitoring_cleanup
15:49:11 INFO  Executed sudo&lt;collectd_mapper&gt;, exit status 0
15:49:11 INFO  
15:49:11 INFO  Test duration: 15.72 secs
15:49:11 INFO  Test final outcome:  BLOCKED
15:49:11 INFO  Test outcome reason: TypeError: 'int' object is not subscriptable
15:49:11 INFO  
</system-out>
	</testcase>
</testsuite>
