<?xml version="1.0" encoding="utf-8"?>
<testsuite failures="0" name="docker_plugin_remove" skipped="1" tests="1" time="0.02" timestamp="2022-06-22T17:19:26">
	<testcase classname="DockerPluginRemoveTest" name="docker_plugin_remove">
		<skipped message="SKIPPED: Testing the docker plugin is not supported on this platform.To run it, all the test with -XmyPlatform='container'"/>
		<system-out>17:19:26 INFO  ==============================================================
17:19:26 INFO  Id:    docker_plugin_remove
17:19:26 INFO  Dir:   plugin_docker/
17:19:26 INFO  Title: Validate docker plugin remove
17:19:26 INFO  ==============================================================
17:19:26 INFO  Testing the docker plugin is not supported on this platform.To run it, all the test with -XmyPlatform='container' ... skipped
17:19:26 WARN  Aborted test due to SKIPPED outcome
17:19:26 INFO  
17:19:26 INFO  Test duration: 0.02 secs
17:19:26 INFO  Test final outcome:  SKIPPED
17:19:26 INFO  Test outcome reason: Testing the docker plugin is not supported on this platform.To run it, all the test with -XmyPlatform='container'
17:19:26 INFO  
</system-out>
	</testcase>
</testsuite>
