<?xml version="1.0" encoding="utf-8"?>
<testsuite failures="0" name="SoftwareManagement.sm_mapper_fail_and_reconnect" skipped="1" tests="1" time="0.02" timestamp="2022-06-20T15:08:35">
	<testcase classname="MapperC8yReceiveLastMessageOnRestart" name="SoftwareManagement.sm_mapper_fail_and_reconnect">
		<skipped message="SKIPPED: instable https://github.com/thin-edge/thin-edge.io/issues/752"/>
		<system-out>15:08:35 INFO  ==============================================================
15:08:35 INFO  Id:    SoftwareManagement.sm_mapper_fail_and_reconnect
15:08:35 INFO  Dir:   software_management_end_to_end/
15:08:35 INFO  Title: Validate the tedge-mapper-sm-c8y for receiving the last message on restart
15:08:35 INFO  ==============================================================
15:08:35 INFO  instable https://github.com/thin-edge/thin-edge.io/issues/752 ... skipped
15:08:35 INFO  
15:08:35 INFO  Test duration: 0.02 secs
15:08:35 INFO  Test final outcome:  SKIPPED
15:08:35 INFO  Test outcome reason: instable https://github.com/thin-edge/thin-edge.io/issues/752
15:08:35 INFO  
</system-out>
	</testcase>
</testsuite>
