<?xml version="1.0" encoding="utf-8"?>
<testsuite failures="0" name="apt_fail_noarg" skipped="1" tests="1" time="0.05" timestamp="2022-07-27T09:16:05">
	<testcase classname="AptPluginFailNoArg" name="apt_fail_noarg">
		<skipped message="SKIPPED: Testing the apt plugin is not supported on this platform.To run the tests call PySys with -XmyPlatform='container'"/>
		<system-out>09:16:05 INFO  ==============================================================
09:16:05 INFO  Id:    apt_fail_noarg
09:16:05 INFO  Dir:   plugin_apt/
09:16:05 INFO  Title: Validate apt plugin fetures(prepare, list, install, remove finalize) without arguments
09:16:05 INFO  ==============================================================
09:16:05 INFO  Testing the apt plugin is not supported on this platform.To run the tests call PySys with -XmyPlatform='container' ... skipped
09:16:05 WARN  Aborted test due to SKIPPED outcome
09:16:05 INFO  
09:16:05 INFO  Test duration: 0.05 secs
09:16:05 INFO  Test final outcome:  SKIPPED
09:16:05 INFO  Test outcome reason: Testing the apt plugin is not supported on this platform.To run the tests call PySys with -XmyPlatform='container'
09:16:05 INFO  
</system-out>
	</testcase>
</testsuite>
