<?xml version="1.0" encoding="utf-8"?>
<testsuite failures="0" name="apt_sequence_remove_with_version" skipped="1" tests="1" time="0.02" timestamp="2022-07-27T09:16:09">
	<testcase classname="AptPluginRemoveWithVersion" name="apt_sequence_remove_with_version">
		<skipped message="SKIPPED: Testing the apt plugin is not supported on this platform.To run the tests call PySys with -XmyPlatform='container'"/>
		<system-out>09:16:09 INFO  ==============================================================
09:16:09 INFO  Id:    apt_sequence_remove_with_version
09:16:09 INFO  Dir:   plugin_apt/
09:16:09 INFO  Title: Validate apt plugin remove with version use case
09:16:09 INFO  ==============================================================
09:16:09 INFO  Testing the apt plugin is not supported on this platform.To run the tests call PySys with -XmyPlatform='container' ... skipped
09:16:09 WARN  Aborted test due to SKIPPED outcome
09:16:09 INFO  
09:16:09 INFO  Test duration: 0.02 secs
09:16:09 INFO  Test final outcome:  SKIPPED
09:16:09 INFO  Test outcome reason: Testing the apt plugin is not supported on this platform.To run the tests call PySys with -XmyPlatform='container'
09:16:09 INFO  
</system-out>
	</testcase>
</testsuite>
