<?xml version="1.0" encoding="utf-8"?>
<testsuite failures="0" name="apt_remove" skipped="1" tests="1" time="0.04" timestamp="2022-05-25T12:43:28">
	<testcase classname="AptPluginRemoveDense" name="apt_remove">
		<skipped message="SKIPPED: Testing the apt plugin is not supported on this platform.To run the tests call PySys with -XmyPlatform='container'"/>
		<system-out>12:43:28 INFO  ==============================================================
12:43:28 INFO  Id:    apt_remove
12:43:28 INFO  Dir:   plugin_apt/
12:43:28 INFO  Title: Validate apt plugin prepare - dense version
12:43:28 INFO  ==============================================================
12:43:28 INFO  Testing the apt plugin is not supported on this platform.To run the tests call PySys with -XmyPlatform='container' ... skipped
12:43:28 WARN  Aborted test due to SKIPPED outcome
12:43:28 INFO  
12:43:28 INFO  Test duration: 0.04 secs
12:43:28 INFO  Test final outcome:  SKIPPED
12:43:28 INFO  Test outcome reason: Testing the apt plugin is not supported on this platform.To run the tests call PySys with -XmyPlatform='container'
12:43:28 INFO  
</system-out>
	</testcase>
</testsuite>
