<?xml version="1.0" encoding="utf-8"?>
<testsuite failures="0" name="c8y_restart_bridge" skipped="0" tests="1" time="21.26" timestamp="2022-07-25T10:28:48">
	<testcase classname="RestartBridge" name="c8y_restart_bridge"/>
</testsuite>
