<?xml version="1.0" encoding="utf-8"?>
<testsuite failures="1" name="valid_device_id" skipped="0" tests="1" time="46.43" timestamp="2022-07-22T14:18:20">
	<testcase classname="ValidateValidDeviceId" name="valid_device_id">
		<failure message="FAILED: Grep on tedge_connect_c8y_test.out contains &quot;successful&quot;" type="FAILED"/>
		<system-out>14:17:33 INFO  ==============================================================
14:17:33 INFO  Id:    valid_device_id
14:17:33 INFO  Dir:   misc_features/
14:17:33 INFO  Title: Valid device ID
14:17:33 INFO  ==============================================================
14:17:34 INFO  Executed sudo&lt;tedge_disconnect_c8y&gt;, exit status 0
14:17:34 INFO  Executed sudo&lt;create_cert_dir&gt;, exit status 0
14:17:35 INFO  Executed sudo&lt;change_owner_of_dir&gt;, exit status 0
14:17:35 INFO  Executed sudo&lt;set_cert_path&gt;, exit status 0
14:17:36 INFO  Executed sudo&lt;set_key_path&gt;, exit status 0
14:17:37 INFO  Executed sudo&lt;cert_create&gt;, exit status 0
14:17:38 INFO  Executed sudo&lt;cert_upload&gt;, exit status 0
14:18:03 INFO  Executed sudo&lt;tedge_connect_c8y&gt;, exit status 0, duration 24 secs
14:18:14 INFO  Executed sudo&lt;tedge_connect_c8y_test&gt;, exit status 0
14:18:14 INFO  Grep on file tedge_connect_c8y.out ... passed
14:18:14 WARN  Grep on tedge_connect_c8y_test.out contains &quot;successful&quot; ... failed [run.py:108]
14:18:14 INFO  
14:18:14 INFO  cleanup:
14:18:18 INFO  Executed sudo&lt;tedge_disconnect_c8y&gt;, exit status 0
14:18:19 INFO  Executed sudo&lt;unset_cert_path&gt;, exit status 0
14:18:19 INFO  Executed sudo&lt;unset_key_path&gt;, exit status 0
14:18:20 INFO  Executed sudo&lt;remove_cert_dir&gt;, exit status 0
14:18:20 INFO  
14:18:20 INFO  Test duration: 46.43 secs
14:18:20 INFO  Test final outcome:  FAILED
14:18:20 INFO  Test outcome reason: Grep on tedge_connect_c8y_test.out contains &quot;successful&quot;
14:18:20 INFO  
</system-out>
	</testcase>
</testsuite>
