<?xml version="1.0" encoding="utf-8"?>
<testsuite failures="0" name="docker_plugin_update" skipped="1" tests="1" time="0.02" timestamp="2022-07-18T15:50:53">
	<testcase classname="DockerPluginUpdateTest" name="docker_plugin_update">
		<skipped message="SKIPPED: Testing the docker plugin is not supported on this platform.To run it, all the test with -XmyPlatform='container'"/>
		<system-out>15:50:53 INFO  ==============================================================
15:50:53 INFO  Id:    docker_plugin_update
15:50:53 INFO  Dir:   plugin_docker/
15:50:53 INFO  Title: Validate docker plugin install updates existing containers
15:50:53 INFO  ==============================================================
15:50:53 INFO  Testing the docker plugin is not supported on this platform.To run it, all the test with -XmyPlatform='container' ... skipped
15:50:53 WARN  Aborted test due to SKIPPED outcome
15:50:53 INFO  
15:50:53 INFO  Test duration: 0.02 secs
15:50:53 INFO  Test final outcome:  SKIPPED
15:50:53 INFO  Test outcome reason: Testing the docker plugin is not supported on this platform.To run it, all the test with -XmyPlatform='container'
15:50:53 INFO  
</system-out>
	</testcase>
</testsuite>
