<?xml version="1.0" encoding="utf-8"?>
<testsuite failures="1" name="mapper_awaits_before_reconnect" skipped="0" tests="1" time="7.93" timestamp="2022-05-23T17:00:19">
	<testcase classname="MapperReconnectAwait" name="mapper_awaits_before_reconnect">
		<failure message="FAILED: Line count on tedge_mapper_journal.out for &quot;tedge_mapper::core::mapper: MQTT connection error:&quot; expected &gt;=2 but got 0" type="FAILED"/>
		<system-out>17:00:11 INFO  ==============================================================
17:00:11 INFO  Id:    mapper_awaits_before_reconnect
17:00:11 INFO  Dir:   tedge_mapper_c8y/
17:00:11 INFO  Title: Validate mapper doesn't reconnect too often
17:00:11 INFO  ==============================================================
17:00:11 INFO  Started mosquitto_sub with process id 5889
17:00:11 INFO  Waiting for 0.1 seconds
17:00:12 INFO  Executed sudo&lt;tedge_mapper&gt;, exit status 0
17:00:12 INFO  Waiting for 5.0 seconds
17:00:17 INFO  Executed sudo&lt;tedge_mapper&gt;, exit status 0
17:00:19 INFO  Executed sudo&lt;tedge_mapper_journal&gt;, exit status 0
17:00:19 WARN  Grep on tedge_mapper_journal.out contains &quot;ERROR&quot; ... failed [run.py:67]
17:00:19 INFO  Line count on file tedge_mapper_journal.out ... passed
17:00:19 WARN  Line count on tedge_mapper_journal.out for &quot;tedge_mapper::core::mapper: MQTT connection error:&quot; expected &gt;=2 but got 0 ... failed [run.py:78]
17:00:19 WARN  Aborted test due to FAILED outcome
17:00:19 INFO  
17:00:19 INFO  Test duration: 7.93 secs
17:00:19 INFO  Test final outcome:  FAILED
17:00:19 INFO  Test outcome reason: Line count on tedge_mapper_journal.out for &quot;tedge_mapper::core::mapper: MQTT connection error:&quot; expected &gt;=2 but got 0
17:00:19 INFO  
</system-out>
	</testcase>
</testsuite>
