<?xml version="1.0" encoding="utf-8"?>
<testsuite failures="0" name="apt_prepare" skipped="1" tests="1" time="0.02" timestamp="2022-07-18T15:50:52">
	<testcase classname="AptPluginPrepare" name="apt_prepare">
		<skipped message="SKIPPED: Testing the apt plugin is not supported on this platform.To run the tests call PySys with -XmyPlatform='container'"/>
		<system-out>15:50:52 INFO  ==============================================================
15:50:52 INFO  Id:    apt_prepare
15:50:52 INFO  Dir:   plugin_apt/
15:50:52 INFO  Title: Validate apt plugin install - dense version
15:50:52 INFO  ==============================================================
15:50:52 INFO  Testing the apt plugin is not supported on this platform.To run the tests call PySys with -XmyPlatform='container' ... skipped
15:50:52 WARN  Aborted test due to SKIPPED outcome
15:50:52 INFO  
15:50:52 INFO  Test duration: 0.02 secs
15:50:52 INFO  Test final outcome:  SKIPPED
15:50:52 INFO  Test outcome reason: Testing the apt plugin is not supported on this platform.To run the tests call PySys with -XmyPlatform='container'
15:50:52 INFO  
</system-out>
	</testcase>
</testsuite>
