<?xml version="1.0" encoding="utf-8"?>
<testsuite failures="1" name="agent_init_session" skipped="0" tests="1" time="5.82" timestamp="2022-05-23T13:30:38">
	<testcase classname="AgentInitSession" name="agent_init_session">
		<failure message="FAILED: Grep on sub_resp.out contains &quot;Ld3KgqpcLDlrYH6sfpG7w&quot;" type="FAILED"/>
		<system-out>13:30:32 INFO  ==============================================================
13:30:32 INFO  Id:    agent_init_session
13:30:32 INFO  Dir:   tedge_agent/
13:30:32 INFO  Title: Validate tedge agent init session feature
13:30:32 INFO  ==============================================================
13:30:32 INFO  Executed sudo&lt;remove_lock&gt;, exit status 0
13:30:33 INFO  Executed sudo&lt;agent_clear&gt;, exit status 0
13:30:34 INFO  Executed sudo&lt;agent_init&gt;, exit status 0
13:30:34 INFO  Executed sudo&lt;pub_req&gt;, exit status 0
13:30:34 INFO  Started sudo&lt;sub_resp&gt; with process id 4653
13:30:35 INFO  Executed sudo&lt;agent_start&gt;, exit status 0
13:30:35 INFO  Waiting for 2.0 seconds
13:30:37 INFO  Executed sudo&lt;agent_stop&gt;, exit status 0
13:30:38 INFO  Executed sudo&lt;sub_stop&gt;, exit status 0
13:30:38 WARN  Grep on sub_resp.out contains &quot;Ld3KgqpcLDlrYH6sfpG7w&quot; ... failed [run.py:87]
13:30:38 INFO  
13:30:38 INFO  Test duration: 5.82 secs
13:30:38 INFO  Test final outcome:  FAILED
13:30:38 INFO  Test outcome reason: Grep on sub_resp.out contains &quot;Ld3KgqpcLDlrYH6sfpG7w&quot;
13:30:38 INFO  
</system-out>
	</testcase>
</testsuite>
