<?xml version="1.0" encoding="utf-8"?>
<testsuite failures="0" name="SoftwareManagement.sm_apt_install_remove_default" skipped="1" tests="1" time="0.04" timestamp="2022-07-20T13:02:16">
	<testcase classname="PySysTest" name="SoftwareManagement.sm_apt_install_remove_default">
		<skipped message="SKIPPED: Testing the apt plugin is not supported on this platform.Use parameter -XmyPlatform='container' to enable it"/>
		<system-out>13:02:16 INFO  ==============================================================
13:02:16 INFO  Id:    SoftwareManagement.sm_apt_install_remove_default
13:02:16 INFO  Dir:   software_management_end_to_end/
13:02:16 INFO  Title: Validate end to end behaviour for the default plugin for installation and removal of packages
13:02:16 INFO  ==============================================================
13:02:16 INFO  Testing the apt plugin is not supported on this platform.Use parameter -XmyPlatform='container' to enable it ... skipped
13:02:16 WARN  Aborted test due to SKIPPED outcome
13:02:16 INFO  
13:02:16 INFO  Test duration: 0.04 secs
13:02:16 INFO  Test final outcome:  SKIPPED
13:02:16 INFO  Test outcome reason: Testing the apt plugin is not supported on this platform.Use parameter -XmyPlatform='container' to enable it
13:02:16 INFO  
</system-out>
	</testcase>
</testsuite>
