<?xml version="1.0" encoding="utf-8"?>
<testsuite failures="0" name="tedge_agent_user_sudo_access" skipped="1" tests="1" time="0.02" timestamp="2022-05-23T11:19:30">
	<testcase classname="TedgeAgentUserSudoAccess" name="tedge_agent_user_sudo_access">
		<skipped message="SKIPPED: #955 Observation: Exit code of the apt plugin when called with no arguments"/>
		<system-out>11:19:30 INFO  ==============================================================
11:19:30 INFO  Id:    tedge_agent_user_sudo_access
11:19:30 INFO  Dir:   tedge/
11:19:30 INFO  Title: Validate tedge-agent user has a limited sudo right
11:19:30 INFO  ==============================================================
11:19:30 INFO  #955 Observation: Exit code of the apt plugin when called with no arguments ... skipped
11:19:30 INFO  
11:19:30 INFO  Test duration: 0.02 secs
11:19:30 INFO  Test final outcome:  SKIPPED
11:19:30 INFO  Test outcome reason: #955 Observation: Exit code of the apt plugin when called with no arguments
11:19:30 INFO  
</system-out>
	</testcase>
</testsuite>
