<?xml version="1.0" encoding="utf-8"?>
<testsuite failures="0" name="apt_install_local_file" skipped="1" tests="1" time="0.03" timestamp="2022-07-22T07:26:16">
	<testcase classname="AptPluginInstallFromLocalFile" name="apt_install_local_file">
		<skipped message="SKIPPED: Testing the apt plugin is not supported on this platform.To run the tests call PySys with -XmyPlatform='container'"/>
		<system-out>07:26:16 INFO  ==============================================================
07:26:16 INFO  Id:    apt_install_local_file
07:26:16 INFO  Dir:   plugin_apt/
07:26:16 INFO  Title: Validate apt plugin install from local file - SUCCESS case
07:26:16 INFO  ==============================================================
07:26:16 INFO  Testing the apt plugin is not supported on this platform.To run the tests call PySys with -XmyPlatform='container' ... skipped
07:26:16 WARN  Aborted test due to SKIPPED outcome
07:26:16 INFO  
07:26:16 INFO  Test duration: 0.03 secs
07:26:16 INFO  Test final outcome:  SKIPPED
07:26:16 INFO  Test outcome reason: Testing the apt plugin is not supported on this platform.To run the tests call PySys with -XmyPlatform='container'
07:26:16 INFO  
</system-out>
	</testcase>
</testsuite>
