<?xml version="1.0" encoding="utf-8"?>
<testsuite failures="0" name="apt_fail_noarg" skipped="1" tests="1" time="0.04" timestamp="2022-07-22T14:18:39">
	<testcase classname="AptPluginFailNoArg" name="apt_fail_noarg">
		<skipped message="SKIPPED: Testing the apt plugin is not supported on this platform.To run the tests call PySys with -XmyPlatform='container'"/>
		<system-out>14:18:39 INFO  ==============================================================
14:18:39 INFO  Id:    apt_fail_noarg
14:18:39 INFO  Dir:   plugin_apt/
14:18:39 INFO  Title: Validate apt plugin fetures(prepare, list, install, remove finalize) without arguments
14:18:39 INFO  ==============================================================
14:18:39 INFO  Testing the apt plugin is not supported on this platform.To run the tests call PySys with -XmyPlatform='container' ... skipped
14:18:39 WARN  Aborted test due to SKIPPED outcome
14:18:39 INFO  
14:18:39 INFO  Test duration: 0.04 secs
14:18:39 INFO  Test final outcome:  SKIPPED
14:18:39 INFO  Test outcome reason: Testing the apt plugin is not supported on this platform.To run the tests call PySys with -XmyPlatform='container'
14:18:39 INFO  
</system-out>
	</testcase>
</testsuite>
