<?xml version="1.0" encoding="utf-8"?>
<testsuite failures="1" name="monitoring_smaller_interval" skipped="0" tests="1" time="14.97" timestamp="2022-07-26T07:17:06">
	<testcase classname="MonitoringSmallInterval" name="monitoring_smaller_interval">
		<failure message="BLOCKED: TypeError: 'int' object is not subscriptable" type="BLOCKED"/>
		<system-out>07:16:51 INFO  ==============================================================
07:16:51 INFO  Id:    monitoring_smaller_interval
07:16:51 INFO  Dir:   monitoring/
07:16:51 INFO  Title: Validate the tedge dm agent messages that are produced with smaller sampling interval than the batching window. Here the simulated collectd messages are used
07:16:51 INFO  ==============================================================
07:16:52 INFO  Executed sudo&lt;collectd&gt;, exit status 0
07:16:52 INFO  Executed sudo&lt;collectd_mapper&gt;, exit status 0
07:16:52 INFO  Started sudo&lt;tedge_sub&gt; with process id 25006
07:16:53 INFO  Executed sudo&lt;tedge_temp&gt;, exit status 0
07:16:53 INFO  Executed sudo&lt;tedge_pres&gt;, exit status 0
07:16:54 INFO  Executed sudo&lt;tedge_temp&gt;, exit status 0
07:16:54 INFO  Executed sudo&lt;tedge_pres&gt;, exit status 0
07:16:55 INFO  Executed sudo&lt;tedge_temp&gt;, exit status 0
07:16:56 INFO  Executed sudo&lt;tedge_pres&gt;, exit status 0
07:16:56 INFO  Executed sudo&lt;tedge_temp&gt;, exit status 0
07:16:57 INFO  Executed sudo&lt;tedge_pres&gt;, exit status 0
07:16:57 INFO  Executed sudo&lt;tedge_temp&gt;, exit status 0
07:16:58 INFO  Executed sudo&lt;tedge_pres&gt;, exit status 0
07:16:58 INFO  Executed sudo&lt;tedge_temp&gt;, exit status 0
07:16:59 INFO  Executed sudo&lt;tedge_pres&gt;, exit status 0
07:17:00 INFO  Executed sudo&lt;tedge_temp&gt;, exit status 0
07:17:00 INFO  Executed sudo&lt;tedge_pres&gt;, exit status 0
07:17:01 INFO  Executed sudo&lt;tedge_temp&gt;, exit status 0
07:17:01 INFO  Executed sudo&lt;tedge_pres&gt;, exit status 0
07:17:02 INFO  Executed sudo&lt;tedge_temp&gt;, exit status 0
07:17:02 INFO  Executed sudo&lt;tedge_pres&gt;, exit status 0
07:17:03 INFO  Executed sudo&lt;tedge_temp&gt;, exit status 0
07:17:04 INFO  Executed sudo&lt;tedge_pres&gt;, exit status 0
07:17:05 INFO  Executed sudo&lt;kill_out&gt;, exit status 0
07:17:05 INFO  0

07:17:05 WARN  TypeError occurred while running test - 'int' object is not subscriptable
Traceback (most recent call last):
  File &quot;/home/pi/env-pysys/lib/python3.7/site-packages/pysys/baserunner.py&quot;, line 1296, in __call__
    self.testObj.validate()
  File &quot;/home/pi/actions-runner/_work/thin-edge.io/thin-edge.io/tests/PySys/monitoring/monitoring_smaller_interval/run.py&quot;, line 104, in validate
    collectd_msg_validation_result=self.validate_json(),
  File &quot;/home/pi/actions-runner/_work/thin-edge.io/thin-edge.io/tests/PySys/monitoring/monitoring_smaller_interval/run.py&quot;, line 114, in validate_json
    if not self.validate_time():
  File &quot;/home/pi/actions-runner/_work/thin-edge.io/thin-edge.io/tests/PySys/monitoring/monitoring_smaller_interval/run.py&quot;, line 134, in validate_time
    if self.js_msg[&quot;time&quot;]:
TypeError: 'int' object is not subscriptable
07:17:05 WARN  TypeError: 'int' object is not subscriptable ... blocked 
07:17:05 INFO  
07:17:05 INFO  cleanup:
07:17:05 INFO  monitoring_cleanup
07:17:06 INFO  Executed sudo&lt;collectd_mapper&gt;, exit status 0
07:17:06 INFO  
07:17:06 INFO  Test duration: 14.97 secs
07:17:06 INFO  Test final outcome:  BLOCKED
07:17:06 INFO  Test outcome reason: TypeError: 'int' object is not subscriptable
07:17:06 INFO  
</system-out>
	</testcase>
</testsuite>
