<?xml version="1.0" encoding="utf-8"?>
<testsuite failures="0" name="smoketest_smartrest" skipped="0" tests="1" time="48.31" timestamp="2022-06-09T16:39:26">
	<testcase classname="SmoketestSmartRest" name="smoketest_smartrest"/>
</testsuite>
