<?xml version="1.0" encoding="utf-8"?>
<testsuite failures="0" name="monitoring_with_collectd" skipped="1" tests="1" time="0.06" timestamp="2022-06-29T11:54:42">
	<testcase classname="MonitoringWithCollectd" name="monitoring_with_collectd">
		<skipped message="SKIPPED: Test execution disabled due to #792 (instable)"/>
		<system-out>11:54:42 INFO  ==============================================================
11:54:42 INFO  Id:    monitoring_with_collectd
11:54:42 INFO  Dir:   monitoring/
11:54:42 INFO  Title: Validate tedge dm agent messages that are produced by batching the collectd messages
11:54:42 INFO  ==============================================================
11:54:42 INFO  Test execution disabled due to #792 (instable) ... skipped
11:54:42 INFO  
11:54:42 INFO  Test duration: 0.06 secs
11:54:42 INFO  Test final outcome:  SKIPPED
11:54:42 INFO  Test outcome reason: Test execution disabled due to #792 (instable)
11:54:42 INFO  
</system-out>
	</testcase>
</testsuite>
