<?xml version="1.0" encoding="utf-8"?>
<testsuite failures="0" name="monitoring_with_collectd" skipped="1" tests="1" time="0.02" timestamp="2022-05-25T12:43:20">
	<testcase classname="MonitoringWithCollectd" name="monitoring_with_collectd">
		<skipped message="SKIPPED: Test execution disabled due to #792 (instable)"/>
		<system-out>12:43:20 INFO  ==============================================================
12:43:20 INFO  Id:    monitoring_with_collectd
12:43:20 INFO  Dir:   monitoring/
12:43:20 INFO  Title: Validate tedge dm agent messages that are produced by batching the collectd messages
12:43:20 INFO  ==============================================================
12:43:20 INFO  Test execution disabled due to #792 (instable) ... skipped
12:43:20 INFO  
12:43:20 INFO  Test duration: 0.02 secs
12:43:20 INFO  Test final outcome:  SKIPPED
12:43:20 INFO  Test outcome reason: Test execution disabled due to #792 (instable)
12:43:20 INFO  
</system-out>
	</testcase>
</testsuite>
