<?xml version="1.0" encoding="utf-8"?>
<testsuite failures="0" name="docker_plugin_finalize" skipped="1" tests="1" time="0.05" timestamp="2022-07-25T08:30:58">
	<testcase classname="DockerPluginFinalizeTest" name="docker_plugin_finalize">
		<skipped message="SKIPPED: Testing the docker plugin is not supported on this platform.To run it, all the test with -XmyPlatform='container'"/>
		<system-out>08:30:57 INFO  ==============================================================
08:30:57 INFO  Id:    docker_plugin_finalize
08:30:58 INFO  Dir:   plugin_docker/
08:30:58 INFO  Title: Validate docker plugin finalize command
08:30:58 INFO  ==============================================================
08:30:58 INFO  Testing the docker plugin is not supported on this platform.To run it, all the test with -XmyPlatform='container' ... skipped
08:30:58 WARN  Aborted test due to SKIPPED outcome
08:30:58 INFO  
08:30:58 INFO  Test duration: 0.05 secs
08:30:58 INFO  Test final outcome:  SKIPPED
08:30:58 INFO  Test outcome reason: Testing the docker plugin is not supported on this platform.To run it, all the test with -XmyPlatform='container'
08:30:58 INFO  
</system-out>
	</testcase>
</testsuite>
