<?xml version="1.0" encoding="utf-8"?>
<testsuite failures="0" name="docker_plugin_install" skipped="1" tests="1" time="0.02" timestamp="2022-06-10T09:12:17">
	<testcase classname="DockerPluginInstallTest" name="docker_plugin_install">
		<skipped message="SKIPPED: Testing the docker plugin is not supported on this platform.To run it, all the test with -XmyPlatform='container'"/>
		<system-out>09:12:17 INFO  ==============================================================
09:12:17 INFO  Id:    docker_plugin_install
09:12:17 INFO  Dir:   plugin_docker/
09:12:17 INFO  Title: Validate docker plugin install
09:12:17 INFO  ==============================================================
09:12:17 INFO  Testing the docker plugin is not supported on this platform.To run it, all the test with -XmyPlatform='container' ... skipped
09:12:17 WARN  Aborted test due to SKIPPED outcome
09:12:17 INFO  
09:12:17 INFO  Test duration: 0.02 secs
09:12:17 INFO  Test final outcome:  SKIPPED
09:12:17 INFO  Test outcome reason: Testing the docker plugin is not supported on this platform.To run it, all the test with -XmyPlatform='container'
09:12:17 INFO  
</system-out>
	</testcase>
</testsuite>
