<?xml version="1.0" encoding="utf-8"?>
<testsuite failures="0" name="SoftwareManagement.sm_fake_install_remove" skipped="1" tests="1" time="0.02" timestamp="2022-06-10T09:21:47">
	<testcase classname="PySysTest" name="SoftwareManagement.sm_fake_install_remove">
		<skipped message="SKIPPED: Testing the fake plugin is not enabled.Use parameter -Xfakeplugin=fakeplugin to enable it"/>
		<system-out>09:21:47 INFO  ==============================================================
09:21:47 INFO  Id:    SoftwareManagement.sm_fake_install_remove
09:21:47 INFO  Dir:   software_management_end_to_end/
09:21:47 INFO  Title: Validate end to end behaviour for the dummy plugin for installation and removal of packages
09:21:47 INFO  ==============================================================
09:21:47 INFO  Testing the fake plugin is not enabled.Use parameter -Xfakeplugin=fakeplugin to enable it ... skipped
09:21:47 WARN  Aborted test due to SKIPPED outcome
09:21:47 INFO  
09:21:47 INFO  Test duration: 0.02 secs
09:21:47 INFO  Test final outcome:  SKIPPED
09:21:47 INFO  Test outcome reason: Testing the fake plugin is not enabled.Use parameter -Xfakeplugin=fakeplugin to enable it
09:21:47 INFO  
</system-out>
	</testcase>
</testsuite>
