<?xml version="1.0" encoding="utf-8"?>
<testsuite failures="0" name="smoketest_smartrest" skipped="0" tests="1" time="48.35" timestamp="2022-06-10T13:07:41">
	<testcase classname="SmoketestSmartRest" name="smoketest_smartrest"/>
</testsuite>
