<?xml version="1.0" encoding="utf-8"?>
<testsuite failures="0" name="tedge_connect_test_sm_services" skipped="0" tests="1" time="27.51" timestamp="2022-07-21T15:01:53">
	<testcase classname="TedgeConnectTestSMServices" name="tedge_connect_test_sm_services"/>
</testsuite>
