<?xml version="1.0" encoding="utf-8"?>
<testsuite failures="0" name="smoketest_json" skipped="0" tests="1" time="45.84" timestamp="2022-07-19T13:42:28">
	<testcase classname="SmokeTestJson" name="smoketest_json"/>
</testsuite>
