<?xml version="1.0" encoding="utf-8"?>
<testsuite failures="0" name="docker_plugin_remove_with_version" skipped="1" tests="1" time="0.04" timestamp="2022-07-21T09:58:12">
	<testcase classname="DockerPluginRemoveWithVersionTest" name="docker_plugin_remove_with_version">
		<skipped message="SKIPPED: Testing the docker plugin is not supported on this platform.To run it, all the test with -XmyPlatform='container'"/>
		<system-out>09:58:12 INFO  ==============================================================
09:58:12 INFO  Id:    docker_plugin_remove_with_version
09:58:12 INFO  Dir:   plugin_docker/
09:58:12 INFO  Title: Validate docker plugin remove with version
09:58:12 INFO  ==============================================================
09:58:12 INFO  Testing the docker plugin is not supported on this platform.To run it, all the test with -XmyPlatform='container' ... skipped
09:58:12 WARN  Aborted test due to SKIPPED outcome
09:58:12 INFO  
09:58:12 INFO  Test duration: 0.04 secs
09:58:12 INFO  Test final outcome:  SKIPPED
09:58:12 INFO  Test outcome reason: Testing the docker plugin is not supported on this platform.To run it, all the test with -XmyPlatform='container'
09:58:12 INFO  
</system-out>
	</testcase>
</testsuite>
