<?xml version="1.0" encoding="utf-8"?>
<testsuite failures="1" name="call_tedge_-h_-V" skipped="0" tests="1" time="0.49" timestamp="2022-07-21T13:30:33">
	<testcase classname="PySysTest" name="call_tedge_-h_-V">
		<failure message="FAILED: Grep on tedge.out contains &quot;tedge 0.6&quot;" type="FAILED"/>
		<system-out>13:30:32 INFO  ==============================================================
13:30:32 INFO  Id:    call_tedge_-h_-V
13:30:32 INFO  Dir:   tedge/
13:30:32 INFO  Title: Validate command line option -h -V
13:30:32 INFO  ==============================================================
13:30:33 INFO  Executed tedge, exit status 0
13:30:33 WARN  Grep on tedge.out contains &quot;tedge 0.6&quot; ... failed [run.py:32]
13:30:33 INFO  Grep on file tedge.out ... passed
13:30:33 INFO  
13:30:33 INFO  Test duration: 0.49 secs
13:30:33 INFO  Test final outcome:  FAILED
13:30:33 INFO  Test outcome reason: Grep on tedge.out contains &quot;tedge 0.6&quot;
13:30:33 INFO  
</system-out>
	</testcase>
</testsuite>
