<?xml version="1.0" encoding="utf-8"?>
<testsuite failures="1" name="call_tedge_-h_-V" skipped="0" tests="1" time="0.49" timestamp="2022-06-22T14:03:30">
	<testcase classname="PySysTest" name="call_tedge_-h_-V">
		<failure message="FAILED: Grep on tedge.out contains &quot;tedge 0.6&quot;" type="FAILED"/>
		<system-out>14:03:30 INFO  ==============================================================
14:03:30 INFO  Id:    call_tedge_-h_-V
14:03:30 INFO  Dir:   tedge/
14:03:30 INFO  Title: Validate command line option -h -V
14:03:30 INFO  ==============================================================
14:03:30 INFO  Executed tedge, exit status 0
14:03:30 WARN  Grep on tedge.out contains &quot;tedge 0.6&quot; ... failed [run.py:32]
14:03:30 INFO  Grep on file tedge.out ... passed
14:03:30 INFO  
14:03:30 INFO  Test duration: 0.49 secs
14:03:30 INFO  Test final outcome:  FAILED
14:03:30 INFO  Test outcome reason: Grep on tedge.out contains &quot;tedge 0.6&quot;
14:03:30 INFO  
</system-out>
	</testcase>
</testsuite>
