<?xml version="1.0" encoding="utf-8"?>
<testsuite failures="0" name="smoketest_json" skipped="0" tests="1" time="46.6" timestamp="2022-07-01T06:54:54">
	<testcase classname="SmokeTestJson" name="smoketest_json"/>
</testsuite>
