<?xml version="1.0" encoding="utf-8"?>
<testsuite failures="0" name="apt_install_local_file_with_version_fail" skipped="1" tests="1" time="0.02" timestamp="2022-05-20T09:35:44">
	<testcase classname="AptPluginInstallFromLocalFileWithVersionFail" name="apt_install_local_file_with_version_fail">
		<skipped message="SKIPPED: Testing the apt plugin is not supported on this platform.To run the tests call PySys with -XmyPlatform='container'"/>
		<system-out>09:35:44 INFO  ==============================================================
09:35:44 INFO  Id:    apt_install_local_file_with_version_fail
09:35:44 INFO  Dir:   plugin_apt/
09:35:44 INFO  Title: Validate apt plugin install from local file AND with a version - FAIL case
09:35:44 INFO  ==============================================================
09:35:44 INFO  Testing the apt plugin is not supported on this platform.To run the tests call PySys with -XmyPlatform='container' ... skipped
09:35:44 WARN  Aborted test due to SKIPPED outcome
09:35:44 INFO  
09:35:44 INFO  Test duration: 0.02 secs
09:35:44 INFO  Test final outcome:  SKIPPED
09:35:44 INFO  Test outcome reason: Testing the apt plugin is not supported on this platform.To run the tests call PySys with -XmyPlatform='container'
09:35:44 INFO  
</system-out>
	</testcase>
</testsuite>
