<?xml version="1.0" encoding="utf-8"?>
<testsuite failures="0" name="SoftwareManagement.Plugin.apama_plugin_install" skipped="1" tests="1" time="0.05" timestamp="2022-07-22T03:51:04">
	<testcase classname="ApamaPluginInstallTest" name="SoftwareManagement.Plugin.apama_plugin_install">
		<skipped message="SKIPPED: Apama plugin tests are disabled by default. Execute `pysys run` with `-XmyPlatform=container` to run these tests"/>
		<system-out>03:51:04 INFO  ==============================================================
03:51:04 INFO  Id:    SoftwareManagement.Plugin.apama_plugin_install
03:51:04 INFO  Dir:   plugin_apama/
03:51:04 INFO  Title: Validate apama plugin install
03:51:04 INFO  ==============================================================
03:51:04 INFO  Apama plugin tests are disabled by default. Execute `pysys run` with `-XmyPlatform=container` to run these tests ... skipped
03:51:04 WARN  Aborted test due to SKIPPED outcome
03:51:04 INFO  
03:51:04 INFO  Test duration: 0.05 secs
03:51:04 INFO  Test final outcome:  SKIPPED
03:51:04 INFO  Test outcome reason: Apama plugin tests are disabled by default. Execute `pysys run` with `-XmyPlatform=container` to run these tests
03:51:04 INFO  
</system-out>
	</testcase>
</testsuite>
