<?xml version="1.0" encoding="utf-8"?>
<testsuite failures="0" name="apt_remove_fail" skipped="1" tests="1" time="0.03" timestamp="2022-05-24T15:38:03">
	<testcase classname="AptPluginRemoveFails" name="apt_remove_fail">
		<skipped message="SKIPPED: Testing the apt plugin is not supported on this platform.To run the tests call PySys with -XmyPlatform='container'"/>
		<system-out>15:38:02 INFO  ==============================================================
15:38:02 INFO  Id:    apt_remove_fail
15:38:02 INFO  Dir:   plugin_apt/
15:38:02 INFO  Title: Validate apt plugin prepare - failing
15:38:02 INFO  ==============================================================
15:38:02 INFO  Testing the apt plugin is not supported on this platform.To run the tests call PySys with -XmyPlatform='container' ... skipped
15:38:02 WARN  Aborted test due to SKIPPED outcome
15:38:03 INFO  
15:38:03 INFO  Test duration: 0.03 secs
15:38:03 INFO  Test final outcome:  SKIPPED
15:38:03 INFO  Test outcome reason: Testing the apt plugin is not supported on this platform.To run the tests call PySys with -XmyPlatform='container'
15:38:03 INFO  
</system-out>
	</testcase>
</testsuite>
