<?xml version="1.0" encoding="utf-8"?>
<testsuite failures="0" name="SoftwareManagement.sm_apt_install_remove_with_version" skipped="1" tests="1" time="0.02" timestamp="2022-05-23T11:19:03">
	<testcase classname="PySysTest" name="SoftwareManagement.sm_apt_install_remove_with_version">
		<skipped message="SKIPPED: Testing the apt plugin is not supported on this platform.Use parameter -XmyPlatform='container' to enable it"/>
		<system-out>11:19:03 INFO  ==============================================================
11:19:03 INFO  Id:    SoftwareManagement.sm_apt_install_remove_with_version
11:19:03 INFO  Dir:   software_management_end_to_end/
11:19:03 INFO  Title: Validate end to end behaviour for the apt plugin for packages with version
11:19:03 INFO  ==============================================================
11:19:03 INFO  Testing the apt plugin is not supported on this platform.Use parameter -XmyPlatform='container' to enable it ... skipped
11:19:03 WARN  Aborted test due to SKIPPED outcome
11:19:03 INFO  
11:19:03 INFO  Test duration: 0.02 secs
11:19:03 INFO  Test final outcome:  SKIPPED
11:19:03 INFO  Test outcome reason: Testing the apt plugin is not supported on this platform.Use parameter -XmyPlatform='container' to enable it
11:19:03 INFO  
</system-out>
	</testcase>
</testsuite>
