<?xml version="1.0" encoding="utf-8"?>
<testsuite failures="0" name="apt_install" skipped="1" tests="1" time="0.04" timestamp="2022-07-25T13:33:00">
	<testcase classname="AptPluginInstallDense" name="apt_install">
		<skipped message="SKIPPED: Testing the apt plugin is not supported on this platform.To run the tests call PySys with -XmyPlatform='container'"/>
		<system-out>13:33:00 INFO  ==============================================================
13:33:00 INFO  Id:    apt_install
13:33:00 INFO  Dir:   plugin_apt/
13:33:00 INFO  Title: Validate apt plugin prepare - dense version
13:33:00 INFO  ==============================================================
13:33:00 INFO  Testing the apt plugin is not supported on this platform.To run the tests call PySys with -XmyPlatform='container' ... skipped
13:33:00 WARN  Aborted test due to SKIPPED outcome
13:33:00 INFO  
13:33:00 INFO  Test duration: 0.04 secs
13:33:00 INFO  Test final outcome:  SKIPPED
13:33:00 INFO  Test outcome reason: Testing the apt plugin is not supported on this platform.To run the tests call PySys with -XmyPlatform='container'
13:33:00 INFO  
</system-out>
	</testcase>
</testsuite>
