<?xml version="1.0" encoding="utf-8"?>
<testsuite failures="0" name="SoftwareManagement.Plugin.apama_plugin_update" skipped="1" tests="1" time="0.03" timestamp="2022-06-07T11:27:47">
	<testcase classname="ApamaPluginUpdateTest" name="SoftwareManagement.Plugin.apama_plugin_update">
		<skipped message="SKIPPED: Apama plugin tests are disabled by default. Execute `pysys run` with `-XmyPlatform=container` to run these tests"/>
		<system-out>11:27:47 INFO  ==============================================================
11:27:47 INFO  Id:    SoftwareManagement.Plugin.apama_plugin_update
11:27:47 INFO  Dir:   plugin_apama/
11:27:47 INFO  Title: Validate apama plugin updating one project with another
11:27:47 INFO  ==============================================================
11:27:47 INFO  Apama plugin tests are disabled by default. Execute `pysys run` with `-XmyPlatform=container` to run these tests ... skipped
11:27:47 WARN  Aborted test due to SKIPPED outcome
11:27:47 INFO  
11:27:47 INFO  Test duration: 0.03 secs
11:27:47 INFO  Test final outcome:  SKIPPED
11:27:47 INFO  Test outcome reason: Apama plugin tests are disabled by default. Execute `pysys run` with `-XmyPlatform=container` to run these tests
11:27:47 INFO  
</system-out>
	</testcase>
</testsuite>
