<?xml version="1.0" encoding="utf-8"?>
<testsuite failures="1" name="call_tedge_-h_-V" skipped="0" tests="1" time="0.48" timestamp="2022-07-25T08:40:27">
	<testcase classname="PySysTest" name="call_tedge_-h_-V">
		<failure message="FAILED: Grep on tedge.out contains &quot;tedge 0.6&quot;" type="FAILED"/>
		<system-out>08:40:27 INFO  ==============================================================
08:40:27 INFO  Id:    call_tedge_-h_-V
08:40:27 INFO  Dir:   tedge/
08:40:27 INFO  Title: Validate command line option -h -V
08:40:27 INFO  ==============================================================
08:40:27 INFO  Executed tedge, exit status 0
08:40:27 WARN  Grep on tedge.out contains &quot;tedge 0.6&quot; ... failed [run.py:32]
08:40:27 INFO  Grep on file tedge.out ... passed
08:40:27 INFO  
08:40:27 INFO  Test duration: 0.48 secs
08:40:27 INFO  Test final outcome:  FAILED
08:40:27 INFO  Test outcome reason: Grep on tedge.out contains &quot;tedge 0.6&quot;
08:40:27 INFO  
</system-out>
	</testcase>
</testsuite>
