<?xml version="1.0" encoding="utf-8"?>
<testsuite failures="1" name="tedge_mapper_c8y_packet_threshold_size" skipped="0" tests="1" time="3.06" timestamp="2022-06-29T17:10:55">
	<testcase classname="TedgeMapperC8yThresholdPacketSize" name="tedge_mapper_c8y_packet_threshold_size">
		<failure message="FAILED: Grep on tedge_sub.out contains &quot;The size of the message received on tedge/measurements is 20489 which is greater than the threshold size of 16184.&quot;" type="FAILED"/>
		<system-out>17:10:51 INFO  ==============================================================
17:10:51 INFO  Id:    tedge_mapper_c8y_packet_threshold_size
17:10:51 INFO  Dir:   tedge_mapper_c8y/
17:10:51 INFO  Title: Validate the Cumulocity Mapper accepted threshold packet size when it receives a message on tedge/measurements
17:10:51 INFO  ==============================================================
17:10:52 INFO  Executed sudo&lt;tedge_mapper_c8y&gt;, exit status 0
17:10:52 INFO  Started sudo&lt;tedge_sub&gt; with process id 13553
17:10:53 INFO  Executed sudo&lt;tedge_msg&gt;, exit status 0
17:10:53 INFO  Executed sudo&lt;tedge_pub&gt;, exit status 0
17:10:54 INFO  Executed sudo&lt;kill_out&gt;, exit status 0
17:10:54 WARN  Grep on tedge_sub.out contains &quot;The size of the message received on tedge/measurements is 20489 which is greater than the threshold size of 16184.&quot; ... failed [run.py:88]
17:10:54 INFO  
17:10:54 INFO  cleanup:
17:10:54 INFO  mapper_cleanup
17:10:54 INFO  Executed sudo&lt;tedge_mapper_c8y&gt;, exit status 0
17:10:55 INFO  
17:10:55 INFO  Test duration: 3.06 secs
17:10:55 INFO  Test final outcome:  FAILED
17:10:55 INFO  Test outcome reason: Grep on tedge_sub.out contains &quot;The size of the message received on tedge/measurements is 20489 which is greater than the threshold size of 16184.&quot;
17:10:55 INFO  
</system-out>
	</testcase>
</testsuite>
