<?xml version="1.0" encoding="utf-8"?>
<testsuite failures="0" name="apt_fail_noarg" skipped="1" tests="1" time="0.05" timestamp="2022-05-20T13:21:45">
	<testcase classname="AptPluginFailNoArg" name="apt_fail_noarg">
		<skipped message="SKIPPED: Testing the apt plugin is not supported on this platform.To run the tests call PySys with -XmyPlatform='container'"/>
		<system-out>13:21:45 INFO  ==============================================================
13:21:45 INFO  Id:    apt_fail_noarg
13:21:45 INFO  Dir:   plugin_apt/
13:21:45 INFO  Title: Validate apt plugin fetures(prepare, list, install, remove finalize) without arguments
13:21:45 INFO  ==============================================================
13:21:45 INFO  Testing the apt plugin is not supported on this platform.To run the tests call PySys with -XmyPlatform='container' ... skipped
13:21:45 WARN  Aborted test due to SKIPPED outcome
13:21:45 INFO  
13:21:45 INFO  Test duration: 0.05 secs
13:21:45 INFO  Test final outcome:  SKIPPED
13:21:45 INFO  Test outcome reason: Testing the apt plugin is not supported on this platform.To run the tests call PySys with -XmyPlatform='container'
13:21:45 INFO  
</system-out>
	</testcase>
</testsuite>
