<?xml version="1.0" encoding="utf-8"?>
<testsuite failures="1" name="agent_init_session" skipped="0" tests="1" time="5.87" timestamp="2022-07-21T21:25:44">
	<testcase classname="AgentInitSession" name="agent_init_session">
		<failure message="FAILED: Grep on sub_resp.out contains &quot;Ld3KgqpcLDlrYH6sfpG7w&quot;" type="FAILED"/>
		<system-out>21:25:38 INFO  ==============================================================
21:25:38 INFO  Id:    agent_init_session
21:25:38 INFO  Dir:   tedge_agent/
21:25:38 INFO  Title: Validate tedge agent init session feature
21:25:38 INFO  ==============================================================
21:25:39 INFO  Executed sudo&lt;remove_lock&gt;, exit status 0
21:25:39 INFO  Executed sudo&lt;agent_clear&gt;, exit status 0
21:25:40 INFO  Executed sudo&lt;agent_init&gt;, exit status 0
21:25:40 INFO  Executed sudo&lt;pub_req&gt;, exit status 0
21:25:40 INFO  Started sudo&lt;sub_resp&gt; with process id 31916
21:25:41 INFO  Executed sudo&lt;agent_start&gt;, exit status 0
21:25:41 INFO  Waiting for 2.0 seconds
21:25:43 INFO  Executed sudo&lt;agent_stop&gt;, exit status 0
21:25:44 INFO  Executed sudo&lt;sub_stop&gt;, exit status 0
21:25:44 WARN  Grep on sub_resp.out contains &quot;Ld3KgqpcLDlrYH6sfpG7w&quot; ... failed [run.py:87]
21:25:44 INFO  
21:25:44 INFO  Test duration: 5.87 secs
21:25:44 INFO  Test final outcome:  FAILED
21:25:44 INFO  Test outcome reason: Grep on sub_resp.out contains &quot;Ld3KgqpcLDlrYH6sfpG7w&quot;
21:25:44 INFO  
</system-out>
	</testcase>
</testsuite>
