<?xml version="1.0" encoding="utf-8"?>
<testsuite failures="0" name="runtime_start_two_mappers" skipped="0" tests="1" time="2.07" timestamp="2022-07-20T13:05:30">
	<testcase classname="RuntimeMultiMappers" name="runtime_start_two_mappers"/>
</testsuite>
