<?xml version="1.0" encoding="utf-8"?>
<testsuite failures="1" name="c8y_jwt_token_retrieval" skipped="0" tests="1" time="25.55" timestamp="2022-06-09T06:55:13">
	<testcase classname="ValidateJWTTokenRetrieval" name="c8y_jwt_token_retrieval">
		<failure message="FAILED: Grep on resp_jwt.out contains &quot;\[c8y/s/dat\] 71,&quot;" type="FAILED"/>
		<system-out>06:54:47 INFO  ==============================================================
06:54:47 INFO  Id:    c8y_jwt_token_retrieval
06:54:47 INFO  Dir:   cloud_c8y/
06:54:47 INFO  Title: Validate the Cumulocity JWT Token Retrieval feature
06:54:47 INFO  ==============================================================
06:54:48 INFO  Executed sudo&lt;tedge_disconnect_c8y&gt;, exit status 0
06:55:05 INFO  Executed sudo&lt;tedge_connect_c8y&gt;, exit status 0, duration 16 secs
06:55:05 INFO  Started sudo&lt;resp_jwt&gt; with process id 15680
06:55:05 INFO  Executed sudo&lt;req_jwt&gt;, exit status 0
06:55:07 INFO  Executed sudo&lt;kill_out&gt;, exit status 0
06:55:08 WARN  Grep on resp_jwt.out contains &quot;\[c8y/s/dat\] 71,&quot; ... failed [run.py:60]
06:55:08 INFO  
06:55:08 INFO  cleanup:
06:55:13 INFO  Executed sudo&lt;tedge_disconnect_c8y&gt;, exit status 0
06:55:13 INFO  
06:55:13 INFO  Test duration: 25.55 secs
06:55:13 INFO  Test final outcome:  FAILED
06:55:13 INFO  Test outcome reason: Grep on resp_jwt.out contains &quot;\[c8y/s/dat\] 71,&quot;
06:55:13 INFO  
</system-out>
	</testcase>
</testsuite>
