<?xml version="1.0" encoding="utf-8"?>
<testsuite failures="0" name="SoftwareManagement.Plugin.apama_plugin_install" skipped="1" tests="1" time="0.04" timestamp="2022-05-23T08:27:40">
	<testcase classname="ApamaPluginInstallTest" name="SoftwareManagement.Plugin.apama_plugin_install">
		<skipped message="SKIPPED: Apama plugin tests are disabled by default. Execute `pysys run` with `-XmyPlatform=container` to run these tests"/>
		<system-out>08:27:40 INFO  ==============================================================
08:27:40 INFO  Id:    SoftwareManagement.Plugin.apama_plugin_install
08:27:40 INFO  Dir:   plugin_apama/
08:27:40 INFO  Title: Validate apama plugin install
08:27:40 INFO  ==============================================================
08:27:40 INFO  Apama plugin tests are disabled by default. Execute `pysys run` with `-XmyPlatform=container` to run these tests ... skipped
08:27:40 WARN  Aborted test due to SKIPPED outcome
08:27:40 INFO  
08:27:40 INFO  Test duration: 0.04 secs
08:27:40 INFO  Test final outcome:  SKIPPED
08:27:40 INFO  Test outcome reason: Apama plugin tests are disabled by default. Execute `pysys run` with `-XmyPlatform=container` to run these tests
08:27:40 INFO  
</system-out>
	</testcase>
</testsuite>
