<?xml version="1.0" encoding="utf-8"?>
<testsuite failures="0" name="docker_plugin_finalize" skipped="1" tests="1" time="0.04" timestamp="2022-07-21T14:50:05">
	<testcase classname="DockerPluginFinalizeTest" name="docker_plugin_finalize">
		<skipped message="SKIPPED: Testing the docker plugin is not supported on this platform.To run it, all the test with -XmyPlatform='container'"/>
		<system-out>14:50:05 INFO  ==============================================================
14:50:05 INFO  Id:    docker_plugin_finalize
14:50:05 INFO  Dir:   plugin_docker/
14:50:05 INFO  Title: Validate docker plugin finalize command
14:50:05 INFO  ==============================================================
14:50:05 INFO  Testing the docker plugin is not supported on this platform.To run it, all the test with -XmyPlatform='container' ... skipped
14:50:05 WARN  Aborted test due to SKIPPED outcome
14:50:05 INFO  
14:50:05 INFO  Test duration: 0.04 secs
14:50:05 INFO  Test final outcome:  SKIPPED
14:50:05 INFO  Test outcome reason: Testing the docker plugin is not supported on this platform.To run it, all the test with -XmyPlatform='container'
14:50:05 INFO  
</system-out>
	</testcase>
</testsuite>
