<?xml version="1.0" encoding="utf-8"?>
<testsuite failures="0" name="SoftwareManagement.Plugin.apama_plugin_mon_support" skipped="1" tests="1" time="0.05" timestamp="2022-07-25T11:48:45">
	<testcase classname="ApamaPluginMonSupportTest" name="SoftwareManagement.Plugin.apama_plugin_mon_support">
		<skipped message="SKIPPED: Apama plugin tests are disabled by default. Execute `pysys run` with `-XmyPlatform=container` to run these tests"/>
		<system-out>11:48:45 INFO  ==============================================================
11:48:45 INFO  Id:    SoftwareManagement.Plugin.apama_plugin_mon_support
11:48:45 INFO  Dir:   plugin_apama/
11:48:45 INFO  Title: Validate mon file support of apama plugin
11:48:45 INFO  ==============================================================
11:48:45 INFO  Apama plugin tests are disabled by default. Execute `pysys run` with `-XmyPlatform=container` to run these tests ... skipped
11:48:45 WARN  Aborted test due to SKIPPED outcome
11:48:45 INFO  
11:48:45 INFO  Test duration: 0.05 secs
11:48:45 INFO  Test final outcome:  SKIPPED
11:48:45 INFO  Test outcome reason: Apama plugin tests are disabled by default. Execute `pysys run` with `-XmyPlatform=container` to run these tests
11:48:45 INFO  
</system-out>
	</testcase>
</testsuite>
