<?xml version="1.0" encoding="utf-8"?>
<testsuite failures="0" name="apt_sequence_remove_with_version_fail" skipped="1" tests="1" time="0.02" timestamp="2022-05-23T14:58:12">
	<testcase classname="AptPluginRemoveWithVersionFails" name="apt_sequence_remove_with_version_fail">
		<skipped message="SKIPPED: Testing the apt plugin is not supported on this platform.To run the tests call PySys with -XmyPlatform='container'"/>
		<system-out>14:58:12 INFO  ==============================================================
14:58:12 INFO  Id:    apt_sequence_remove_with_version_fail
14:58:12 INFO  Dir:   plugin_apt/
14:58:12 INFO  Title: Validate apt plugin remove with version fails when the version not found
14:58:12 INFO  ==============================================================
14:58:12 INFO  Testing the apt plugin is not supported on this platform.To run the tests call PySys with -XmyPlatform='container' ... skipped
14:58:12 WARN  Aborted test due to SKIPPED outcome
14:58:12 INFO  
14:58:12 INFO  Test duration: 0.02 secs
14:58:12 INFO  Test final outcome:  SKIPPED
14:58:12 INFO  Test outcome reason: Testing the apt plugin is not supported on this platform.To run the tests call PySys with -XmyPlatform='container'
14:58:12 INFO  
</system-out>
	</testcase>
</testsuite>
