<?xml version="1.0" encoding="utf-8"?>
<testsuite failures="1" name="tedge_mapper_c8y_packet_threshold_size" skipped="0" tests="1" time="2.95" timestamp="2022-07-22T07:40:44">
	<testcase classname="TedgeMapperC8yThresholdPacketSize" name="tedge_mapper_c8y_packet_threshold_size">
		<failure message="FAILED: Grep on tedge_sub.out contains &quot;The size of the message received on tedge/measurements is 20489 which is greater than the threshold size of 16184.&quot;" type="FAILED"/>
		<system-out>07:40:41 INFO  ==============================================================
07:40:41 INFO  Id:    tedge_mapper_c8y_packet_threshold_size
07:40:41 INFO  Dir:   tedge_mapper_c8y/
07:40:41 INFO  Title: Validate the Cumulocity Mapper accepted threshold packet size when it receives a message on tedge/measurements
07:40:41 INFO  ==============================================================
07:40:41 INFO  Executed sudo&lt;tedge_mapper_c8y&gt;, exit status 0
07:40:41 INFO  Started sudo&lt;tedge_sub&gt; with process id 28055
07:40:42 INFO  Executed sudo&lt;tedge_msg&gt;, exit status 0
07:40:43 INFO  Executed sudo&lt;tedge_pub&gt;, exit status 0
07:40:43 INFO  Executed sudo&lt;kill_out&gt;, exit status 0
07:40:43 WARN  Grep on tedge_sub.out contains &quot;The size of the message received on tedge/measurements is 20489 which is greater than the threshold size of 16184.&quot; ... failed [run.py:88]
07:40:43 INFO  
07:40:43 INFO  cleanup:
07:40:43 INFO  mapper_cleanup
07:40:44 INFO  Executed sudo&lt;tedge_mapper_c8y&gt;, exit status 0
07:40:44 INFO  
07:40:44 INFO  Test duration: 2.95 secs
07:40:44 INFO  Test final outcome:  FAILED
07:40:44 INFO  Test outcome reason: Grep on tedge_sub.out contains &quot;The size of the message received on tedge/measurements is 20489 which is greater than the threshold size of 16184.&quot;
07:40:44 INFO  
</system-out>
	</testcase>
</testsuite>
