<?xml version="1.0" encoding="utf-8"?>
<testsuite failures="1" name="monitoring_smaller_interval" skipped="0" tests="1" time="15.19" timestamp="2022-06-08T11:26:53">
	<testcase classname="MonitoringSmallInterval" name="monitoring_smaller_interval">
		<failure message="BLOCKED: TypeError: 'int' object is not subscriptable" type="BLOCKED"/>
		<system-out>11:26:38 INFO  ==============================================================
11:26:38 INFO  Id:    monitoring_smaller_interval
11:26:38 INFO  Dir:   monitoring/
11:26:38 INFO  Title: Validate the tedge dm agent messages that are produced with smaller sampling interval than the batching window. Here the simulated collectd messages are used
11:26:38 INFO  ==============================================================
11:26:39 INFO  Executed sudo&lt;collectd&gt;, exit status 0
11:26:39 INFO  Executed sudo&lt;collectd_mapper&gt;, exit status 0
11:26:39 INFO  Started sudo&lt;tedge_sub&gt; with process id 23410
11:26:40 INFO  Executed sudo&lt;tedge_temp&gt;, exit status 0
11:26:40 INFO  Executed sudo&lt;tedge_pres&gt;, exit status 0
11:26:41 INFO  Executed sudo&lt;tedge_temp&gt;, exit status 0
11:26:42 INFO  Executed sudo&lt;tedge_pres&gt;, exit status 0
11:26:42 INFO  Executed sudo&lt;tedge_temp&gt;, exit status 0
11:26:43 INFO  Executed sudo&lt;tedge_pres&gt;, exit status 0
11:26:44 INFO  Executed sudo&lt;tedge_temp&gt;, exit status 0
11:26:44 INFO  Executed sudo&lt;tedge_pres&gt;, exit status 0
11:26:45 INFO  Executed sudo&lt;tedge_temp&gt;, exit status 0
11:26:45 INFO  Executed sudo&lt;tedge_pres&gt;, exit status 0
11:26:46 INFO  Executed sudo&lt;tedge_temp&gt;, exit status 0
11:26:46 INFO  Executed sudo&lt;tedge_pres&gt;, exit status 0
11:26:47 INFO  Executed sudo&lt;tedge_temp&gt;, exit status 0
11:26:48 INFO  Executed sudo&lt;tedge_pres&gt;, exit status 0
11:26:48 INFO  Executed sudo&lt;tedge_temp&gt;, exit status 0
11:26:49 INFO  Executed sudo&lt;tedge_pres&gt;, exit status 0
11:26:49 INFO  Executed sudo&lt;tedge_temp&gt;, exit status 0
11:26:50 INFO  Executed sudo&lt;tedge_pres&gt;, exit status 0
11:26:50 INFO  Executed sudo&lt;tedge_temp&gt;, exit status 0
11:26:51 INFO  Executed sudo&lt;tedge_pres&gt;, exit status 0
11:26:53 INFO  Executed sudo&lt;kill_out&gt;, exit status 0
11:26:53 INFO  0

11:26:53 WARN  TypeError occurred while running test - 'int' object is not subscriptable
Traceback (most recent call last):
  File &quot;/home/pi/env-pysys/lib/python3.7/site-packages/pysys/baserunner.py&quot;, line 1296, in __call__
    self.testObj.validate()
  File &quot;/home/pi/actions-runner/_work/thin-edge.io/thin-edge.io/tests/PySys/monitoring/monitoring_smaller_interval/run.py&quot;, line 104, in validate
    collectd_msg_validation_result=self.validate_json(),
  File &quot;/home/pi/actions-runner/_work/thin-edge.io/thin-edge.io/tests/PySys/monitoring/monitoring_smaller_interval/run.py&quot;, line 114, in validate_json
    if not self.validate_time():
  File &quot;/home/pi/actions-runner/_work/thin-edge.io/thin-edge.io/tests/PySys/monitoring/monitoring_smaller_interval/run.py&quot;, line 134, in validate_time
    if self.js_msg[&quot;time&quot;]:
TypeError: 'int' object is not subscriptable
11:26:53 WARN  TypeError: 'int' object is not subscriptable ... blocked 
11:26:53 INFO  
11:26:53 INFO  cleanup:
11:26:53 INFO  monitoring_cleanup
11:26:53 INFO  Executed sudo&lt;collectd_mapper&gt;, exit status 0
11:26:53 INFO  
11:26:53 INFO  Test duration: 15.19 secs
11:26:53 INFO  Test final outcome:  BLOCKED
11:26:53 INFO  Test outcome reason: TypeError: 'int' object is not subscriptable
11:26:53 INFO  
</system-out>
	</testcase>
</testsuite>
