<?xml version="1.0" encoding="utf-8"?>
<testsuite failures="1" name="mapper_awaits_before_reconnect" skipped="0" tests="1" time="9.9" timestamp="2022-07-13T11:48:32">
	<testcase classname="MapperReconnectAwait" name="mapper_awaits_before_reconnect">
		<failure message="FAILED: Line count on tedge_mapper_journal.out for &quot;tedge_mapper::core::mapper: MQTT connection error:&quot; expected &gt;=2 but got 0" type="FAILED"/>
		<system-out>11:48:22 INFO  ==============================================================
11:48:22 INFO  Id:    mapper_awaits_before_reconnect
11:48:22 INFO  Dir:   tedge_mapper_c8y/
11:48:22 INFO  Title: Validate mapper doesn't reconnect too often
11:48:22 INFO  ==============================================================
11:48:22 INFO  Started mosquitto_sub with process id 4202
11:48:22 INFO  Waiting for 0.1 seconds
11:48:22 INFO  Executed sudo&lt;tedge_mapper&gt;, exit status 0
11:48:22 INFO  Waiting for 5.0 seconds
11:48:28 INFO  Executed sudo&lt;tedge_mapper&gt;, exit status 0
11:48:31 INFO  Executed sudo&lt;tedge_mapper_journal&gt;, exit status 0
11:48:31 WARN  Grep on tedge_mapper_journal.out contains &quot;ERROR&quot; ... failed [run.py:67]
11:48:31 INFO  Line count on file tedge_mapper_journal.out ... passed
11:48:31 WARN  Line count on tedge_mapper_journal.out for &quot;tedge_mapper::core::mapper: MQTT connection error:&quot; expected &gt;=2 but got 0 ... failed [run.py:78]
11:48:31 WARN  Aborted test due to FAILED outcome
11:48:32 INFO  
11:48:32 INFO  Test duration: 9.90 secs
11:48:32 INFO  Test final outcome:  FAILED
11:48:32 INFO  Test outcome reason: Line count on tedge_mapper_journal.out for &quot;tedge_mapper::core::mapper: MQTT connection error:&quot; expected &gt;=2 but got 0
11:48:32 INFO  
</system-out>
	</testcase>
</testsuite>
