<?xml version="1.0" encoding="utf-8"?>
<testsuite failures="1" name="tedge_mapper_c8y_packet_threshold_size" skipped="0" tests="1" time="2.95" timestamp="2022-07-22T02:01:48">
	<testcase classname="TedgeMapperC8yThresholdPacketSize" name="tedge_mapper_c8y_packet_threshold_size">
		<failure message="FAILED: Grep on tedge_sub.out contains &quot;The size of the message received on tedge/measurements is 20489 which is greater than the threshold size of 16184.&quot;" type="FAILED"/>
		<system-out>02:01:45 INFO  ==============================================================
02:01:45 INFO  Id:    tedge_mapper_c8y_packet_threshold_size
02:01:45 INFO  Dir:   tedge_mapper_c8y/
02:01:45 INFO  Title: Validate the Cumulocity Mapper accepted threshold packet size when it receives a message on tedge/measurements
02:01:45 INFO  ==============================================================
02:01:45 INFO  Executed sudo&lt;tedge_mapper_c8y&gt;, exit status 0
02:01:45 INFO  Started sudo&lt;tedge_sub&gt; with process id 13735
02:01:46 INFO  Executed sudo&lt;tedge_msg&gt;, exit status 0
02:01:47 INFO  Executed sudo&lt;tedge_pub&gt;, exit status 0
02:01:47 INFO  Executed sudo&lt;kill_out&gt;, exit status 0
02:01:47 WARN  Grep on tedge_sub.out contains &quot;The size of the message received on tedge/measurements is 20489 which is greater than the threshold size of 16184.&quot; ... failed [run.py:88]
02:01:47 INFO  
02:01:47 INFO  cleanup:
02:01:47 INFO  mapper_cleanup
02:01:48 INFO  Executed sudo&lt;tedge_mapper_c8y&gt;, exit status 0
02:01:48 INFO  
02:01:48 INFO  Test duration: 2.95 secs
02:01:48 INFO  Test final outcome:  FAILED
02:01:48 INFO  Test outcome reason: Grep on tedge_sub.out contains &quot;The size of the message received on tedge/measurements is 20489 which is greater than the threshold size of 16184.&quot;
02:01:48 INFO  
</system-out>
	</testcase>
</testsuite>
