<?xml version="1.0" encoding="utf-8"?>
<testsuite failures="1" name="monitoring_smaller_interval" skipped="0" tests="1" time="15.04" timestamp="2022-07-21T21:15:04">
	<testcase classname="MonitoringSmallInterval" name="monitoring_smaller_interval">
		<failure message="BLOCKED: TypeError: 'int' object is not subscriptable" type="BLOCKED"/>
		<system-out>21:14:48 INFO  ==============================================================
21:14:49 INFO  Id:    monitoring_smaller_interval
21:14:49 INFO  Dir:   monitoring/
21:14:49 INFO  Title: Validate the tedge dm agent messages that are produced with smaller sampling interval than the batching window. Here the simulated collectd messages are used
21:14:49 INFO  ==============================================================
21:14:49 INFO  Executed sudo&lt;collectd&gt;, exit status 0
21:14:50 INFO  Executed sudo&lt;collectd_mapper&gt;, exit status 0
21:14:50 INFO  Started sudo&lt;tedge_sub&gt; with process id 28815
21:14:50 INFO  Executed sudo&lt;tedge_temp&gt;, exit status 0
21:14:51 INFO  Executed sudo&lt;tedge_pres&gt;, exit status 0
21:14:51 INFO  Executed sudo&lt;tedge_temp&gt;, exit status 0
21:14:52 INFO  Executed sudo&lt;tedge_pres&gt;, exit status 0
21:14:53 INFO  Executed sudo&lt;tedge_temp&gt;, exit status 0
21:14:53 INFO  Executed sudo&lt;tedge_pres&gt;, exit status 0
21:14:54 INFO  Executed sudo&lt;tedge_temp&gt;, exit status 0
21:14:54 INFO  Executed sudo&lt;tedge_pres&gt;, exit status 0
21:14:55 INFO  Executed sudo&lt;tedge_temp&gt;, exit status 0
21:14:55 INFO  Executed sudo&lt;tedge_pres&gt;, exit status 0
21:14:56 INFO  Executed sudo&lt;tedge_temp&gt;, exit status 0
21:14:57 INFO  Executed sudo&lt;tedge_pres&gt;, exit status 0
21:14:57 INFO  Executed sudo&lt;tedge_temp&gt;, exit status 0
21:14:58 INFO  Executed sudo&lt;tedge_pres&gt;, exit status 0
21:14:58 INFO  Executed sudo&lt;tedge_temp&gt;, exit status 0
21:14:59 INFO  Executed sudo&lt;tedge_pres&gt;, exit status 0
21:14:59 INFO  Executed sudo&lt;tedge_temp&gt;, exit status 0
21:15:00 INFO  Executed sudo&lt;tedge_pres&gt;, exit status 0
21:15:01 INFO  Executed sudo&lt;tedge_temp&gt;, exit status 0
21:15:01 INFO  Executed sudo&lt;tedge_pres&gt;, exit status 0
21:15:03 INFO  Executed sudo&lt;kill_out&gt;, exit status 0
21:15:03 INFO  0

21:15:03 WARN  TypeError occurred while running test - 'int' object is not subscriptable
Traceback (most recent call last):
  File &quot;/home/pi/env-pysys/lib/python3.7/site-packages/pysys/baserunner.py&quot;, line 1296, in __call__
    self.testObj.validate()
  File &quot;/home/pi/actions-runner/_work/thin-edge.io/thin-edge.io/tests/PySys/monitoring/monitoring_smaller_interval/run.py&quot;, line 104, in validate
    collectd_msg_validation_result=self.validate_json(),
  File &quot;/home/pi/actions-runner/_work/thin-edge.io/thin-edge.io/tests/PySys/monitoring/monitoring_smaller_interval/run.py&quot;, line 114, in validate_json
    if not self.validate_time():
  File &quot;/home/pi/actions-runner/_work/thin-edge.io/thin-edge.io/tests/PySys/monitoring/monitoring_smaller_interval/run.py&quot;, line 134, in validate_time
    if self.js_msg[&quot;time&quot;]:
TypeError: 'int' object is not subscriptable
21:15:03 WARN  TypeError: 'int' object is not subscriptable ... blocked 
21:15:03 INFO  
21:15:03 INFO  cleanup:
21:15:03 INFO  monitoring_cleanup
21:15:04 INFO  Executed sudo&lt;collectd_mapper&gt;, exit status 0
21:15:04 INFO  
21:15:04 INFO  Test duration: 15.04 secs
21:15:04 INFO  Test final outcome:  BLOCKED
21:15:04 INFO  Test outcome reason: TypeError: 'int' object is not subscriptable
21:15:04 INFO  
</system-out>
	</testcase>
</testsuite>
