<?xml version="1.0" encoding="utf-8"?>
<testsuite failures="1" name="mapper_awaits_before_reconnect" skipped="0" tests="1" time="9.13" timestamp="2022-07-22T17:39:00">
	<testcase classname="MapperReconnectAwait" name="mapper_awaits_before_reconnect">
		<failure message="FAILED: Line count on tedge_mapper_journal.out for &quot;tedge_mapper::core::mapper: MQTT connection error:&quot; expected &gt;=2 but got 0" type="FAILED"/>
		<system-out>17:38:51 INFO  ==============================================================
17:38:51 INFO  Id:    mapper_awaits_before_reconnect
17:38:51 INFO  Dir:   tedge_mapper_c8y/
17:38:51 INFO  Title: Validate mapper doesn't reconnect too often
17:38:51 INFO  ==============================================================
17:38:51 INFO  Started mosquitto_sub with process id 10230
17:38:51 INFO  Waiting for 0.1 seconds
17:38:52 INFO  Executed sudo&lt;tedge_mapper&gt;, exit status 0
17:38:52 INFO  Waiting for 5.0 seconds
17:38:57 INFO  Executed sudo&lt;tedge_mapper&gt;, exit status 0
17:39:00 INFO  Executed sudo&lt;tedge_mapper_journal&gt;, exit status 0
17:39:00 WARN  Grep on tedge_mapper_journal.out contains &quot;ERROR&quot; ... failed [run.py:67]
17:39:00 INFO  Line count on file tedge_mapper_journal.out ... passed
17:39:00 WARN  Line count on tedge_mapper_journal.out for &quot;tedge_mapper::core::mapper: MQTT connection error:&quot; expected &gt;=2 but got 0 ... failed [run.py:78]
17:39:00 WARN  Aborted test due to FAILED outcome
17:39:00 INFO  
17:39:00 INFO  Test duration: 9.13 secs
17:39:00 INFO  Test final outcome:  FAILED
17:39:00 INFO  Test outcome reason: Line count on tedge_mapper_journal.out for &quot;tedge_mapper::core::mapper: MQTT connection error:&quot; expected &gt;=2 but got 0
17:39:00 INFO  
</system-out>
	</testcase>
</testsuite>
