<?xml version="1.0" encoding="utf-8"?>
<testsuite failures="0" name="docker_plugin_install" skipped="1" tests="1" time="0.04" timestamp="2022-05-20T09:35:49">
	<testcase classname="DockerPluginInstallTest" name="docker_plugin_install">
		<skipped message="SKIPPED: Testing the docker plugin is not supported on this platform.To run it, all the test with -XmyPlatform='container'"/>
		<system-out>09:35:48 INFO  ==============================================================
09:35:48 INFO  Id:    docker_plugin_install
09:35:48 INFO  Dir:   plugin_docker/
09:35:48 INFO  Title: Validate docker plugin install
09:35:48 INFO  ==============================================================
09:35:49 INFO  Testing the docker plugin is not supported on this platform.To run it, all the test with -XmyPlatform='container' ... skipped
09:35:49 WARN  Aborted test due to SKIPPED outcome
09:35:49 INFO  
09:35:49 INFO  Test duration: 0.04 secs
09:35:49 INFO  Test final outcome:  SKIPPED
09:35:49 INFO  Test outcome reason: Testing the docker plugin is not supported on this platform.To run it, all the test with -XmyPlatform='container'
09:35:49 INFO  
</system-out>
	</testcase>
</testsuite>
