<?xml version="1.0" encoding="utf-8"?>
<testsuite failures="1" name="mapper_awaits_before_reconnect" skipped="0" tests="1" time="7.87" timestamp="2022-05-20T11:27:24">
	<testcase classname="MapperReconnectAwait" name="mapper_awaits_before_reconnect">
		<failure message="FAILED: Line count on tedge_mapper_journal.out for &quot;tedge_mapper::core::mapper: MQTT connection error:&quot; expected &gt;=2 but got 0" type="FAILED"/>
		<system-out>11:27:16 INFO  ==============================================================
11:27:16 INFO  Id:    mapper_awaits_before_reconnect
11:27:16 INFO  Dir:   tedge_mapper_c8y/
11:27:16 INFO  Title: Validate mapper doesn't reconnect too often
11:27:16 INFO  ==============================================================
11:27:16 INFO  Started mosquitto_sub with process id 844
11:27:16 INFO  Waiting for 0.1 seconds
11:27:17 INFO  Executed sudo&lt;tedge_mapper&gt;, exit status 0
11:27:17 INFO  Waiting for 5.0 seconds
11:27:22 INFO  Executed sudo&lt;tedge_mapper&gt;, exit status 0
11:27:24 INFO  Executed sudo&lt;tedge_mapper_journal&gt;, exit status 0
11:27:24 WARN  Grep on tedge_mapper_journal.out contains &quot;ERROR&quot; ... failed [run.py:67]
11:27:24 INFO  Line count on file tedge_mapper_journal.out ... passed
11:27:24 WARN  Line count on tedge_mapper_journal.out for &quot;tedge_mapper::core::mapper: MQTT connection error:&quot; expected &gt;=2 but got 0 ... failed [run.py:78]
11:27:24 WARN  Aborted test due to FAILED outcome
11:27:24 INFO  
11:27:24 INFO  Test duration: 7.87 secs
11:27:24 INFO  Test final outcome:  FAILED
11:27:24 INFO  Test outcome reason: Line count on tedge_mapper_journal.out for &quot;tedge_mapper::core::mapper: MQTT connection error:&quot; expected &gt;=2 but got 0
11:27:24 INFO  
</system-out>
	</testcase>
</testsuite>
