<?xml version="1.0" encoding="utf-8"?>
<testsuite failures="0" name="docker_plugin_finalize" skipped="1" tests="1" time="0.06" timestamp="2022-06-16T14:07:45">
	<testcase classname="DockerPluginFinalizeTest" name="docker_plugin_finalize">
		<skipped message="SKIPPED: Testing the docker plugin is not supported on this platform.To run it, all the test with -XmyPlatform='container'"/>
		<system-out>14:07:45 INFO  ==============================================================
14:07:45 INFO  Id:    docker_plugin_finalize
14:07:45 INFO  Dir:   plugin_docker/
14:07:45 INFO  Title: Validate docker plugin finalize command
14:07:45 INFO  ==============================================================
14:07:45 INFO  Testing the docker plugin is not supported on this platform.To run it, all the test with -XmyPlatform='container' ... skipped
14:07:45 WARN  Aborted test due to SKIPPED outcome
14:07:45 INFO  
14:07:45 INFO  Test duration: 0.06 secs
14:07:45 INFO  Test final outcome:  SKIPPED
14:07:45 INFO  Test outcome reason: Testing the docker plugin is not supported on this platform.To run it, all the test with -XmyPlatform='container'
14:07:45 INFO  
</system-out>
	</testcase>
</testsuite>
