<?xml version="1.0" encoding="utf-8"?>
<testsuite failures="0" name="SoftwareManagement.sm_apt_install_remove_multiple_mixed" skipped="1" tests="1" time="0.03" timestamp="2022-06-02T08:44:16">
	<testcase classname="PySysTest" name="SoftwareManagement.sm_apt_install_remove_multiple_mixed">
		<skipped message="SKIPPED: Testing the apt plugin is not supported on this platform.Use parameter -XmyPlatform='container' to enable it"/>
		<system-out>08:44:16 INFO  ==============================================================
08:44:16 INFO  Id:    SoftwareManagement.sm_apt_install_remove_multiple_mixed
08:44:16 INFO  Dir:   software_management_end_to_end/
08:44:16 INFO  Title: Validate end to end behaviour for the apt plugin for multiple packages with mixed versions
08:44:16 INFO  ==============================================================
08:44:16 INFO  Testing the apt plugin is not supported on this platform.Use parameter -XmyPlatform='container' to enable it ... skipped
08:44:16 WARN  Aborted test due to SKIPPED outcome
08:44:16 INFO  
08:44:16 INFO  Test duration: 0.03 secs
08:44:16 INFO  Test final outcome:  SKIPPED
08:44:16 INFO  Test outcome reason: Testing the apt plugin is not supported on this platform.Use parameter -XmyPlatform='container' to enable it
08:44:16 INFO  
</system-out>
	</testcase>
</testsuite>
