<?xml version="1.0" encoding="utf-8"?>
<testsuite failures="0" name="tedge_agent_user_sudo_access" skipped="1" tests="1" time="0.02" timestamp="2022-07-21T21:25:12">
	<testcase classname="TedgeAgentUserSudoAccess" name="tedge_agent_user_sudo_access">
		<skipped message="SKIPPED: #955 Observation: Exit code of the apt plugin when called with no arguments"/>
		<system-out>21:25:12 INFO  ==============================================================
21:25:12 INFO  Id:    tedge_agent_user_sudo_access
21:25:12 INFO  Dir:   tedge/
21:25:12 INFO  Title: Validate tedge-agent user has a limited sudo right
21:25:12 INFO  ==============================================================
21:25:12 INFO  #955 Observation: Exit code of the apt plugin when called with no arguments ... skipped
21:25:12 INFO  
21:25:12 INFO  Test duration: 0.02 secs
21:25:12 INFO  Test final outcome:  SKIPPED
21:25:12 INFO  Test outcome reason: #955 Observation: Exit code of the apt plugin when called with no arguments
21:25:12 INFO  
</system-out>
	</testcase>
</testsuite>
