<?xml version="1.0" encoding="utf-8"?>
<testsuite failures="0" name="SoftwareManagement.Plugin.apama_plugin_mon_support" skipped="1" tests="1" time="0.04" timestamp="2022-06-22T18:46:54">
	<testcase classname="ApamaPluginMonSupportTest" name="SoftwareManagement.Plugin.apama_plugin_mon_support">
		<skipped message="SKIPPED: Apama plugin tests are disabled by default. Execute `pysys run` with `-XmyPlatform=container` to run these tests"/>
		<system-out>18:46:54 INFO  ==============================================================
18:46:54 INFO  Id:    SoftwareManagement.Plugin.apama_plugin_mon_support
18:46:54 INFO  Dir:   plugin_apama/
18:46:54 INFO  Title: Validate mon file support of apama plugin
18:46:54 INFO  ==============================================================
18:46:54 INFO  Apama plugin tests are disabled by default. Execute `pysys run` with `-XmyPlatform=container` to run these tests ... skipped
18:46:54 WARN  Aborted test due to SKIPPED outcome
18:46:54 INFO  
18:46:54 INFO  Test duration: 0.04 secs
18:46:54 INFO  Test final outcome:  SKIPPED
18:46:54 INFO  Test outcome reason: Apama plugin tests are disabled by default. Execute `pysys run` with `-XmyPlatform=container` to run these tests
18:46:54 INFO  
</system-out>
	</testcase>
</testsuite>
