<?xml version="1.0" encoding="utf-8"?>
<testsuite failures="0" name="SoftwareManagement.Plugin.apama_plugin_install" skipped="1" tests="1" time="0.11" timestamp="2022-06-02T08:34:41">
	<testcase classname="ApamaPluginInstallTest" name="SoftwareManagement.Plugin.apama_plugin_install">
		<skipped message="SKIPPED: Apama plugin tests are disabled by default. Execute `pysys run` with `-XmyPlatform=container` to run these tests"/>
		<system-out>08:34:40 INFO  ==============================================================
08:34:40 INFO  Id:    SoftwareManagement.Plugin.apama_plugin_install
08:34:40 INFO  Dir:   plugin_apama/
08:34:40 INFO  Title: Validate apama plugin install
08:34:40 INFO  ==============================================================
08:34:41 INFO  Apama plugin tests are disabled by default. Execute `pysys run` with `-XmyPlatform=container` to run these tests ... skipped
08:34:41 WARN  Aborted test due to SKIPPED outcome
08:34:41 INFO  
08:34:41 INFO  Test duration: 0.11 secs
08:34:41 INFO  Test final outcome:  SKIPPED
08:34:41 INFO  Test outcome reason: Apama plugin tests are disabled by default. Execute `pysys run` with `-XmyPlatform=container` to run these tests
08:34:41 INFO  
</system-out>
	</testcase>
</testsuite>
