<?xml version="1.0" encoding="utf-8"?>
<testsuite failures="0" name="apt_install_local_file_with_version" skipped="1" tests="1" time="0.02" timestamp="2022-07-22T00:17:37">
	<testcase classname="AptPluginInstallFromLocalFileWithVersion" name="apt_install_local_file_with_version">
		<skipped message="SKIPPED: Testing the apt plugin is not supported on this platform.To run the tests call PySys with -XmyPlatform='container'"/>
		<system-out>00:17:37 INFO  ==============================================================
00:17:37 INFO  Id:    apt_install_local_file_with_version
00:17:37 INFO  Dir:   plugin_apt/
00:17:37 INFO  Title: Validate apt plugin install from local file AND with a version - SUCCESS case
00:17:37 INFO  ==============================================================
00:17:37 INFO  Testing the apt plugin is not supported on this platform.To run the tests call PySys with -XmyPlatform='container' ... skipped
00:17:37 WARN  Aborted test due to SKIPPED outcome
00:17:37 INFO  
00:17:37 INFO  Test duration: 0.02 secs
00:17:37 INFO  Test final outcome:  SKIPPED
00:17:37 INFO  Test outcome reason: Testing the apt plugin is not supported on this platform.To run the tests call PySys with -XmyPlatform='container'
00:17:37 INFO  
</system-out>
	</testcase>
</testsuite>
