<?xml version="1.0" encoding="utf-8"?>
<testsuite failures="1" name="tedge_mapper_c8y_packet_threshold_size" skipped="0" tests="1" time="2.9" timestamp="2022-07-21T21:29:42">
	<testcase classname="TedgeMapperC8yThresholdPacketSize" name="tedge_mapper_c8y_packet_threshold_size">
		<failure message="FAILED: Grep on tedge_sub.out contains &quot;The size of the message received on tedge/measurements is 20489 which is greater than the threshold size of 16184.&quot;" type="FAILED"/>
		<system-out>21:29:39 INFO  ==============================================================
21:29:39 INFO  Id:    tedge_mapper_c8y_packet_threshold_size
21:29:39 INFO  Dir:   tedge_mapper_c8y/
21:29:39 INFO  Title: Validate the Cumulocity Mapper accepted threshold packet size when it receives a message on tedge/measurements
21:29:39 INFO  ==============================================================
21:29:40 INFO  Executed sudo&lt;tedge_mapper_c8y&gt;, exit status 0
21:29:40 INFO  Started sudo&lt;tedge_sub&gt; with process id 836
21:29:41 INFO  Executed sudo&lt;tedge_msg&gt;, exit status 0
21:29:41 INFO  Executed sudo&lt;tedge_pub&gt;, exit status 0
21:29:42 INFO  Executed sudo&lt;kill_out&gt;, exit status 0
21:29:42 WARN  Grep on tedge_sub.out contains &quot;The size of the message received on tedge/measurements is 20489 which is greater than the threshold size of 16184.&quot; ... failed [run.py:88]
21:29:42 INFO  
21:29:42 INFO  cleanup:
21:29:42 INFO  mapper_cleanup
21:29:42 INFO  Executed sudo&lt;tedge_mapper_c8y&gt;, exit status 0
21:29:42 INFO  
21:29:42 INFO  Test duration: 2.90 secs
21:29:42 INFO  Test final outcome:  FAILED
21:29:42 INFO  Test outcome reason: Grep on tedge_sub.out contains &quot;The size of the message received on tedge/measurements is 20489 which is greater than the threshold size of 16184.&quot;
21:29:42 INFO  
</system-out>
	</testcase>
</testsuite>
