<?xml version="1.0" encoding="utf-8"?>
<testsuite failures="0" name="apt_install" skipped="1" tests="1" time="0.02" timestamp="2022-07-21T18:24:31">
	<testcase classname="AptPluginInstallDense" name="apt_install">
		<skipped message="SKIPPED: Testing the apt plugin is not supported on this platform.To run the tests call PySys with -XmyPlatform='container'"/>
		<system-out>18:24:31 INFO  ==============================================================
18:24:31 INFO  Id:    apt_install
18:24:31 INFO  Dir:   plugin_apt/
18:24:31 INFO  Title: Validate apt plugin prepare - dense version
18:24:31 INFO  ==============================================================
18:24:31 INFO  Testing the apt plugin is not supported on this platform.To run the tests call PySys with -XmyPlatform='container' ... skipped
18:24:31 WARN  Aborted test due to SKIPPED outcome
18:24:31 INFO  
18:24:31 INFO  Test duration: 0.02 secs
18:24:31 INFO  Test final outcome:  SKIPPED
18:24:31 INFO  Test outcome reason: Testing the apt plugin is not supported on this platform.To run the tests call PySys with -XmyPlatform='container'
18:24:31 INFO  
</system-out>
	</testcase>
</testsuite>
