<?xml version="1.0" encoding="utf-8"?>
<testsuite failures="1" name="mapper_awaits_before_reconnect" skipped="0" tests="1" time="8.76" timestamp="2022-07-21T22:58:06">
	<testcase classname="MapperReconnectAwait" name="mapper_awaits_before_reconnect">
		<failure message="FAILED: Line count on tedge_mapper_journal.out for &quot;tedge_mapper::core::mapper: MQTT connection error:&quot; expected &gt;=2 but got 0" type="FAILED"/>
		<system-out>22:57:57 INFO  ==============================================================
22:57:57 INFO  Id:    mapper_awaits_before_reconnect
22:57:57 INFO  Dir:   tedge_mapper_c8y/
22:57:57 INFO  Title: Validate mapper doesn't reconnect too often
22:57:57 INFO  ==============================================================
22:57:57 INFO  Started mosquitto_sub with process id 26162
22:57:57 INFO  Waiting for 0.1 seconds
22:57:58 INFO  Executed sudo&lt;tedge_mapper&gt;, exit status 0
22:57:58 INFO  Waiting for 5.0 seconds
22:58:03 INFO  Executed sudo&lt;tedge_mapper&gt;, exit status 0
22:58:06 INFO  Executed sudo&lt;tedge_mapper_journal&gt;, exit status 0
22:58:06 WARN  Grep on tedge_mapper_journal.out contains &quot;ERROR&quot; ... failed [run.py:67]
22:58:06 INFO  Line count on file tedge_mapper_journal.out ... passed
22:58:06 WARN  Line count on tedge_mapper_journal.out for &quot;tedge_mapper::core::mapper: MQTT connection error:&quot; expected &gt;=2 but got 0 ... failed [run.py:78]
22:58:06 WARN  Aborted test due to FAILED outcome
22:58:06 INFO  
22:58:06 INFO  Test duration: 8.76 secs
22:58:06 INFO  Test final outcome:  FAILED
22:58:06 INFO  Test outcome reason: Line count on tedge_mapper_journal.out for &quot;tedge_mapper::core::mapper: MQTT connection error:&quot; expected &gt;=2 but got 0
22:58:06 INFO  
</system-out>
	</testcase>
</testsuite>
