<?xml version="1.0" encoding="utf-8"?>
<testsuite failures="1" name="tedge_mapper_c8y_packet_threshold_size" skipped="0" tests="1" time="2.98" timestamp="2022-06-17T08:51:18">
	<testcase classname="TedgeMapperC8yThresholdPacketSize" name="tedge_mapper_c8y_packet_threshold_size">
		<failure message="FAILED: Grep on tedge_sub.out contains &quot;The size of the message received on tedge/measurements is 20489 which is greater than the threshold size of 16184.&quot;" type="FAILED"/>
		<system-out>08:51:15 INFO  ==============================================================
08:51:15 INFO  Id:    tedge_mapper_c8y_packet_threshold_size
08:51:15 INFO  Dir:   tedge_mapper_c8y/
08:51:15 INFO  Title: Validate the Cumulocity Mapper accepted threshold packet size when it receives a message on tedge/measurements
08:51:15 INFO  ==============================================================
08:51:15 INFO  Executed sudo&lt;tedge_mapper_c8y&gt;, exit status 0
08:51:15 INFO  Started sudo&lt;tedge_sub&gt; with process id 1640
08:51:16 INFO  Executed sudo&lt;tedge_msg&gt;, exit status 0
08:51:16 INFO  Executed sudo&lt;tedge_pub&gt;, exit status 0
08:51:17 INFO  Executed sudo&lt;kill_out&gt;, exit status 0
08:51:17 WARN  Grep on tedge_sub.out contains &quot;The size of the message received on tedge/measurements is 20489 which is greater than the threshold size of 16184.&quot; ... failed [run.py:88]
08:51:17 INFO  
08:51:17 INFO  cleanup:
08:51:17 INFO  mapper_cleanup
08:51:18 INFO  Executed sudo&lt;tedge_mapper_c8y&gt;, exit status 0
08:51:18 INFO  
08:51:18 INFO  Test duration: 2.98 secs
08:51:18 INFO  Test final outcome:  FAILED
08:51:18 INFO  Test outcome reason: Grep on tedge_sub.out contains &quot;The size of the message received on tedge/measurements is 20489 which is greater than the threshold size of 16184.&quot;
08:51:18 INFO  
</system-out>
	</testcase>
</testsuite>
