<?xml version="1.0" encoding="utf-8"?>
<testsuite failures="0" name="SoftwareManagement.sm_apt_install_download_path" skipped="1" tests="1" time="0.09" timestamp="2022-07-20T10:55:13">
	<testcase classname="AptInstallWithDownloadPath" name="SoftwareManagement.sm_apt_install_download_path">
		<skipped message="SKIPPED: Testing the apt plugin is not supported on this platform.Use parameter -XmyPlatform='container' to enable it"/>
		<system-out>10:55:13 INFO  ==============================================================
10:55:13 INFO  Id:    SoftwareManagement.sm_apt_install_download_path
10:55:13 INFO  Dir:   software_management_end_to_end/
10:55:13 INFO  Title: Install package to directory specified in tedge config set tmp.path
10:55:13 INFO  ==============================================================
10:55:13 INFO  Testing the apt plugin is not supported on this platform.Use parameter -XmyPlatform='container' to enable it ... skipped
10:55:13 WARN  Aborted test due to SKIPPED outcome
10:55:13 INFO  
10:55:13 INFO  Test duration: 0.09 secs
10:55:13 INFO  Test final outcome:  SKIPPED
10:55:13 INFO  Test outcome reason: Testing the apt plugin is not supported on this platform.Use parameter -XmyPlatform='container' to enable it
10:55:13 INFO  
</system-out>
	</testcase>
</testsuite>
