<?xml version="1.0" encoding="utf-8"?>
<testsuite failures="1" name="log_request_num_lines" skipped="0" tests="1" time="53.56" timestamp="2022-05-23T19:05:52">
	<testcase classname="LogRequestVerifyNumberOfLines" name="log_request_num_lines">
		<failure message="BLOCKED: Exception: retry" type="BLOCKED"/>
		<system-out>19:04:58 INFO  ==============================================================
19:04:58 INFO  Id:    log_request_num_lines
19:04:58 INFO  Dir:   log_request_end_to_end/
19:04:58 INFO  Title: Validate end to end behaviour for the log request operation check for number of lines
19:04:58 INFO  ==============================================================
19:04:58 INFO  EnvironmentC8y Setup
19:04:59 INFO  Executed systemctl&lt;serv_mapper1&gt;, exit status 3
19:04:59 INFO  Restarting mosquitto too frequently in the last 10 seconds. It was only up for 5 seconds
19:04:59 INFO  Delaying execution by 6 seconds
19:05:19 INFO  Executed sudo&lt;tedge_connect_c8y&gt;, exit status 0, duration 14 secs
19:05:20 INFO  Executed sudo&lt;tedge_connect_c8y_test&gt;, exit status 0
19:05:20 INFO  Executed systemctl&lt;serv_mosq2&gt;, exit status 0
19:05:21 INFO  Executed systemctl&lt;serv_mapper3&gt;, exit status 0
19:05:21 INFO  Executed sudo&lt;rm_logs&gt;, exit status 0
19:05:22 INFO  Executed sudo&lt;move_logs&gt;, exit status 0
19:05:22 INFO  log response None
19:05:22 WARN  retry, retrying in 1 seconds...
19:05:23 INFO  log response None
19:05:23 WARN  retry, retrying in 1 seconds...
19:05:25 INFO  log response None
19:05:25 WARN  retry, retrying in 1 seconds...
19:05:26 INFO  log response None
19:05:26 WARN  retry, retrying in 1 seconds...
19:05:27 INFO  log response None
19:05:27 WARN  retry, retrying in 1 seconds...
19:05:28 INFO  log response None
19:05:28 WARN  retry, retrying in 1 seconds...
19:05:30 INFO  log response None
19:05:30 WARN  retry, retrying in 1 seconds...
19:05:31 INFO  log response None
19:05:31 WARN  retry, retrying in 1 seconds...
19:05:32 INFO  log response None
19:05:32 WARN  retry, retrying in 1 seconds...
19:05:33 INFO  log response None
19:05:33 WARN  retry, retrying in 1 seconds...
19:05:34 INFO  log response None
19:05:34 WARN  retry, retrying in 1 seconds...
19:05:36 INFO  log response None
19:05:36 WARN  retry, retrying in 1 seconds...
19:05:37 INFO  log response None
19:05:37 WARN  retry, retrying in 1 seconds...
19:05:38 INFO  log response None
19:05:38 WARN  retry, retrying in 1 seconds...
19:05:39 INFO  log response None
19:05:39 WARN  retry, retrying in 1 seconds...
19:05:40 INFO  log response None
19:05:40 WARN  retry, retrying in 1 seconds...
19:05:42 INFO  log response None
19:05:42 WARN  retry, retrying in 1 seconds...
19:05:43 INFO  log response None
19:05:43 WARN  retry, retrying in 1 seconds...
19:05:44 INFO  log response None
19:05:44 WARN  retry, retrying in 1 seconds...
19:05:45 INFO  log response None
19:05:45 WARN  Exception occurred while running test - retry
Traceback (most recent call last):
  File &quot;/home/pi/env-pysys/lib/python3.7/site-packages/pysys/baserunner.py&quot;, line 1296, in __call__
    self.testObj.validate()
  File &quot;/home/pi/actions-runner/_work/thin-edge.io/thin-edge.io/tests/PySys/log_request_end_to_end/log_request_num_lines/run.py&quot;, line 44, in validate
    self.assertThat(&quot;True == value&quot;, value=self.wait_until_logs_retrieved())
  File &quot;/home/pi/env-pysys/lib/python3.7/site-packages/decorator.py&quot;, line 232, in fun
    return caller(func, *(extras + args), **kw)
  File &quot;/home/pi/env-pysys/lib/python3.7/site-packages/retry/api.py&quot;, line 74, in retry_decorator
    logger)
  File &quot;/home/pi/env-pysys/lib/python3.7/site-packages/retry/api.py&quot;, line 33, in __retry_internal
    return f()
  File &quot;/home/pi/actions-runner/_work/thin-edge.io/thin-edge.io/tests/PySys/log_request_end_to_end/log_request_num_lines/run.py&quot;, line 52, in wait_until_logs_retrieved
    raise Exception(&quot;retry&quot;)
Exception: retry
19:05:45 WARN  Exception: retry ... blocked 
19:05:45 INFO  
19:05:45 INFO  cleanup:
19:05:46 INFO  Executed sudo&lt;rm_logs&gt;, exit status 0
19:05:46 INFO  Executed sudo&lt;rm_tmp_logs&gt;, exit status 0
19:05:47 INFO  Executed sudo&lt;send_failed&gt;, exit status 0
19:05:51 INFO  Executed sudo&lt;tedge_disconnect_c8y&gt;, exit status 0
19:05:52 INFO  Executed systemctl&lt;serv_mapper5&gt;, exit status 3
19:05:52 INFO  
19:05:52 INFO  Test duration: 53.56 secs
19:05:52 INFO  Test final outcome:  BLOCKED
19:05:52 INFO  Test outcome reason: Exception: retry
19:05:52 INFO  
</system-out>
	</testcase>
</testsuite>
