<?xml version="1.0" encoding="utf-8"?>
<testsuite failures="1" name="log_request_error_messages" skipped="0" tests="1" time="27.97" timestamp="2022-07-25T10:16:03">
	<testcase classname="LogRequestVerifySearchTextError" name="log_request_error_messages">
		<failure message="BLOCKED: TypeError: 'NoneType' object is not subscriptable" type="BLOCKED"/>
		<system-out>10:15:35 INFO  ==============================================================
10:15:35 INFO  Id:    log_request_error_messages
10:15:35 INFO  Dir:   log_request_end_to_end/
10:15:35 INFO  Title: Validate end to end behaviour for the log request operation check for error messages
10:15:35 INFO  ==============================================================
10:15:36 INFO  EnvironmentC8y Setup
10:15:37 INFO  Executed systemctl&lt;serv_mapper1&gt;, exit status 3
10:15:51 INFO  Executed sudo&lt;tedge_connect_c8y&gt;, exit status 0, duration 14 secs
10:15:52 INFO  Executed sudo&lt;tedge_connect_c8y_test&gt;, exit status 0
10:15:52 INFO  Executed systemctl&lt;serv_mosq2&gt;, exit status 0
10:15:53 INFO  Executed systemctl&lt;serv_mapper3&gt;, exit status 0
10:15:53 INFO  Executed sudo&lt;rm_logs&gt;, exit status 0
10:15:54 INFO  Executed sudo&lt;move_logs&gt;, exit status 0
10:15:54 INFO  Executed sudo&lt;log_file_daemon&gt;, exit status 0
10:15:55 WARN  TypeError occurred while running test - 'NoneType' object is not subscriptable
Traceback (most recent call last):
  File &quot;/home/pi/env-pysys/lib/python3.7/site-packages/pysys/baserunner.py&quot;, line 1294, in __call__
    self.testObj.execute()
  File &quot;/home/pi/actions-runner/_work/thin-edge.io/thin-edge.io/tests/PySys/log_request_end_to_end/log_request_error_messages/run.py&quot;, line 47, in execute
    log_file_request_payload, self.project.deviceid
  File &quot;/home/pi/actions-runner/_work/thin-edge.io/thin-edge.io/tests/PySys/environments/cumulocity.py&quot;, line 101, in trigger_log_request
    &quot;deviceId&quot;: self.device_fragment[&quot;id&quot;],
TypeError: 'NoneType' object is not subscriptable
10:15:56 WARN  TypeError: 'NoneType' object is not subscriptable ... blocked 
10:15:56 INFO  
10:15:56 INFO  cleanup:
10:15:56 INFO  Executed sudo&lt;rm_logs&gt;, exit status 0
10:15:57 INFO  Executed sudo&lt;rm_tmp_logs&gt;, exit status 0
10:15:57 INFO  Executed sudo&lt;send_failed&gt;, exit status 0
10:15:58 INFO  Executed sudo&lt;log_file_daemon&gt;, exit status 0
10:16:02 INFO  Executed sudo&lt;tedge_disconnect_c8y&gt;, exit status 0
10:16:03 INFO  Executed systemctl&lt;serv_mapper5&gt;, exit status 3
10:16:03 INFO  
10:16:03 INFO  Test duration: 27.97 secs
10:16:03 INFO  Test final outcome:  BLOCKED
10:16:03 INFO  Test outcome reason: TypeError: 'NoneType' object is not subscriptable
10:16:03 INFO  
</system-out>
	</testcase>
</testsuite>
