<?xml version="1.0" encoding="utf-8"?>
<testsuite failures="1" name="log_request_error_messages" skipped="0" tests="1" time="36.37" timestamp="2022-05-20T09:32:55">
	<testcase classname="LogRequestVerifySearchTextError" name="log_request_error_messages">
		<failure message="FAILED: Assert that (True == value) with value=False" type="FAILED"/>
		<system-out>09:32:18 INFO  ==============================================================
09:32:18 INFO  Id:    log_request_error_messages
09:32:18 INFO  Dir:   log_request_end_to_end/
09:32:18 INFO  Title: Validate end to end behaviour for the log request operation check for error messages
09:32:18 INFO  ==============================================================
09:32:20 INFO  EnvironmentC8y Setup
09:32:20 INFO  Executed systemctl&lt;serv_mapper1&gt;, exit status 3
09:32:20 INFO  Restarting mosquitto too frequently in the last 10 seconds. It was only up for 2 seconds
09:32:20 INFO  Delaying execution by 9 seconds
09:32:43 INFO  Executed sudo&lt;tedge_connect_c8y&gt;, exit status 0, duration 13 secs
09:32:44 INFO  Executed sudo&lt;tedge_connect_c8y_test&gt;, exit status 0
09:32:44 INFO  Executed systemctl&lt;serv_mosq2&gt;, exit status 0
09:32:45 INFO  Executed systemctl&lt;serv_mapper3&gt;, exit status 0
09:32:45 INFO  Executed sudo&lt;rm_logs&gt;, exit status 0
09:32:46 INFO  Executed sudo&lt;move_logs&gt;, exit status 0
09:32:47 INFO  log response None
09:32:47 WARN  retry, retrying in 1 seconds...
09:32:48 INFO  log response https://thin-edge-io.eu-latest.cumulocity.com/event/events/19378782/binaries
09:32:49 WARN  Assert that (True == value) with value=False ... failed [run.py:43]
09:32:49 INFO  
09:32:49 INFO  cleanup:
09:32:49 INFO  Executed sudo&lt;rm_logs&gt;, exit status 0
09:32:50 INFO  Executed sudo&lt;rm_tmp_logs&gt;, exit status 0
09:32:50 INFO  Executed sudo&lt;send_failed&gt;, exit status 0
09:32:54 INFO  Executed sudo&lt;tedge_disconnect_c8y&gt;, exit status 0
09:32:55 INFO  Executed systemctl&lt;serv_mapper5&gt;, exit status 3
09:32:55 INFO  
09:32:55 INFO  Test duration: 36.37 secs
09:32:55 INFO  Test final outcome:  FAILED
09:32:55 INFO  Test outcome reason: Assert that (True == value) with value=False
09:32:55 INFO  
</system-out>
	</testcase>
</testsuite>
