<?xml version="1.0" encoding="utf-8"?>
<testsuite failures="0" name="SoftwareManagement.sm_mixed_install_remove_multiple" skipped="1" tests="1" time="0.02" timestamp="2022-06-08T13:08:41">
	<testcase classname="PySysTest" name="SoftwareManagement.sm_mixed_install_remove_multiple">
		<skipped message="SKIPPED: Testing the fake plugin is not enabled.Use parameter -Xfakeplugin=fakeplugin to enable it"/>
		<system-out>13:08:41 INFO  ==============================================================
13:08:41 INFO  Id:    SoftwareManagement.sm_mixed_install_remove_multiple
13:08:41 INFO  Dir:   software_management_end_to_end/
13:08:41 INFO  Title: Validate end to end behaviour for the dummy-plugin for multiple packages with mixed versions
13:08:41 INFO  ==============================================================
13:08:41 INFO  Testing the fake plugin is not enabled.Use parameter -Xfakeplugin=fakeplugin to enable it ... skipped
13:08:41 WARN  Aborted test due to SKIPPED outcome
13:08:41 INFO  
13:08:41 INFO  Test duration: 0.02 secs
13:08:41 INFO  Test final outcome:  SKIPPED
13:08:41 INFO  Test outcome reason: Testing the fake plugin is not enabled.Use parameter -Xfakeplugin=fakeplugin to enable it
13:08:41 INFO  
</system-out>
	</testcase>
</testsuite>
