<?xml version="1.0" encoding="utf-8"?>
<testsuite failures="0" name="SoftwareManagement.Plugin.apama_plugin_install" skipped="1" tests="1" time="0.05" timestamp="2022-07-22T00:17:36">
	<testcase classname="ApamaPluginInstallTest" name="SoftwareManagement.Plugin.apama_plugin_install">
		<skipped message="SKIPPED: Apama plugin tests are disabled by default. Execute `pysys run` with `-XmyPlatform=container` to run these tests"/>
		<system-out>00:17:36 INFO  ==============================================================
00:17:36 INFO  Id:    SoftwareManagement.Plugin.apama_plugin_install
00:17:36 INFO  Dir:   plugin_apama/
00:17:36 INFO  Title: Validate apama plugin install
00:17:36 INFO  ==============================================================
00:17:36 INFO  Apama plugin tests are disabled by default. Execute `pysys run` with `-XmyPlatform=container` to run these tests ... skipped
00:17:36 WARN  Aborted test due to SKIPPED outcome
00:17:36 INFO  
00:17:36 INFO  Test duration: 0.05 secs
00:17:36 INFO  Test final outcome:  SKIPPED
00:17:36 INFO  Test outcome reason: Apama plugin tests are disabled by default. Execute `pysys run` with `-XmyPlatform=container` to run these tests
00:17:36 INFO  
</system-out>
	</testcase>
</testsuite>
