<?xml version="1.0" encoding="utf-8"?>
<testsuite failures="1" name="agent_init_session" skipped="0" tests="1" time="5.88" timestamp="2022-07-18T16:01:24">
	<testcase classname="AgentInitSession" name="agent_init_session">
		<failure message="FAILED: Grep on sub_resp.out contains &quot;Ld3KgqpcLDlrYH6sfpG7w&quot;" type="FAILED"/>
		<system-out>16:01:18 INFO  ==============================================================
16:01:18 INFO  Id:    agent_init_session
16:01:18 INFO  Dir:   tedge_agent/
16:01:18 INFO  Title: Validate tedge agent init session feature
16:01:18 INFO  ==============================================================
16:01:19 INFO  Executed sudo&lt;remove_lock&gt;, exit status 0
16:01:19 INFO  Executed sudo&lt;agent_clear&gt;, exit status 0
16:01:20 INFO  Executed sudo&lt;agent_init&gt;, exit status 0
16:01:20 INFO  Executed sudo&lt;pub_req&gt;, exit status 0
16:01:20 INFO  Started sudo&lt;sub_resp&gt; with process id 3444
16:01:21 INFO  Executed sudo&lt;agent_start&gt;, exit status 0
16:01:21 INFO  Waiting for 2.0 seconds
16:01:24 INFO  Executed sudo&lt;agent_stop&gt;, exit status 0
16:01:24 INFO  Executed sudo&lt;sub_stop&gt;, exit status 0
16:01:24 WARN  Grep on sub_resp.out contains &quot;Ld3KgqpcLDlrYH6sfpG7w&quot; ... failed [run.py:87]
16:01:24 INFO  
16:01:24 INFO  Test duration: 5.88 secs
16:01:24 INFO  Test final outcome:  FAILED
16:01:24 INFO  Test outcome reason: Grep on sub_resp.out contains &quot;Ld3KgqpcLDlrYH6sfpG7w&quot;
16:01:24 INFO  
</system-out>
	</testcase>
</testsuite>
