<?xml version="1.0" encoding="utf-8"?>
<testsuite failures="0" name="SoftwareManagement.sm_fake_install_remove_multiple" skipped="1" tests="1" time="0.02" timestamp="2022-07-21T21:24:46">
	<testcase classname="PySysTest" name="SoftwareManagement.sm_fake_install_remove_multiple">
		<skipped message="SKIPPED: Testing the fake plugin is not enabled.Use parameter -Xfakeplugin=fakeplugin to enable it"/>
		<system-out>21:24:46 INFO  ==============================================================
21:24:46 INFO  Id:    SoftwareManagement.sm_fake_install_remove_multiple
21:24:46 INFO  Dir:   software_management_end_to_end/
21:24:46 INFO  Title: Validate end to end behaviour for the dummy-plugin for multiple packages
21:24:46 INFO  ==============================================================
21:24:46 INFO  Testing the fake plugin is not enabled.Use parameter -Xfakeplugin=fakeplugin to enable it ... skipped
21:24:46 WARN  Aborted test due to SKIPPED outcome
21:24:46 INFO  
21:24:46 INFO  Test duration: 0.02 secs
21:24:46 INFO  Test final outcome:  SKIPPED
21:24:46 INFO  Test outcome reason: Testing the fake plugin is not enabled.Use parameter -Xfakeplugin=fakeplugin to enable it
21:24:46 INFO  
</system-out>
	</testcase>
</testsuite>
