<?xml version="1.0" encoding="utf-8"?>
<testsuite failures="1" name="c8y_jwt_token_retrieval" skipped="0" tests="1" time="23.76" timestamp="2022-05-24T10:39:36">
	<testcase classname="ValidateJWTTokenRetrieval" name="c8y_jwt_token_retrieval">
		<failure message="FAILED: Grep on resp_jwt.out contains &quot;\[c8y/s/dat\] 71,&quot;" type="FAILED"/>
		<system-out>10:39:13 INFO  ==============================================================
10:39:13 INFO  Id:    c8y_jwt_token_retrieval
10:39:13 INFO  Dir:   cloud_c8y/
10:39:13 INFO  Title: Validate the Cumulocity JWT Token Retrieval feature
10:39:13 INFO  ==============================================================
10:39:13 INFO  Executed sudo&lt;tedge_disconnect_c8y&gt;, exit status 0
10:39:28 INFO  Executed sudo&lt;tedge_connect_c8y&gt;, exit status 0, duration 15 secs
10:39:28 INFO  Started sudo&lt;resp_jwt&gt; with process id 9749
10:39:30 INFO  Executed sudo&lt;req_jwt&gt;, exit status 0
10:39:32 INFO  Executed sudo&lt;kill_out&gt;, exit status 0
10:39:32 WARN  Grep on resp_jwt.out contains &quot;\[c8y/s/dat\] 71,&quot; ... failed [run.py:60]
10:39:32 INFO  
10:39:32 INFO  cleanup:
10:39:36 INFO  Executed sudo&lt;tedge_disconnect_c8y&gt;, exit status 0
10:39:36 INFO  
10:39:36 INFO  Test duration: 23.76 secs
10:39:36 INFO  Test final outcome:  FAILED
10:39:36 INFO  Test outcome reason: Grep on resp_jwt.out contains &quot;\[c8y/s/dat\] 71,&quot;
10:39:36 INFO  
</system-out>
	</testcase>
</testsuite>
