<?xml version="1.0" encoding="utf-8"?>
<testsuite failures="0" name="SoftwareManagement.sm_apt_install_download_path" skipped="1" tests="1" time="0.06" timestamp="2022-06-17T08:46:25">
	<testcase classname="AptInstallWithDownloadPath" name="SoftwareManagement.sm_apt_install_download_path">
		<skipped message="SKIPPED: Testing the apt plugin is not supported on this platform.Use parameter -XmyPlatform='container' to enable it"/>
		<system-out>08:46:25 INFO  ==============================================================
08:46:25 INFO  Id:    SoftwareManagement.sm_apt_install_download_path
08:46:25 INFO  Dir:   software_management_end_to_end/
08:46:25 INFO  Title: Install package to directory specified in tedge config set tmp.path
08:46:25 INFO  ==============================================================
08:46:25 INFO  Testing the apt plugin is not supported on this platform.Use parameter -XmyPlatform='container' to enable it ... skipped
08:46:25 WARN  Aborted test due to SKIPPED outcome
08:46:25 INFO  
08:46:25 INFO  Test duration: 0.06 secs
08:46:25 INFO  Test final outcome:  SKIPPED
08:46:25 INFO  Test outcome reason: Testing the apt plugin is not supported on this platform.Use parameter -XmyPlatform='container' to enable it
08:46:25 INFO  
</system-out>
	</testcase>
</testsuite>
