<?xml version="1.0" encoding="utf-8"?>
<testsuite failures="0" name="smoketest_smartrest" skipped="0" tests="1" time="47.49" timestamp="2022-07-21T18:30:39">
	<testcase classname="SmoketestSmartRest" name="smoketest_smartrest"/>
</testsuite>
