<?xml version="1.0" encoding="utf-8"?>
<testsuite failures="0" name="valid_device_id" skipped="0" tests="1" time="26.45" timestamp="2022-06-15T10:54:17">
	<testcase classname="ValidateValidDeviceId" name="valid_device_id"/>
</testsuite>
