<?xml version="1.0" encoding="utf-8"?>
<testsuite failures="0" name="SoftwareManagement.sm_apt_install_fail" skipped="1" tests="1" time="0.02" timestamp="2022-07-21T21:24:45">
	<testcase classname="PySysTest" name="SoftwareManagement.sm_apt_install_fail">
		<skipped message="SKIPPED: Testing the apt plugin is not supported on this platform.Use parameter -XmyPlatform='container' to enable it"/>
		<system-out>21:24:45 INFO  ==============================================================
21:24:45 INFO  Id:    SoftwareManagement.sm_apt_install_fail
21:24:45 INFO  Dir:   software_management_end_to_end/
21:24:45 INFO  Title: Validate end to end behaviour for a failing installation
21:24:45 INFO  ==============================================================
21:24:45 INFO  Testing the apt plugin is not supported on this platform.Use parameter -XmyPlatform='container' to enable it ... skipped
21:24:45 WARN  Aborted test due to SKIPPED outcome
21:24:45 INFO  
21:24:45 INFO  Test duration: 0.02 secs
21:24:45 INFO  Test final outcome:  SKIPPED
21:24:45 INFO  Test outcome reason: Testing the apt plugin is not supported on this platform.Use parameter -XmyPlatform='container' to enable it
21:24:45 INFO  
</system-out>
	</testcase>
</testsuite>
