<?xml version="1.0" encoding="utf-8"?>
<testsuite failures="0" name="mqtt_port_change_connection_works" skipped="1" tests="1" time="0.02" timestamp="2022-07-22T00:16:50">
	<testcase classname="MqttPortChangeConnectionWorks" name="mqtt_port_change_connection_works">
		<skipped message="SKIPPED: failing intermitently"/>
		<system-out>00:16:50 INFO  ==============================================================
00:16:50 INFO  Id:    mqtt_port_change_connection_works
00:16:50 INFO  Dir:   misc_features/
00:16:50 INFO  Title: mqtt port change connection works for all the thin-edge services that use the mosquitto broker
00:16:50 INFO  ==============================================================
00:16:50 INFO  failing intermitently ... skipped
00:16:50 INFO  
00:16:50 INFO  Test duration: 0.02 secs
00:16:50 INFO  Test final outcome:  SKIPPED
00:16:50 INFO  Test outcome reason: failing intermitently
00:16:50 INFO  
</system-out>
	</testcase>
</testsuite>
