<?xml version="1.0" encoding="utf-8"?>
<testsuite failures="0" name="docker_plugin_finalize" skipped="1" tests="1" time="0.05" timestamp="2022-05-20T13:21:50">
	<testcase classname="DockerPluginFinalizeTest" name="docker_plugin_finalize">
		<skipped message="SKIPPED: Testing the docker plugin is not supported on this platform.To run it, all the test with -XmyPlatform='container'"/>
		<system-out>13:21:49 INFO  ==============================================================
13:21:49 INFO  Id:    docker_plugin_finalize
13:21:49 INFO  Dir:   plugin_docker/
13:21:49 INFO  Title: Validate docker plugin finalize command
13:21:49 INFO  ==============================================================
13:21:49 INFO  Testing the docker plugin is not supported on this platform.To run it, all the test with -XmyPlatform='container' ... skipped
13:21:49 WARN  Aborted test due to SKIPPED outcome
13:21:50 INFO  
13:21:50 INFO  Test duration: 0.05 secs
13:21:50 INFO  Test final outcome:  SKIPPED
13:21:50 INFO  Test outcome reason: Testing the docker plugin is not supported on this platform.To run it, all the test with -XmyPlatform='container'
13:21:50 INFO  
</system-out>
	</testcase>
</testsuite>
