<?xml version="1.0" encoding="utf-8"?>
<testsuite failures="0" name="apt_install_local_file_with_version" skipped="1" tests="1" time="0.02" timestamp="2022-07-21T16:19:42">
	<testcase classname="AptPluginInstallFromLocalFileWithVersion" name="apt_install_local_file_with_version">
		<skipped message="SKIPPED: Testing the apt plugin is not supported on this platform.To run the tests call PySys with -XmyPlatform='container'"/>
		<system-out>16:19:42 INFO  ==============================================================
16:19:42 INFO  Id:    apt_install_local_file_with_version
16:19:42 INFO  Dir:   plugin_apt/
16:19:42 INFO  Title: Validate apt plugin install from local file AND with a version - SUCCESS case
16:19:42 INFO  ==============================================================
16:19:42 INFO  Testing the apt plugin is not supported on this platform.To run the tests call PySys with -XmyPlatform='container' ... skipped
16:19:42 WARN  Aborted test due to SKIPPED outcome
16:19:42 INFO  
16:19:42 INFO  Test duration: 0.02 secs
16:19:42 INFO  Test final outcome:  SKIPPED
16:19:42 INFO  Test outcome reason: Testing the apt plugin is not supported on this platform.To run the tests call PySys with -XmyPlatform='container'
16:19:42 INFO  
</system-out>
	</testcase>
</testsuite>
