<?xml version="1.0" encoding="utf-8"?>
<testsuite failures="0" name="monitoring_with_collectd" skipped="1" tests="1" time="0.02" timestamp="2022-07-22T00:17:31">
	<testcase classname="MonitoringWithCollectd" name="monitoring_with_collectd">
		<skipped message="SKIPPED: Test execution disabled due to #792 (instable)"/>
		<system-out>00:17:31 INFO  ==============================================================
00:17:31 INFO  Id:    monitoring_with_collectd
00:17:31 INFO  Dir:   monitoring/
00:17:31 INFO  Title: Validate tedge dm agent messages that are produced by batching the collectd messages
00:17:31 INFO  ==============================================================
00:17:31 INFO  Test execution disabled due to #792 (instable) ... skipped
00:17:31 INFO  
00:17:31 INFO  Test duration: 0.02 secs
00:17:31 INFO  Test final outcome:  SKIPPED
00:17:31 INFO  Test outcome reason: Test execution disabled due to #792 (instable)
00:17:31 INFO  
</system-out>
	</testcase>
</testsuite>
