<?xml version="1.0" encoding="utf-8"?>
<testsuite failures="0" name="publish_sawmill" skipped="0" tests="1" time="79.3" timestamp="2022-07-22T15:50:47">
	<testcase classname="PublishSawmill" name="publish_sawmill"/>
</testsuite>
