<?xml version="1.0" encoding="utf-8"?>
<testsuite failures="1" name="call_tedge_-h_-V" skipped="0" tests="1" time="0.47" timestamp="2022-07-22T14:28:14">
	<testcase classname="PySysTest" name="call_tedge_-h_-V">
		<failure message="FAILED: Grep on tedge.out contains &quot;tedge 0.6&quot;" type="FAILED"/>
		<system-out>14:28:14 INFO  ==============================================================
14:28:14 INFO  Id:    call_tedge_-h_-V
14:28:14 INFO  Dir:   tedge/
14:28:14 INFO  Title: Validate command line option -h -V
14:28:14 INFO  ==============================================================
14:28:14 INFO  Executed tedge, exit status 0
14:28:14 WARN  Grep on tedge.out contains &quot;tedge 0.6&quot; ... failed [run.py:32]
14:28:14 INFO  Grep on file tedge.out ... passed
14:28:14 INFO  
14:28:14 INFO  Test duration: 0.47 secs
14:28:14 INFO  Test final outcome:  FAILED
14:28:14 INFO  Test outcome reason: Grep on tedge.out contains &quot;tedge 0.6&quot;
14:28:14 INFO  
</system-out>
	</testcase>
</testsuite>
