<?xml version="1.0" encoding="utf-8"?>
<testsuite failures="1" name="call_tedge_-h_-V" skipped="0" tests="1" time="0.73" timestamp="2022-05-23T13:29:41">
	<testcase classname="PySysTest" name="call_tedge_-h_-V">
		<failure message="FAILED: Grep on tedge.out contains &quot;tedge 0.6&quot;" type="FAILED"/>
		<system-out>13:29:41 INFO  ==============================================================
13:29:41 INFO  Id:    call_tedge_-h_-V
13:29:41 INFO  Dir:   tedge/
13:29:41 INFO  Title: Validate command line option -h -V
13:29:41 INFO  ==============================================================
13:29:41 INFO  Executed tedge, exit status 0
13:29:41 WARN  Grep on tedge.out contains &quot;tedge 0.6&quot; ... failed [run.py:32]
13:29:41 INFO  Grep on file tedge.out ... passed
13:29:41 INFO  
13:29:41 INFO  Test duration: 0.73 secs
13:29:41 INFO  Test final outcome:  FAILED
13:29:41 INFO  Test outcome reason: Grep on tedge.out contains &quot;tedge 0.6&quot;
13:29:41 INFO  
</system-out>
	</testcase>
</testsuite>
