<?xml version="1.0" encoding="utf-8"?>
<testsuite failures="0" name="SoftwareManagement.sm_apt_install_download_path" skipped="1" tests="1" time="0.06" timestamp="2022-07-22T04:00:39">
	<testcase classname="AptInstallWithDownloadPath" name="SoftwareManagement.sm_apt_install_download_path">
		<skipped message="SKIPPED: Testing the apt plugin is not supported on this platform.Use parameter -XmyPlatform='container' to enable it"/>
		<system-out>04:00:39 INFO  ==============================================================
04:00:39 INFO  Id:    SoftwareManagement.sm_apt_install_download_path
04:00:39 INFO  Dir:   software_management_end_to_end/
04:00:39 INFO  Title: Install package to directory specified in tedge config set tmp.path
04:00:39 INFO  ==============================================================
04:00:39 INFO  Testing the apt plugin is not supported on this platform.Use parameter -XmyPlatform='container' to enable it ... skipped
04:00:39 WARN  Aborted test due to SKIPPED outcome
04:00:39 INFO  
04:00:39 INFO  Test duration: 0.06 secs
04:00:39 INFO  Test final outcome:  SKIPPED
04:00:39 INFO  Test outcome reason: Testing the apt plugin is not supported on this platform.Use parameter -XmyPlatform='container' to enable it
04:00:39 INFO  
</system-out>
	</testcase>
</testsuite>
