<?xml version="1.0" encoding="utf-8"?>
<testsuite failures="0" name="SoftwareManagement.sm_apt_install_remove_multiple_mixed" skipped="1" tests="1" time="0.02" timestamp="2022-07-16T17:25:56">
	<testcase classname="PySysTest" name="SoftwareManagement.sm_apt_install_remove_multiple_mixed">
		<skipped message="SKIPPED: Testing the apt plugin is not supported on this platform.Use parameter -XmyPlatform='container' to enable it"/>
		<system-out>17:25:56 INFO  ==============================================================
17:25:56 INFO  Id:    SoftwareManagement.sm_apt_install_remove_multiple_mixed
17:25:56 INFO  Dir:   software_management_end_to_end/
17:25:56 INFO  Title: Validate end to end behaviour for the apt plugin for multiple packages with mixed versions
17:25:56 INFO  ==============================================================
17:25:56 INFO  Testing the apt plugin is not supported on this platform.Use parameter -XmyPlatform='container' to enable it ... skipped
17:25:56 WARN  Aborted test due to SKIPPED outcome
17:25:56 INFO  
17:25:56 INFO  Test duration: 0.02 secs
17:25:56 INFO  Test final outcome:  SKIPPED
17:25:56 INFO  Test outcome reason: Testing the apt plugin is not supported on this platform.Use parameter -XmyPlatform='container' to enable it
17:25:56 INFO  
</system-out>
	</testcase>
</testsuite>
