<?xml version="1.0" encoding="utf-8"?>
<testsuite failures="0" name="SoftwareManagement.Plugin.apama_plugin_remove" skipped="1" tests="1" time="0.02" timestamp="2022-07-21T19:44:46">
	<testcase classname="ApamaPluginRemoveTest" name="SoftwareManagement.Plugin.apama_plugin_remove">
		<skipped message="SKIPPED: Apama plugin tests are disabled by default. Execute `pysys run` with `-XmyPlatform=container` to run these tests"/>
		<system-out>19:44:46 INFO  ==============================================================
19:44:46 INFO  Id:    SoftwareManagement.Plugin.apama_plugin_remove
19:44:46 INFO  Dir:   plugin_apama/
19:44:46 INFO  Title: Validate apama plugin remove
19:44:46 INFO  ==============================================================
19:44:46 INFO  Apama plugin tests are disabled by default. Execute `pysys run` with `-XmyPlatform=container` to run these tests ... skipped
19:44:46 WARN  Aborted test due to SKIPPED outcome
19:44:46 INFO  
19:44:46 INFO  Test duration: 0.02 secs
19:44:46 INFO  Test final outcome:  SKIPPED
19:44:46 INFO  Test outcome reason: Apama plugin tests are disabled by default. Execute `pysys run` with `-XmyPlatform=container` to run these tests
19:44:46 INFO  
</system-out>
	</testcase>
</testsuite>
