<?xml version="1.0" encoding="utf-8"?>
<testsuite failures="0" name="SoftwareManagement.Plugin.apama_plugin_install" skipped="1" tests="1" time="0.05" timestamp="2022-06-20T16:37:28">
	<testcase classname="ApamaPluginInstallTest" name="SoftwareManagement.Plugin.apama_plugin_install">
		<skipped message="SKIPPED: Apama plugin tests are disabled by default. Execute `pysys run` with `-XmyPlatform=container` to run these tests"/>
		<system-out>16:37:28 INFO  ==============================================================
16:37:28 INFO  Id:    SoftwareManagement.Plugin.apama_plugin_install
16:37:28 INFO  Dir:   plugin_apama/
16:37:28 INFO  Title: Validate apama plugin install
16:37:28 INFO  ==============================================================
16:37:28 INFO  Apama plugin tests are disabled by default. Execute `pysys run` with `-XmyPlatform=container` to run these tests ... skipped
16:37:28 WARN  Aborted test due to SKIPPED outcome
16:37:28 INFO  
16:37:28 INFO  Test duration: 0.05 secs
16:37:28 INFO  Test final outcome:  SKIPPED
16:37:28 INFO  Test outcome reason: Apama plugin tests are disabled by default. Execute `pysys run` with `-XmyPlatform=container` to run these tests
16:37:28 INFO  
</system-out>
	</testcase>
</testsuite>
