<?xml version="1.0" encoding="utf-8"?>
<testsuite failures="0" name="apt_finalize" skipped="1" tests="1" time="0.02" timestamp="2022-07-22T14:18:39">
	<testcase classname="AptPluginFinalize" name="apt_finalize">
		<skipped message="SKIPPED: Testing the apt plugin is not supported on this platform.To run the tests call PySys with -XmyPlatform='container'"/>
		<system-out>14:18:39 INFO  ==============================================================
14:18:39 INFO  Id:    apt_finalize
14:18:39 INFO  Dir:   plugin_apt/
14:18:39 INFO  Title: Validate apt plugin finalize - dense version
14:18:39 INFO  ==============================================================
14:18:39 INFO  Testing the apt plugin is not supported on this platform.To run the tests call PySys with -XmyPlatform='container' ... skipped
14:18:39 WARN  Aborted test due to SKIPPED outcome
14:18:39 INFO  
14:18:39 INFO  Test duration: 0.02 secs
14:18:39 INFO  Test final outcome:  SKIPPED
14:18:39 INFO  Test outcome reason: Testing the apt plugin is not supported on this platform.To run the tests call PySys with -XmyPlatform='container'
14:18:39 INFO  
</system-out>
	</testcase>
</testsuite>
