<?xml version="1.0" encoding="utf-8"?>
<testsuite failures="0" name="smoketest_json" skipped="0" tests="1" time="45.07" timestamp="2022-06-07T11:31:08">
	<testcase classname="SmokeTestJson" name="smoketest_json"/>
</testsuite>
