<?xml version="1.0" encoding="utf-8"?>
<testsuite failures="1" name="monitoring_smaller_interval" skipped="0" tests="1" time="14.68" timestamp="2022-07-21T22:45:14">
	<testcase classname="MonitoringSmallInterval" name="monitoring_smaller_interval">
		<failure message="BLOCKED: TypeError: 'int' object is not subscriptable" type="BLOCKED"/>
		<system-out>22:44:59 INFO  ==============================================================
22:44:59 INFO  Id:    monitoring_smaller_interval
22:44:59 INFO  Dir:   monitoring/
22:44:59 INFO  Title: Validate the tedge dm agent messages that are produced with smaller sampling interval than the batching window. Here the simulated collectd messages are used
22:44:59 INFO  ==============================================================
22:45:00 INFO  Executed sudo&lt;collectd&gt;, exit status 0
22:45:00 INFO  Executed sudo&lt;collectd_mapper&gt;, exit status 0
22:45:00 INFO  Started sudo&lt;tedge_sub&gt; with process id 22299
22:45:01 INFO  Executed sudo&lt;tedge_temp&gt;, exit status 0
22:45:01 INFO  Executed sudo&lt;tedge_pres&gt;, exit status 0
22:45:02 INFO  Executed sudo&lt;tedge_temp&gt;, exit status 0
22:45:03 INFO  Executed sudo&lt;tedge_pres&gt;, exit status 0
22:45:03 INFO  Executed sudo&lt;tedge_temp&gt;, exit status 0
22:45:04 INFO  Executed sudo&lt;tedge_pres&gt;, exit status 0
22:45:04 INFO  Executed sudo&lt;tedge_temp&gt;, exit status 0
22:45:05 INFO  Executed sudo&lt;tedge_pres&gt;, exit status 0
22:45:05 INFO  Executed sudo&lt;tedge_temp&gt;, exit status 0
22:45:06 INFO  Executed sudo&lt;tedge_pres&gt;, exit status 0
22:45:07 INFO  Executed sudo&lt;tedge_temp&gt;, exit status 0
22:45:07 INFO  Executed sudo&lt;tedge_pres&gt;, exit status 0
22:45:08 INFO  Executed sudo&lt;tedge_temp&gt;, exit status 0
22:45:08 INFO  Executed sudo&lt;tedge_pres&gt;, exit status 0
22:45:09 INFO  Executed sudo&lt;tedge_temp&gt;, exit status 0
22:45:09 INFO  Executed sudo&lt;tedge_pres&gt;, exit status 0
22:45:10 INFO  Executed sudo&lt;tedge_temp&gt;, exit status 0
22:45:11 INFO  Executed sudo&lt;tedge_pres&gt;, exit status 0
22:45:11 INFO  Executed sudo&lt;tedge_temp&gt;, exit status 0
22:45:12 INFO  Executed sudo&lt;tedge_pres&gt;, exit status 0
22:45:13 INFO  Executed sudo&lt;kill_out&gt;, exit status 0
22:45:13 INFO  0

22:45:13 WARN  TypeError occurred while running test - 'int' object is not subscriptable
Traceback (most recent call last):
  File &quot;/home/pi/env-pysys/lib/python3.7/site-packages/pysys/baserunner.py&quot;, line 1296, in __call__
    self.testObj.validate()
  File &quot;/home/pi/actions-runner/_work/thin-edge.io/thin-edge.io/tests/PySys/monitoring/monitoring_smaller_interval/run.py&quot;, line 104, in validate
    collectd_msg_validation_result=self.validate_json(),
  File &quot;/home/pi/actions-runner/_work/thin-edge.io/thin-edge.io/tests/PySys/monitoring/monitoring_smaller_interval/run.py&quot;, line 114, in validate_json
    if not self.validate_time():
  File &quot;/home/pi/actions-runner/_work/thin-edge.io/thin-edge.io/tests/PySys/monitoring/monitoring_smaller_interval/run.py&quot;, line 134, in validate_time
    if self.js_msg[&quot;time&quot;]:
TypeError: 'int' object is not subscriptable
22:45:13 WARN  TypeError: 'int' object is not subscriptable ... blocked 
22:45:13 INFO  
22:45:13 INFO  cleanup:
22:45:13 INFO  monitoring_cleanup
22:45:14 INFO  Executed sudo&lt;collectd_mapper&gt;, exit status 0
22:45:14 INFO  
22:45:14 INFO  Test duration: 14.68 secs
22:45:14 INFO  Test final outcome:  BLOCKED
22:45:14 INFO  Test outcome reason: TypeError: 'int' object is not subscriptable
22:45:14 INFO  
</system-out>
	</testcase>
</testsuite>
