<?xml version="1.0" encoding="utf-8"?>
<testsuite failures="0" name="SoftwareManagement.Plugin.apama_plugin_mon_support" skipped="1" tests="1" time="0.06" timestamp="2022-07-13T11:35:40">
	<testcase classname="ApamaPluginMonSupportTest" name="SoftwareManagement.Plugin.apama_plugin_mon_support">
		<skipped message="SKIPPED: Apama plugin tests are disabled by default. Execute `pysys run` with `-XmyPlatform=container` to run these tests"/>
		<system-out>11:35:40 INFO  ==============================================================
11:35:40 INFO  Id:    SoftwareManagement.Plugin.apama_plugin_mon_support
11:35:40 INFO  Dir:   plugin_apama/
11:35:40 INFO  Title: Validate mon file support of apama plugin
11:35:40 INFO  ==============================================================
11:35:40 INFO  Apama plugin tests are disabled by default. Execute `pysys run` with `-XmyPlatform=container` to run these tests ... skipped
11:35:40 WARN  Aborted test due to SKIPPED outcome
11:35:40 INFO  
11:35:40 INFO  Test duration: 0.06 secs
11:35:40 INFO  Test final outcome:  SKIPPED
11:35:40 INFO  Test outcome reason: Apama plugin tests are disabled by default. Execute `pysys run` with `-XmyPlatform=container` to run these tests
11:35:40 INFO  
</system-out>
	</testcase>
</testsuite>
