<?xml version="1.0" encoding="utf-8"?>
<testsuite failures="1" name="monitoring_smaller_interval" skipped="0" tests="1" time="14.81" timestamp="2022-07-25T10:17:51">
	<testcase classname="MonitoringSmallInterval" name="monitoring_smaller_interval">
		<failure message="BLOCKED: TypeError: 'int' object is not subscriptable" type="BLOCKED"/>
		<system-out>10:17:36 INFO  ==============================================================
10:17:36 INFO  Id:    monitoring_smaller_interval
10:17:36 INFO  Dir:   monitoring/
10:17:36 INFO  Title: Validate the tedge dm agent messages that are produced with smaller sampling interval than the batching window. Here the simulated collectd messages are used
10:17:36 INFO  ==============================================================
10:17:37 INFO  Executed sudo&lt;collectd&gt;, exit status 0
10:17:38 INFO  Executed sudo&lt;collectd_mapper&gt;, exit status 0
10:17:38 INFO  Started sudo&lt;tedge_sub&gt; with process id 9732
10:17:38 INFO  Executed sudo&lt;tedge_temp&gt;, exit status 0
10:17:39 INFO  Executed sudo&lt;tedge_pres&gt;, exit status 0
10:17:40 INFO  Executed sudo&lt;tedge_temp&gt;, exit status 0
10:17:40 INFO  Executed sudo&lt;tedge_pres&gt;, exit status 0
10:17:41 INFO  Executed sudo&lt;tedge_temp&gt;, exit status 0
10:17:41 INFO  Executed sudo&lt;tedge_pres&gt;, exit status 0
10:17:42 INFO  Executed sudo&lt;tedge_temp&gt;, exit status 0
10:17:42 INFO  Executed sudo&lt;tedge_pres&gt;, exit status 0
10:17:43 INFO  Executed sudo&lt;tedge_temp&gt;, exit status 0
10:17:43 INFO  Executed sudo&lt;tedge_pres&gt;, exit status 0
10:17:44 INFO  Executed sudo&lt;tedge_temp&gt;, exit status 0
10:17:45 INFO  Executed sudo&lt;tedge_pres&gt;, exit status 0
10:17:45 INFO  Executed sudo&lt;tedge_temp&gt;, exit status 0
10:17:46 INFO  Executed sudo&lt;tedge_pres&gt;, exit status 0
10:17:46 INFO  Executed sudo&lt;tedge_temp&gt;, exit status 0
10:17:47 INFO  Executed sudo&lt;tedge_pres&gt;, exit status 0
10:17:47 INFO  Executed sudo&lt;tedge_temp&gt;, exit status 0
10:17:48 INFO  Executed sudo&lt;tedge_pres&gt;, exit status 0
10:17:49 INFO  Executed sudo&lt;tedge_temp&gt;, exit status 0
10:17:49 INFO  Executed sudo&lt;tedge_pres&gt;, exit status 0
10:17:51 INFO  Executed sudo&lt;kill_out&gt;, exit status 0
10:17:51 INFO  0

10:17:51 WARN  TypeError occurred while running test - 'int' object is not subscriptable
Traceback (most recent call last):
  File &quot;/home/pi/env-pysys/lib/python3.7/site-packages/pysys/baserunner.py&quot;, line 1296, in __call__
    self.testObj.validate()
  File &quot;/home/pi/actions-runner/_work/thin-edge.io/thin-edge.io/tests/PySys/monitoring/monitoring_smaller_interval/run.py&quot;, line 104, in validate
    collectd_msg_validation_result=self.validate_json(),
  File &quot;/home/pi/actions-runner/_work/thin-edge.io/thin-edge.io/tests/PySys/monitoring/monitoring_smaller_interval/run.py&quot;, line 114, in validate_json
    if not self.validate_time():
  File &quot;/home/pi/actions-runner/_work/thin-edge.io/thin-edge.io/tests/PySys/monitoring/monitoring_smaller_interval/run.py&quot;, line 134, in validate_time
    if self.js_msg[&quot;time&quot;]:
TypeError: 'int' object is not subscriptable
10:17:51 WARN  TypeError: 'int' object is not subscriptable ... blocked 
10:17:51 INFO  
10:17:51 INFO  cleanup:
10:17:51 INFO  monitoring_cleanup
10:17:51 INFO  Executed sudo&lt;collectd_mapper&gt;, exit status 0
10:17:51 INFO  
10:17:51 INFO  Test duration: 14.81 secs
10:17:51 INFO  Test final outcome:  BLOCKED
10:17:51 INFO  Test outcome reason: TypeError: 'int' object is not subscriptable
10:17:51 INFO  
</system-out>
	</testcase>
</testsuite>
