<?xml version="1.0" encoding="utf-8"?>
<testsuite failures="0" name="docker_plugin_update" skipped="1" tests="1" time="0.02" timestamp="2022-05-23T11:09:28">
	<testcase classname="DockerPluginUpdateTest" name="docker_plugin_update">
		<skipped message="SKIPPED: Testing the docker plugin is not supported on this platform.To run it, all the test with -XmyPlatform='container'"/>
		<system-out>11:09:27 INFO  ==============================================================
11:09:27 INFO  Id:    docker_plugin_update
11:09:27 INFO  Dir:   plugin_docker/
11:09:28 INFO  Title: Validate docker plugin install updates existing containers
11:09:28 INFO  ==============================================================
11:09:28 INFO  Testing the docker plugin is not supported on this platform.To run it, all the test with -XmyPlatform='container' ... skipped
11:09:28 WARN  Aborted test due to SKIPPED outcome
11:09:28 INFO  
11:09:28 INFO  Test duration: 0.02 secs
11:09:28 INFO  Test final outcome:  SKIPPED
11:09:28 INFO  Test outcome reason: Testing the docker plugin is not supported on this platform.To run it, all the test with -XmyPlatform='container'
11:09:28 INFO  
</system-out>
	</testcase>
</testsuite>
