<?xml version="1.0" encoding="utf-8"?>
<testsuite failures="0" name="docker_plugin_remove_with_version" skipped="1" tests="1" time="0.02" timestamp="2022-07-25T08:30:58">
	<testcase classname="DockerPluginRemoveWithVersionTest" name="docker_plugin_remove_with_version">
		<skipped message="SKIPPED: Testing the docker plugin is not supported on this platform.To run it, all the test with -XmyPlatform='container'"/>
		<system-out>08:30:58 INFO  ==============================================================
08:30:58 INFO  Id:    docker_plugin_remove_with_version
08:30:58 INFO  Dir:   plugin_docker/
08:30:58 INFO  Title: Validate docker plugin remove with version
08:30:58 INFO  ==============================================================
08:30:58 INFO  Testing the docker plugin is not supported on this platform.To run it, all the test with -XmyPlatform='container' ... skipped
08:30:58 WARN  Aborted test due to SKIPPED outcome
08:30:58 INFO  
08:30:58 INFO  Test duration: 0.02 secs
08:30:58 INFO  Test final outcome:  SKIPPED
08:30:58 INFO  Test outcome reason: Testing the docker plugin is not supported on this platform.To run it, all the test with -XmyPlatform='container'
08:30:58 INFO  
</system-out>
	</testcase>
</testsuite>
