<?xml version="1.0" encoding="utf-8"?>
<testsuite failures="0" name="SoftwareManagement.sm_fake_install_remove_multiple" skipped="1" tests="1" time="0.03" timestamp="2022-05-25T12:53:03">
	<testcase classname="PySysTest" name="SoftwareManagement.sm_fake_install_remove_multiple">
		<skipped message="SKIPPED: Testing the fake plugin is not enabled.Use parameter -Xfakeplugin=fakeplugin to enable it"/>
		<system-out>12:53:03 INFO  ==============================================================
12:53:03 INFO  Id:    SoftwareManagement.sm_fake_install_remove_multiple
12:53:03 INFO  Dir:   software_management_end_to_end/
12:53:03 INFO  Title: Validate end to end behaviour for the dummy-plugin for multiple packages
12:53:03 INFO  ==============================================================
12:53:03 INFO  Testing the fake plugin is not enabled.Use parameter -Xfakeplugin=fakeplugin to enable it ... skipped
12:53:03 WARN  Aborted test due to SKIPPED outcome
12:53:03 INFO  
12:53:03 INFO  Test duration: 0.03 secs
12:53:03 INFO  Test final outcome:  SKIPPED
12:53:03 INFO  Test outcome reason: Testing the fake plugin is not enabled.Use parameter -Xfakeplugin=fakeplugin to enable it
12:53:03 INFO  
</system-out>
	</testcase>
</testsuite>
