<?xml version="1.0" encoding="utf-8"?>
<testsuite failures="0" name="SoftwareManagement.Plugin.apama_plugin_install" skipped="1" tests="1" time="0.05" timestamp="2022-06-10T09:12:13">
	<testcase classname="ApamaPluginInstallTest" name="SoftwareManagement.Plugin.apama_plugin_install">
		<skipped message="SKIPPED: Apama plugin tests are disabled by default. Execute `pysys run` with `-XmyPlatform=container` to run these tests"/>
		<system-out>09:12:13 INFO  ==============================================================
09:12:13 INFO  Id:    SoftwareManagement.Plugin.apama_plugin_install
09:12:13 INFO  Dir:   plugin_apama/
09:12:13 INFO  Title: Validate apama plugin install
09:12:13 INFO  ==============================================================
09:12:13 INFO  Apama plugin tests are disabled by default. Execute `pysys run` with `-XmyPlatform=container` to run these tests ... skipped
09:12:13 WARN  Aborted test due to SKIPPED outcome
09:12:13 INFO  
09:12:13 INFO  Test duration: 0.05 secs
09:12:13 INFO  Test final outcome:  SKIPPED
09:12:13 INFO  Test outcome reason: Apama plugin tests are disabled by default. Execute `pysys run` with `-XmyPlatform=container` to run these tests
09:12:13 INFO  
</system-out>
	</testcase>
</testsuite>
