<?xml version="1.0" encoding="utf-8"?>
<testsuite failures="0" name="apt_install_local_file_fail" skipped="1" tests="1" time="0.03" timestamp="2022-05-20T13:21:45">
	<testcase classname="AptPluginInstallFromLocalFileFail" name="apt_install_local_file_fail">
		<skipped message="SKIPPED: Testing the apt plugin is not supported on this platform.To run the tests call PySys with -XmyPlatform='container'"/>
		<system-out>13:21:45 INFO  ==============================================================
13:21:45 INFO  Id:    apt_install_local_file_fail
13:21:45 INFO  Dir:   plugin_apt/
13:21:45 INFO  Title: Validate apt plugin install from local file - FAIL case
13:21:45 INFO  ==============================================================
13:21:45 INFO  Testing the apt plugin is not supported on this platform.To run the tests call PySys with -XmyPlatform='container' ... skipped
13:21:45 WARN  Aborted test due to SKIPPED outcome
13:21:45 INFO  
13:21:45 INFO  Test duration: 0.03 secs
13:21:45 INFO  Test final outcome:  SKIPPED
13:21:45 INFO  Test outcome reason: Testing the apt plugin is not supported on this platform.To run the tests call PySys with -XmyPlatform='container'
13:21:45 INFO  
</system-out>
	</testcase>
</testsuite>
