<?xml version="1.0" encoding="utf-8"?>
<testsuite failures="0" name="docker_plugin_remove" skipped="1" tests="1" time="0.02" timestamp="2022-07-22T03:51:08">
	<testcase classname="DockerPluginRemoveTest" name="docker_plugin_remove">
		<skipped message="SKIPPED: Testing the docker plugin is not supported on this platform.To run it, all the test with -XmyPlatform='container'"/>
		<system-out>03:51:08 INFO  ==============================================================
03:51:08 INFO  Id:    docker_plugin_remove
03:51:08 INFO  Dir:   plugin_docker/
03:51:08 INFO  Title: Validate docker plugin remove
03:51:08 INFO  ==============================================================
03:51:08 INFO  Testing the docker plugin is not supported on this platform.To run it, all the test with -XmyPlatform='container' ... skipped
03:51:08 WARN  Aborted test due to SKIPPED outcome
03:51:08 INFO  
03:51:08 INFO  Test duration: 0.02 secs
03:51:08 INFO  Test final outcome:  SKIPPED
03:51:08 INFO  Test outcome reason: Testing the docker plugin is not supported on this platform.To run it, all the test with -XmyPlatform='container'
03:51:08 INFO  
</system-out>
	</testcase>
</testsuite>
