<?xml version="1.0" encoding="utf-8"?>
<testsuite failures="1" name="local_mqtt_pub_sub_retain" skipped="0" tests="1" time="6.15" timestamp="2022-07-25T11:46:06">
	<testcase classname="MqttPublishWithRetain" name="local_mqtt_pub_sub_retain">
		<failure message="FAILED: Grep on temp_sensor_sub.out contains &quot;\[test/alarms/temp_sensor\] alarm msg 2&quot; (+1 other failures)" type="FAILED"/>
		<system-out>11:46:00 INFO  ==============================================================
11:46:00 INFO  Id:    local_mqtt_pub_sub_retain
11:46:00 INFO  Dir:   local_mqtt/
11:46:00 INFO  Title: Validate local publishing with retain flag
11:46:00 INFO  ==============================================================
11:46:00 INFO  Executed tedge&lt;pub_to_set_alarm&gt;, exit status 0
11:46:00 INFO  Executed tedge&lt;pub_to_set_alarm&gt;, exit status 0
11:46:01 INFO  Started tedge&lt;temp_sensor_sub&gt; with process id 2661
11:46:02 INFO  Executed tedge&lt;pub_to_clear_alarm&gt;, exit status 0
11:46:03 INFO  Executed sudo&lt;kill_out&gt;, exit status 0
11:46:04 INFO  Executed tedge&lt;pub_to_clear_alarm&gt;, exit status 0
11:46:04 INFO  Started tedge&lt;temp_sensor_empty_message&gt; with process id 2666
11:46:05 INFO  Executed sudo&lt;kill_out&gt;, exit status 0
11:46:06 WARN  Grep on temp_sensor_sub.out contains &quot;\[test/alarms/temp_sensor\] alarm msg 2&quot; ... failed [run.py:139]
11:46:06 WARN  Grep on temp_sensor_sub.out contains &quot;\[test/alarms/temp_sensor\] &quot; ... failed [run.py:142]
11:46:06 INFO  Grep on file temp_sensor_empty_message.out ... passed
11:46:06 INFO  
11:46:06 INFO  Test duration: 6.15 secs
11:46:06 INFO  Test final outcome:  FAILED
11:46:06 INFO  Test outcome reason: Grep on temp_sensor_sub.out contains &quot;\[test/alarms/temp_sensor\] alarm msg 2&quot; (+1 other failures)
11:46:06 INFO  
</system-out>
	</testcase>
</testsuite>
