<?xml version="1.0" encoding="utf-8"?>
<testsuite failures="0" name="apt_sequence_install_with_version" skipped="1" tests="1" time="0.04" timestamp="2022-07-18T15:50:53">
	<testcase classname="AptPluginPrepInstallWithVersionFinalize" name="apt_sequence_install_with_version">
		<skipped message="SKIPPED: Testing the apt plugin is not supported on this platform.To run the tests call PySys with -XmyPlatform='container'"/>
		<system-out>15:50:52 INFO  ==============================================================
15:50:52 INFO  Id:    apt_sequence_install_with_version
15:50:52 INFO  Dir:   plugin_apt/
15:50:52 INFO  Title: Validate apt plugin install with version use case
15:50:53 INFO  ==============================================================
15:50:53 INFO  Testing the apt plugin is not supported on this platform.To run the tests call PySys with -XmyPlatform='container' ... skipped
15:50:53 WARN  Aborted test due to SKIPPED outcome
15:50:53 INFO  
15:50:53 INFO  Test duration: 0.04 secs
15:50:53 INFO  Test final outcome:  SKIPPED
15:50:53 INFO  Test outcome reason: Testing the apt plugin is not supported on this platform.To run the tests call PySys with -XmyPlatform='container'
15:50:53 INFO  
</system-out>
	</testcase>
</testsuite>
