<?xml version="1.0" encoding="utf-8"?>
<testsuite failures="1" name="tedge_mapper_c8y_packet_threshold_size" skipped="0" tests="1" time="2.9" timestamp="2022-07-19T13:53:33">
	<testcase classname="TedgeMapperC8yThresholdPacketSize" name="tedge_mapper_c8y_packet_threshold_size">
		<failure message="FAILED: Grep on tedge_sub.out contains &quot;The size of the message received on tedge/measurements is 20489 which is greater than the threshold size of 16184.&quot;" type="FAILED"/>
		<system-out>13:53:30 INFO  ==============================================================
13:53:30 INFO  Id:    tedge_mapper_c8y_packet_threshold_size
13:53:30 INFO  Dir:   tedge_mapper_c8y/
13:53:30 INFO  Title: Validate the Cumulocity Mapper accepted threshold packet size when it receives a message on tedge/measurements
13:53:30 INFO  ==============================================================
13:53:31 INFO  Executed sudo&lt;tedge_mapper_c8y&gt;, exit status 0
13:53:31 INFO  Started sudo&lt;tedge_sub&gt; with process id 4476
13:53:31 INFO  Executed sudo&lt;tedge_msg&gt;, exit status 0
13:53:32 INFO  Executed sudo&lt;tedge_pub&gt;, exit status 0
13:53:32 INFO  Executed sudo&lt;kill_out&gt;, exit status 0
13:53:32 WARN  Grep on tedge_sub.out contains &quot;The size of the message received on tedge/measurements is 20489 which is greater than the threshold size of 16184.&quot; ... failed [run.py:88]
13:53:32 INFO  
13:53:32 INFO  cleanup:
13:53:32 INFO  mapper_cleanup
13:53:33 INFO  Executed sudo&lt;tedge_mapper_c8y&gt;, exit status 0
13:53:33 INFO  
13:53:33 INFO  Test duration: 2.90 secs
13:53:33 INFO  Test final outcome:  FAILED
13:53:33 INFO  Test outcome reason: Grep on tedge_sub.out contains &quot;The size of the message received on tedge/measurements is 20489 which is greater than the threshold size of 16184.&quot;
13:53:33 INFO  
</system-out>
	</testcase>
</testsuite>
