<?xml version="1.0" encoding="utf-8"?>
<testsuite failures="0" name="docker_plugin_install_with_version" skipped="1" tests="1" time="0.02" timestamp="2022-07-21T22:45:23">
	<testcase classname="DockerPluginInstallWithVersionTest" name="docker_plugin_install_with_version">
		<skipped message="SKIPPED: Testing the docker plugin is not supported on this platform.To run it, all the test with -XmyPlatform='container'"/>
		<system-out>22:45:23 INFO  ==============================================================
22:45:23 INFO  Id:    docker_plugin_install_with_version
22:45:23 INFO  Dir:   plugin_docker/
22:45:23 INFO  Title: Validate docker plugin install
22:45:23 INFO  ==============================================================
22:45:23 INFO  Testing the docker plugin is not supported on this platform.To run it, all the test with -XmyPlatform='container' ... skipped
22:45:23 WARN  Aborted test due to SKIPPED outcome
22:45:23 INFO  
22:45:23 INFO  Test duration: 0.02 secs
22:45:23 INFO  Test final outcome:  SKIPPED
22:45:23 INFO  Test outcome reason: Testing the docker plugin is not supported on this platform.To run it, all the test with -XmyPlatform='container'
22:45:23 INFO  
</system-out>
	</testcase>
</testsuite>
