<?xml version="1.0" encoding="utf-8"?>
<testsuite failures="0" name="call_tedge_config_list" skipped="0" tests="1" time="23.47" timestamp="2022-07-16T11:40:48">
	<testcase classname="PySysTest" name="call_tedge_config_list"/>
</testsuite>
