<?xml version="1.0" encoding="utf-8"?>
<testsuite failures="0" name="valid_device_id" skipped="0" tests="1" time="26.99" timestamp="2022-06-22T17:19:02">
	<testcase classname="ValidateValidDeviceId" name="valid_device_id"/>
</testsuite>
