<?xml version="1.0" encoding="utf-8"?>
<testsuite failures="0" name="apt_finalize" skipped="1" tests="1" time="0.04" timestamp="2022-06-10T09:12:13">
	<testcase classname="AptPluginFinalize" name="apt_finalize">
		<skipped message="SKIPPED: Testing the apt plugin is not supported on this platform.To run the tests call PySys with -XmyPlatform='container'"/>
		<system-out>09:12:13 INFO  ==============================================================
09:12:13 INFO  Id:    apt_finalize
09:12:13 INFO  Dir:   plugin_apt/
09:12:13 INFO  Title: Validate apt plugin finalize - dense version
09:12:13 INFO  ==============================================================
09:12:13 INFO  Testing the apt plugin is not supported on this platform.To run the tests call PySys with -XmyPlatform='container' ... skipped
09:12:13 WARN  Aborted test due to SKIPPED outcome
09:12:13 INFO  
09:12:13 INFO  Test duration: 0.04 secs
09:12:13 INFO  Test final outcome:  SKIPPED
09:12:13 INFO  Test outcome reason: Testing the apt plugin is not supported on this platform.To run the tests call PySys with -XmyPlatform='container'
09:12:13 INFO  
</system-out>
	</testcase>
</testsuite>
