<?xml version="1.0" encoding="utf-8"?>
<testsuite failures="1" name="call_tedge_-h_-V" skipped="0" tests="1" time="0.54" timestamp="2022-07-19T13:48:43">
	<testcase classname="PySysTest" name="call_tedge_-h_-V">
		<failure message="FAILED: Grep on tedge.out contains &quot;tedge 0.6&quot;" type="FAILED"/>
		<system-out>13:48:42 INFO  ==============================================================
13:48:42 INFO  Id:    call_tedge_-h_-V
13:48:42 INFO  Dir:   tedge/
13:48:42 INFO  Title: Validate command line option -h -V
13:48:42 INFO  ==============================================================
13:48:42 INFO  Executed tedge, exit status 0
13:48:43 WARN  Grep on tedge.out contains &quot;tedge 0.6&quot; ... failed [run.py:32]
13:48:43 INFO  Grep on file tedge.out ... passed
13:48:43 INFO  
13:48:43 INFO  Test duration: 0.54 secs
13:48:43 INFO  Test final outcome:  FAILED
13:48:43 INFO  Test outcome reason: Grep on tedge.out contains &quot;tedge 0.6&quot;
13:48:43 INFO  
</system-out>
	</testcase>
</testsuite>
