<?xml version="1.0" encoding="utf-8"?>
<testsuite failures="0" name="monitoring_with_collectd" skipped="1" tests="1" time="0.02" timestamp="2022-07-22T03:50:59">
	<testcase classname="MonitoringWithCollectd" name="monitoring_with_collectd">
		<skipped message="SKIPPED: Test execution disabled due to #792 (instable)"/>
		<system-out>03:50:59 INFO  ==============================================================
03:50:59 INFO  Id:    monitoring_with_collectd
03:50:59 INFO  Dir:   monitoring/
03:50:59 INFO  Title: Validate tedge dm agent messages that are produced by batching the collectd messages
03:50:59 INFO  ==============================================================
03:50:59 INFO  Test execution disabled due to #792 (instable) ... skipped
03:50:59 INFO  
03:50:59 INFO  Test duration: 0.02 secs
03:50:59 INFO  Test final outcome:  SKIPPED
03:50:59 INFO  Test outcome reason: Test execution disabled due to #792 (instable)
03:50:59 INFO  
</system-out>
	</testcase>
</testsuite>
