<?xml version="1.0" encoding="utf-8"?>
<testsuite failures="0" name="mqtt_port_unset" skipped="0" tests="1" time="1.62" timestamp="2022-05-20T13:20:32">
	<testcase classname="MqttPortUnSet" name="mqtt_port_unset"/>
</testsuite>
