<?xml version="1.0" encoding="utf-8"?>
<testsuite failures="0" name="docker_plugin_update" skipped="1" tests="1" time="0.02" timestamp="2022-07-21T19:44:51">
	<testcase classname="DockerPluginUpdateTest" name="docker_plugin_update">
		<skipped message="SKIPPED: Testing the docker plugin is not supported on this platform.To run it, all the test with -XmyPlatform='container'"/>
		<system-out>19:44:51 INFO  ==============================================================
19:44:51 INFO  Id:    docker_plugin_update
19:44:51 INFO  Dir:   plugin_docker/
19:44:51 INFO  Title: Validate docker plugin install updates existing containers
19:44:51 INFO  ==============================================================
19:44:51 INFO  Testing the docker plugin is not supported on this platform.To run it, all the test with -XmyPlatform='container' ... skipped
19:44:51 WARN  Aborted test due to SKIPPED outcome
19:44:51 INFO  
19:44:51 INFO  Test duration: 0.02 secs
19:44:51 INFO  Test final outcome:  SKIPPED
19:44:51 INFO  Test outcome reason: Testing the docker plugin is not supported on this platform.To run it, all the test with -XmyPlatform='container'
19:44:51 INFO  
</system-out>
	</testcase>
</testsuite>
