<?xml version="1.0" encoding="utf-8"?>
<testsuite failures="0" name="apt_remove_fail" skipped="1" tests="1" time="0.03" timestamp="2022-07-25T11:48:49">
	<testcase classname="AptPluginRemoveFails" name="apt_remove_fail">
		<skipped message="SKIPPED: Testing the apt plugin is not supported on this platform.To run the tests call PySys with -XmyPlatform='container'"/>
		<system-out>11:48:49 INFO  ==============================================================
11:48:49 INFO  Id:    apt_remove_fail
11:48:49 INFO  Dir:   plugin_apt/
11:48:49 INFO  Title: Validate apt plugin prepare - failing
11:48:49 INFO  ==============================================================
11:48:49 INFO  Testing the apt plugin is not supported on this platform.To run the tests call PySys with -XmyPlatform='container' ... skipped
11:48:49 WARN  Aborted test due to SKIPPED outcome
11:48:49 INFO  
11:48:49 INFO  Test duration: 0.03 secs
11:48:49 INFO  Test final outcome:  SKIPPED
11:48:49 INFO  Test outcome reason: Testing the apt plugin is not supported on this platform.To run the tests call PySys with -XmyPlatform='container'
11:48:49 INFO  
</system-out>
	</testcase>
</testsuite>
