<?xml version="1.0" encoding="utf-8"?>
<testsuite failures="1" name="agent_init_session" skipped="0" tests="1" time="5.88" timestamp="2022-07-22T01:57:55">
	<testcase classname="AgentInitSession" name="agent_init_session">
		<failure message="FAILED: Grep on sub_resp.out contains &quot;Ld3KgqpcLDlrYH6sfpG7w&quot;" type="FAILED"/>
		<system-out>01:57:49 INFO  ==============================================================
01:57:49 INFO  Id:    agent_init_session
01:57:49 INFO  Dir:   tedge_agent/
01:57:49 INFO  Title: Validate tedge agent init session feature
01:57:49 INFO  ==============================================================
01:57:50 INFO  Executed sudo&lt;remove_lock&gt;, exit status 0
01:57:50 INFO  Executed sudo&lt;agent_clear&gt;, exit status 0
01:57:51 INFO  Executed sudo&lt;agent_init&gt;, exit status 0
01:57:51 INFO  Executed sudo&lt;pub_req&gt;, exit status 0
01:57:51 INFO  Started sudo&lt;sub_resp&gt; with process id 12401
01:57:52 INFO  Executed sudo&lt;agent_start&gt;, exit status 0
01:57:52 INFO  Waiting for 2.0 seconds
01:57:55 INFO  Executed sudo&lt;agent_stop&gt;, exit status 0
01:57:55 INFO  Executed sudo&lt;sub_stop&gt;, exit status 0
01:57:55 WARN  Grep on sub_resp.out contains &quot;Ld3KgqpcLDlrYH6sfpG7w&quot; ... failed [run.py:87]
01:57:55 INFO  
01:57:55 INFO  Test duration: 5.88 secs
01:57:55 INFO  Test final outcome:  FAILED
01:57:55 INFO  Test outcome reason: Grep on sub_resp.out contains &quot;Ld3KgqpcLDlrYH6sfpG7w&quot;
01:57:55 INFO  
</system-out>
	</testcase>
</testsuite>
