<?xml version="1.0" encoding="utf-8"?>
<testsuite failures="0" name="smoketest_json" skipped="0" tests="1" time="45.09" timestamp="2022-07-18T14:02:24">
	<testcase classname="SmokeTestJson" name="smoketest_json"/>
</testsuite>
