<?xml version="1.0" encoding="utf-8"?>
<testsuite failures="1" name="mapper_awaits_before_reconnect" skipped="0" tests="1" time="8.97" timestamp="2022-07-21T19:57:39">
	<testcase classname="MapperReconnectAwait" name="mapper_awaits_before_reconnect">
		<failure message="FAILED: Line count on tedge_mapper_journal.out for &quot;tedge_mapper::core::mapper: MQTT connection error:&quot; expected &gt;=2 but got 0" type="FAILED"/>
		<system-out>19:57:30 INFO  ==============================================================
19:57:30 INFO  Id:    mapper_awaits_before_reconnect
19:57:30 INFO  Dir:   tedge_mapper_c8y/
19:57:30 INFO  Title: Validate mapper doesn't reconnect too often
19:57:30 INFO  ==============================================================
19:57:30 INFO  Started mosquitto_sub with process id 6737
19:57:30 INFO  Waiting for 0.1 seconds
19:57:31 INFO  Executed sudo&lt;tedge_mapper&gt;, exit status 0
19:57:31 INFO  Waiting for 5.0 seconds
19:57:36 INFO  Executed sudo&lt;tedge_mapper&gt;, exit status 0
19:57:39 INFO  Executed sudo&lt;tedge_mapper_journal&gt;, exit status 0
19:57:39 WARN  Grep on tedge_mapper_journal.out contains &quot;ERROR&quot; ... failed [run.py:67]
19:57:39 INFO  Line count on file tedge_mapper_journal.out ... passed
19:57:39 WARN  Line count on tedge_mapper_journal.out for &quot;tedge_mapper::core::mapper: MQTT connection error:&quot; expected &gt;=2 but got 0 ... failed [run.py:78]
19:57:39 WARN  Aborted test due to FAILED outcome
19:57:39 INFO  
19:57:39 INFO  Test duration: 8.97 secs
19:57:39 INFO  Test final outcome:  FAILED
19:57:39 INFO  Test outcome reason: Line count on tedge_mapper_journal.out for &quot;tedge_mapper::core::mapper: MQTT connection error:&quot; expected &gt;=2 but got 0
19:57:39 INFO  
</system-out>
	</testcase>
</testsuite>
