<?xml version="1.0" encoding="utf-8"?>
<testsuite failures="0" name="smoketest_smartrest" skipped="0" tests="1" time="47.43" timestamp="2022-07-22T14:24:43">
	<testcase classname="SmoketestSmartRest" name="smoketest_smartrest"/>
</testsuite>
