<?xml version="1.0" encoding="utf-8"?>
<testsuite failures="0" name="apt_install" skipped="1" tests="1" time="0.02" timestamp="2022-05-24T15:37:59">
	<testcase classname="AptPluginInstallDense" name="apt_install">
		<skipped message="SKIPPED: Testing the apt plugin is not supported on this platform.To run the tests call PySys with -XmyPlatform='container'"/>
		<system-out>15:37:59 INFO  ==============================================================
15:37:59 INFO  Id:    apt_install
15:37:59 INFO  Dir:   plugin_apt/
15:37:59 INFO  Title: Validate apt plugin prepare - dense version
15:37:59 INFO  ==============================================================
15:37:59 INFO  Testing the apt plugin is not supported on this platform.To run the tests call PySys with -XmyPlatform='container' ... skipped
15:37:59 WARN  Aborted test due to SKIPPED outcome
15:37:59 INFO  
15:37:59 INFO  Test duration: 0.02 secs
15:37:59 INFO  Test final outcome:  SKIPPED
15:37:59 INFO  Test outcome reason: Testing the apt plugin is not supported on this platform.To run the tests call PySys with -XmyPlatform='container'
15:37:59 INFO  
</system-out>
	</testcase>
</testsuite>
