<?xml version="1.0" encoding="utf-8"?>
<testsuite failures="0" name="apt_install_fail" skipped="1" tests="1" time="0.03" timestamp="2022-05-23T16:47:28">
	<testcase classname="AptPluginInstallFail" name="apt_install_fail">
		<skipped message="SKIPPED: Testing the apt plugin is not supported on this platform.To run the tests call PySys with -XmyPlatform='container'"/>
		<system-out>16:47:28 INFO  ==============================================================
16:47:28 INFO  Id:    apt_install_fail
16:47:28 INFO  Dir:   plugin_apt/
16:47:28 INFO  Title: Validate apt plugin prepare - failing
16:47:28 INFO  ==============================================================
16:47:28 INFO  Testing the apt plugin is not supported on this platform.To run the tests call PySys with -XmyPlatform='container' ... skipped
16:47:28 WARN  Aborted test due to SKIPPED outcome
16:47:28 INFO  
16:47:28 INFO  Test duration: 0.03 secs
16:47:28 INFO  Test final outcome:  SKIPPED
16:47:28 INFO  Test outcome reason: Testing the apt plugin is not supported on this platform.To run the tests call PySys with -XmyPlatform='container'
16:47:28 INFO  
</system-out>
	</testcase>
</testsuite>
