<?xml version="1.0" encoding="utf-8"?>
<testsuite failures="0" name="docker_plugin_finalize" skipped="1" tests="1" time="0.04" timestamp="2022-06-08T12:58:58">
	<testcase classname="DockerPluginFinalizeTest" name="docker_plugin_finalize">
		<skipped message="SKIPPED: Testing the docker plugin is not supported on this platform.To run it, all the test with -XmyPlatform='container'"/>
		<system-out>12:58:58 INFO  ==============================================================
12:58:58 INFO  Id:    docker_plugin_finalize
12:58:58 INFO  Dir:   plugin_docker/
12:58:58 INFO  Title: Validate docker plugin finalize command
12:58:58 INFO  ==============================================================
12:58:58 INFO  Testing the docker plugin is not supported on this platform.To run it, all the test with -XmyPlatform='container' ... skipped
12:58:58 WARN  Aborted test due to SKIPPED outcome
12:58:58 INFO  
12:58:58 INFO  Test duration: 0.04 secs
12:58:58 INFO  Test final outcome:  SKIPPED
12:58:58 INFO  Test outcome reason: Testing the docker plugin is not supported on this platform.To run it, all the test with -XmyPlatform='container'
12:58:58 INFO  
</system-out>
	</testcase>
</testsuite>
