<?xml version="1.0" encoding="utf-8"?>
<testsuite failures="1" name="mapper_awaits_before_reconnect" skipped="0" tests="1" time="9.07" timestamp="2022-07-21T21:28:00">
	<testcase classname="MapperReconnectAwait" name="mapper_awaits_before_reconnect">
		<failure message="FAILED: Line count on tedge_mapper_journal.out for &quot;tedge_mapper::core::mapper: MQTT connection error:&quot; expected &gt;=2 but got 0" type="FAILED"/>
		<system-out>21:27:51 INFO  ==============================================================
21:27:51 INFO  Id:    mapper_awaits_before_reconnect
21:27:51 INFO  Dir:   tedge_mapper_c8y/
21:27:51 INFO  Title: Validate mapper doesn't reconnect too often
21:27:51 INFO  ==============================================================
21:27:51 INFO  Started mosquitto_sub with process id 32670
21:27:51 INFO  Waiting for 0.1 seconds
21:27:51 INFO  Executed sudo&lt;tedge_mapper&gt;, exit status 0
21:27:51 INFO  Waiting for 5.0 seconds
21:27:57 INFO  Executed sudo&lt;tedge_mapper&gt;, exit status 0
21:28:00 INFO  Executed sudo&lt;tedge_mapper_journal&gt;, exit status 0
21:28:00 WARN  Grep on tedge_mapper_journal.out contains &quot;ERROR&quot; ... failed [run.py:67]
21:28:00 INFO  Line count on file tedge_mapper_journal.out ... passed
21:28:00 WARN  Line count on tedge_mapper_journal.out for &quot;tedge_mapper::core::mapper: MQTT connection error:&quot; expected &gt;=2 but got 0 ... failed [run.py:78]
21:28:00 WARN  Aborted test due to FAILED outcome
21:28:00 INFO  
21:28:00 INFO  Test duration: 9.07 secs
21:28:00 INFO  Test final outcome:  FAILED
21:28:00 INFO  Test outcome reason: Line count on tedge_mapper_journal.out for &quot;tedge_mapper::core::mapper: MQTT connection error:&quot; expected &gt;=2 but got 0
21:28:00 INFO  
</system-out>
	</testcase>
</testsuite>
