<?xml version="1.0" encoding="utf-8"?>
<testsuite failures="0" name="SoftwareManagement.Plugin.apama_plugin_update" skipped="1" tests="1" time="0.02" timestamp="2022-07-25T08:30:53">
	<testcase classname="ApamaPluginUpdateTest" name="SoftwareManagement.Plugin.apama_plugin_update">
		<skipped message="SKIPPED: Apama plugin tests are disabled by default. Execute `pysys run` with `-XmyPlatform=container` to run these tests"/>
		<system-out>08:30:53 INFO  ==============================================================
08:30:53 INFO  Id:    SoftwareManagement.Plugin.apama_plugin_update
08:30:53 INFO  Dir:   plugin_apama/
08:30:53 INFO  Title: Validate apama plugin updating one project with another
08:30:53 INFO  ==============================================================
08:30:53 INFO  Apama plugin tests are disabled by default. Execute `pysys run` with `-XmyPlatform=container` to run these tests ... skipped
08:30:53 WARN  Aborted test due to SKIPPED outcome
08:30:53 INFO  
08:30:53 INFO  Test duration: 0.02 secs
08:30:53 INFO  Test final outcome:  SKIPPED
08:30:53 INFO  Test outcome reason: Apama plugin tests are disabled by default. Execute `pysys run` with `-XmyPlatform=container` to run these tests
08:30:53 INFO  
</system-out>
	</testcase>
</testsuite>
