<?xml version="1.0" encoding="utf-8"?>
<testsuite failures="0" name="mqtt_port_change_connection_works" skipped="1" tests="1" time="0.02" timestamp="2022-07-21T22:44:33">
	<testcase classname="MqttPortChangeConnectionWorks" name="mqtt_port_change_connection_works">
		<skipped message="SKIPPED: failing intermitently"/>
		<system-out>22:44:33 INFO  ==============================================================
22:44:33 INFO  Id:    mqtt_port_change_connection_works
22:44:33 INFO  Dir:   misc_features/
22:44:33 INFO  Title: mqtt port change connection works for all the thin-edge services that use the mosquitto broker
22:44:33 INFO  ==============================================================
22:44:33 INFO  failing intermitently ... skipped
22:44:33 INFO  
22:44:33 INFO  Test duration: 0.02 secs
22:44:33 INFO  Test final outcome:  SKIPPED
22:44:33 INFO  Test outcome reason: failing intermitently
22:44:33 INFO  
</system-out>
	</testcase>
</testsuite>
