<?xml version="1.0" encoding="utf-8"?>
<testsuite failures="0" name="mqtt_port_change_connection_works" skipped="1" tests="1" time="0.04" timestamp="2022-06-15T10:53:50">
	<testcase classname="MqttPortChangeConnectionWorks" name="mqtt_port_change_connection_works">
		<skipped message="SKIPPED: failing intermitently"/>
		<system-out>10:53:50 INFO  ==============================================================
10:53:50 INFO  Id:    mqtt_port_change_connection_works
10:53:50 INFO  Dir:   misc_features/
10:53:50 INFO  Title: mqtt port change connection works for all the thin-edge services that use the mosquitto broker
10:53:50 INFO  ==============================================================
10:53:50 INFO  failing intermitently ... skipped
10:53:50 INFO  
10:53:50 INFO  Test duration: 0.04 secs
10:53:50 INFO  Test final outcome:  SKIPPED
10:53:50 INFO  Test outcome reason: failing intermitently
10:53:50 INFO  
</system-out>
	</testcase>
</testsuite>
