<?xml version="1.0" encoding="utf-8"?>
<testsuite failures="0" name="SoftwareManagement.sm_fake_install_remove_multiple" skipped="1" tests="1" time="0.02" timestamp="2022-07-22T00:27:13">
	<testcase classname="PySysTest" name="SoftwareManagement.sm_fake_install_remove_multiple">
		<skipped message="SKIPPED: Testing the fake plugin is not enabled.Use parameter -Xfakeplugin=fakeplugin to enable it"/>
		<system-out>00:27:13 INFO  ==============================================================
00:27:13 INFO  Id:    SoftwareManagement.sm_fake_install_remove_multiple
00:27:13 INFO  Dir:   software_management_end_to_end/
00:27:13 INFO  Title: Validate end to end behaviour for the dummy-plugin for multiple packages
00:27:13 INFO  ==============================================================
00:27:13 INFO  Testing the fake plugin is not enabled.Use parameter -Xfakeplugin=fakeplugin to enable it ... skipped
00:27:13 WARN  Aborted test due to SKIPPED outcome
00:27:13 INFO  
00:27:13 INFO  Test duration: 0.02 secs
00:27:13 INFO  Test final outcome:  SKIPPED
00:27:13 INFO  Test outcome reason: Testing the fake plugin is not enabled.Use parameter -Xfakeplugin=fakeplugin to enable it
00:27:13 INFO  
</system-out>
	</testcase>
</testsuite>
