<?xml version="1.0" encoding="utf-8"?>
<testsuite failures="0" name="SoftwareManagement.sm_docker_install_remove_multiple" skipped="1" tests="1" time="0.02" timestamp="2022-07-26T07:26:46">
	<testcase classname="SMDockerInstallRemove" name="SoftwareManagement.sm_docker_install_remove_multiple">
		<skipped message="SKIPPED: Testing the apt plugin is not supported on this platform.Use parameter -XmyPlatform='container' to enable it"/>
		<system-out>07:26:46 INFO  ==============================================================
07:26:46 INFO  Id:    SoftwareManagement.sm_docker_install_remove_multiple
07:26:46 INFO  Dir:   software_management_end_to_end/
07:26:46 INFO  Title: Validate end to end behaviour for the docker plugin for multiple docker images with mixed versions
07:26:46 INFO  ==============================================================
07:26:46 INFO  Testing the apt plugin is not supported on this platform.Use parameter -XmyPlatform='container' to enable it ... skipped
07:26:46 WARN  Aborted test due to SKIPPED outcome
07:26:46 INFO  
07:26:46 INFO  Test duration: 0.02 secs
07:26:46 INFO  Test final outcome:  SKIPPED
07:26:46 INFO  Test outcome reason: Testing the apt plugin is not supported on this platform.Use parameter -XmyPlatform='container' to enable it
07:26:46 INFO  
</system-out>
	</testcase>
</testsuite>
