<?xml version="1.0" encoding="utf-8"?>
<testsuite failures="0" name="mqtt_port_unset" skipped="0" tests="1" time="1.67" timestamp="2022-05-20T11:13:34">
	<testcase classname="MqttPortUnSet" name="mqtt_port_unset"/>
</testsuite>
