<?xml version="1.0" encoding="utf-8"?>
<testsuite failures="1" name="valid_device_id" skipped="0" tests="1" time="42.16" timestamp="2022-05-20T11:14:17">
	<testcase classname="ValidateValidDeviceId" name="valid_device_id">
		<failure message="FAILED: Grep on tedge_connect_c8y_test.out contains &quot;successful&quot;" type="FAILED"/>
		<system-out>11:13:34 INFO  ==============================================================
11:13:34 INFO  Id:    valid_device_id
11:13:34 INFO  Dir:   misc_features/
11:13:34 INFO  Title: Valid device ID
11:13:34 INFO  ==============================================================
11:13:35 INFO  Restarting mosquitto too frequently in the last 10 seconds. It was only up for 5 seconds
11:13:35 INFO  Delaying execution by 6 seconds
11:13:41 INFO  Executed sudo&lt;tedge_disconnect_c8y&gt;, exit status 0
11:13:42 INFO  Executed sudo&lt;create_cert_dir&gt;, exit status 0
11:13:42 INFO  Executed sudo&lt;change_owner_of_dir&gt;, exit status 0
11:13:43 INFO  Executed sudo&lt;set_cert_path&gt;, exit status 0
11:13:43 INFO  Executed sudo&lt;set_key_path&gt;, exit status 0
11:13:44 INFO  Executed sudo&lt;cert_create&gt;, exit status 0
11:13:45 INFO  Executed sudo&lt;cert_upload&gt;, exit status 0
11:14:00 INFO  Executed sudo&lt;tedge_connect_c8y&gt;, exit status 0, duration 14 secs
11:14:11 INFO  Executed sudo&lt;tedge_connect_c8y_test&gt;, exit status 0
11:14:11 INFO  Grep on file tedge_connect_c8y.out ... passed
11:14:11 WARN  Grep on tedge_connect_c8y_test.out contains &quot;successful&quot; ... failed [run.py:108]
11:14:11 INFO  
11:14:11 INFO  cleanup:
11:14:15 INFO  Executed sudo&lt;tedge_disconnect_c8y&gt;, exit status 0
11:14:15 INFO  Executed sudo&lt;unset_cert_path&gt;, exit status 0
11:14:16 INFO  Executed sudo&lt;unset_key_path&gt;, exit status 0
11:14:17 INFO  Executed sudo&lt;remove_cert_dir&gt;, exit status 0
11:14:17 INFO  
11:14:17 INFO  Test duration: 42.16 secs
11:14:17 INFO  Test final outcome:  FAILED
11:14:17 INFO  Test outcome reason: Grep on tedge_connect_c8y_test.out contains &quot;successful&quot;
11:14:17 INFO  
</system-out>
	</testcase>
</testsuite>
