<?xml version="1.0" encoding="utf-8"?>
<testsuite failures="1" name="call_tedge_-h_-V" skipped="0" tests="1" time="0.72" timestamp="2022-06-09T07:07:18">
	<testcase classname="PySysTest" name="call_tedge_-h_-V">
		<failure message="FAILED: Grep on tedge.out contains &quot;tedge 0.6&quot;" type="FAILED"/>
		<system-out>07:07:18 INFO  ==============================================================
07:07:18 INFO  Id:    call_tedge_-h_-V
07:07:18 INFO  Dir:   tedge/
07:07:18 INFO  Title: Validate command line option -h -V
07:07:18 INFO  ==============================================================
07:07:18 INFO  Executed tedge, exit status 0
07:07:18 WARN  Grep on tedge.out contains &quot;tedge 0.6&quot; ... failed [run.py:32]
07:07:18 INFO  Grep on file tedge.out ... passed
07:07:18 INFO  
07:07:18 INFO  Test duration: 0.72 secs
07:07:18 INFO  Test final outcome:  FAILED
07:07:18 INFO  Test outcome reason: Grep on tedge.out contains &quot;tedge 0.6&quot;
07:07:18 INFO  
</system-out>
	</testcase>
</testsuite>
