<?xml version="1.0" encoding="utf-8"?>
<testsuite failures="0" name="invalid_device_id" skipped="0" tests="1" time="4.47" timestamp="2022-05-24T10:42:22">
	<testcase classname="InvalidDeviceId" name="invalid_device_id"/>
</testsuite>
