<?xml version="1.0" encoding="utf-8"?>
<testsuite failures="0" name="apt_install" skipped="1" tests="1" time="0.02" timestamp="2022-07-21T09:58:08">
	<testcase classname="AptPluginInstallDense" name="apt_install">
		<skipped message="SKIPPED: Testing the apt plugin is not supported on this platform.To run the tests call PySys with -XmyPlatform='container'"/>
		<system-out>09:58:08 INFO  ==============================================================
09:58:08 INFO  Id:    apt_install
09:58:08 INFO  Dir:   plugin_apt/
09:58:08 INFO  Title: Validate apt plugin prepare - dense version
09:58:08 INFO  ==============================================================
09:58:08 INFO  Testing the apt plugin is not supported on this platform.To run the tests call PySys with -XmyPlatform='container' ... skipped
09:58:08 WARN  Aborted test due to SKIPPED outcome
09:58:08 INFO  
09:58:08 INFO  Test duration: 0.02 secs
09:58:08 INFO  Test final outcome:  SKIPPED
09:58:08 INFO  Test outcome reason: Testing the apt plugin is not supported on this platform.To run the tests call PySys with -XmyPlatform='container'
09:58:08 INFO  
</system-out>
	</testcase>
</testsuite>
