<?xml version="1.0" encoding="utf-8"?>
<testsuite failures="0" name="custom_init_system" skipped="0" tests="1" time="28.9" timestamp="2022-07-22T01:46:29">
	<testcase classname="CustomInitSystem" name="custom_init_system"/>
</testsuite>
