<?xml version="1.0" encoding="utf-8"?>
<testsuite failures="0" name="apt_fail_noarg" skipped="1" tests="1" time="0.08" timestamp="2022-07-18T13:59:03">
	<testcase classname="AptPluginFailNoArg" name="apt_fail_noarg">
		<skipped message="SKIPPED: Testing the apt plugin is not supported on this platform.To run the tests call PySys with -XmyPlatform='container'"/>
		<system-out>13:59:03 INFO  ==============================================================
13:59:03 INFO  Id:    apt_fail_noarg
13:59:03 INFO  Dir:   plugin_apt/
13:59:03 INFO  Title: Validate apt plugin fetures(prepare, list, install, remove finalize) without arguments
13:59:03 INFO  ==============================================================
13:59:03 INFO  Testing the apt plugin is not supported on this platform.To run the tests call PySys with -XmyPlatform='container' ... skipped
13:59:03 WARN  Aborted test due to SKIPPED outcome
13:59:03 INFO  
13:59:03 INFO  Test duration: 0.08 secs
13:59:03 INFO  Test final outcome:  SKIPPED
13:59:03 INFO  Test outcome reason: Testing the apt plugin is not supported on this platform.To run the tests call PySys with -XmyPlatform='container'
13:59:03 INFO  
</system-out>
	</testcase>
</testsuite>
