<?xml version="1.0" encoding="utf-8"?>
<testsuite failures="0" name="apt_wrong_option" skipped="1" tests="1" time="0.02" timestamp="2022-07-15T07:40:21">
	<testcase classname="AptPluginWrongOption" name="apt_wrong_option">
		<skipped message="SKIPPED: Testing the apt plugin is not supported on this platform.To run the tests call PySys with -XmyPlatform='container'"/>
		<system-out>07:40:21 INFO  ==============================================================
07:40:21 INFO  Id:    apt_wrong_option
07:40:21 INFO  Dir:   plugin_apt/
07:40:21 INFO  Title: Validate apt plugin install
07:40:21 INFO  ==============================================================
07:40:21 INFO  Testing the apt plugin is not supported on this platform.To run the tests call PySys with -XmyPlatform='container' ... skipped
07:40:21 WARN  Aborted test due to SKIPPED outcome
07:40:21 INFO  
07:40:21 INFO  Test duration: 0.02 secs
07:40:21 INFO  Test final outcome:  SKIPPED
07:40:21 INFO  Test outcome reason: Testing the apt plugin is not supported on this platform.To run the tests call PySys with -XmyPlatform='container'
07:40:21 INFO  
</system-out>
	</testcase>
</testsuite>
